2024-12-27 10:01:34,579 [ERROR] LogOutputStream:75 - [STDERR_REDIRECT] 
2024-12-27 11:25:57,559 [INFO] Activator:176 - 


2024-12-27 11:25:57,561 [INFO] Activator:177 - !SESSION log4j initialized
2024-12-27 11:26:01,842 [INFO] LogOutputStream:77 - [STDOUT_REDIRECT] 
2024-12-27 11:26:02,152 [ERROR] LogOutputStream:75 - [STDERR_REDIRECT] 
2024-12-27 11:26:05,058 [INFO] LogOutputStream:77 - [STDOUT_REDIRECT] 
2024-12-27 11:26:06,092 [ERROR] LogOutputStream:75 - [STDERR_REDIRECT] [Fatal Error] :2:10: DOCTYPE is disallowed when the feature "http://apache.org/xml/features/disallow-doctype-decl" set to true.
2024-12-27 11:26:06,093 [ERROR] LogOutputStream:75 - [STDERR_REDIRECT] 
2024-12-27 11:26:06,216 [INFO] ApplicationProperties:184 - Using Application install path: /Applications/STM32CubeIDE.app/Contents/Eclipse/plugins/com.st.stm32cube.common.mx_6.12.1.202409122256
2024-12-27 11:26:06,230 [INFO] DbMcusXml:78 - Set database path to: /Applications/STM32CubeIDE.app/Contents/Eclipse/plugins/com.st.stm32cube.common.mx_6.12.1.202409122256//db//mcu/
2024-12-27 11:26:06,230 [INFO] ApiDb:274 - Set plugin database path to: /Applications/STM32CubeIDE.app/Contents/Eclipse/plugins/com.st.stm32cube.common.mx_6.12.1.202409122256//db//plugins/boardmanager/
2024-12-27 11:26:06,231 [WARN] ApiDb:259 - Overriding images path with different value:  => /Applications/STM32CubeIDE.app/Contents/Eclipse/plugins/com.st.stm32cube.common.mx_6.12.1.202409122256//db//plugins/mcufinder/images/
2024-12-27 11:26:06,236 [INFO] ApiDb:250 - Set database path to: /Users/alessandro.nardinelli/.stmcufinder/plugins/mcufinder//mcu/
2024-12-27 11:26:06,237 [INFO] DbMcusAds:125 - Set database path to: /Users/alessandro.nardinelli/.stmcufinder/plugins/mcufinder//mcu/
2024-12-27 11:26:06,238 [INFO] CrossReferenceDbSqlite:203 - Set database path to: /Users/alessandro.nardinelli/.stmcufinder/plugins/mcufinder//mcu/cs/
2024-12-27 11:26:06,335 [INFO] RulesReader:64 - Compatibility file has been processed (297 Rules)
2024-12-27 11:26:06,406 [INFO] DbMcusXml:78 - Set database path to: /Applications/STM32CubeIDE.app/Contents/Eclipse/plugins/com.st.stm32cube.common.mx_6.12.1.202409122256//db//mcu/
2024-12-27 11:26:06,406 [INFO] ApiDb:274 - Set plugin database path to: /Applications/STM32CubeIDE.app/Contents/Eclipse/plugins/com.st.stm32cube.common.mx_6.12.1.202409122256//db//plugins/boardmanager/
2024-12-27 11:26:06,408 [INFO] ApiDb:261 - Set plugin images path to: /Applications/STM32CubeIDE.app/Contents/Eclipse/plugins/com.st.stm32cube.common.mx_6.12.1.202409122256//db//plugins/mcufinder/images/
2024-12-27 11:26:06,410 [WARN] DbFile:41 - Overriding database path with different value: /Users/alessandro.nardinelli/.stmcufinder/plugins/mcufinder/ => /Users/alessandro.nardinelli/.stmcufinder/plugins/mcufinder
2024-12-27 11:26:06,410 [INFO] ApiDb:250 - Set database path to: /Users/alessandro.nardinelli/.stmcufinder/plugins/mcufinder//mcu/
2024-12-27 11:26:06,410 [WARN] DbFile:41 - Overriding database path with different value: /Users/alessandro.nardinelli/.stmcufinder/plugins/mcufinder/ => /Users/alessandro.nardinelli/.stmcufinder/plugins/mcufinder
2024-12-27 11:26:06,410 [INFO] DbMcusAds:125 - Set database path to: /Users/alessandro.nardinelli/.stmcufinder/plugins/mcufinder//mcu/
2024-12-27 11:26:06,410 [WARN] DbFile:41 - Overriding database path with different value: /Users/alessandro.nardinelli/.stmcufinder/plugins/mcufinder/ => /Users/alessandro.nardinelli/.stmcufinder/plugins/mcufinder
2024-12-27 11:26:06,410 [WARN] DbFile:41 - Overriding database path with different value: /Users/alessandro.nardinelli/.stmcufinder/plugins/mcufinder/ => /Users/alessandro.nardinelli/.stmcufinder/plugins/mcufinder
2024-12-27 11:26:06,410 [INFO] CrossReferenceDbSqlite:203 - Set database path to: /Users/alessandro.nardinelli/.stmcufinder/plugins/mcufinder//mcu/cs/
2024-12-27 11:26:06,500 [INFO] MainPanel:268 - HeapMemory: 304087040
2024-12-27 11:26:06,983 [INFO] DbMcusXml:78 - Set database path to: /Applications/STM32CubeIDE.app/Contents/Eclipse/plugins/com.st.stm32cube.common.mx_6.12.1.202409122256//db//mcu/
2024-12-27 11:26:06,984 [INFO] ApiDb:274 - Set plugin database path to: /Applications/STM32CubeIDE.app/Contents/Eclipse/plugins/com.st.stm32cube.common.mx_6.12.1.202409122256//db//plugins/boardmanager/
2024-12-27 11:26:06,984 [INFO] ApiDb:261 - Set plugin images path to: /Applications/STM32CubeIDE.app/Contents/Eclipse/plugins/com.st.stm32cube.common.mx_6.12.1.202409122256//db//plugins/mcufinder/images/
2024-12-27 11:26:06,984 [WARN] DbFile:41 - Overriding database path with different value: /Users/alessandro.nardinelli/.stmcufinder/plugins/mcufinder/ => /Users/alessandro.nardinelli/.stmcufinder/plugins/mcufinder
2024-12-27 11:26:06,984 [INFO] ApiDb:250 - Set database path to: /Users/alessandro.nardinelli/.stmcufinder/plugins/mcufinder//mcu/
2024-12-27 11:26:06,984 [WARN] DbFile:41 - Overriding database path with different value: /Users/alessandro.nardinelli/.stmcufinder/plugins/mcufinder/ => /Users/alessandro.nardinelli/.stmcufinder/plugins/mcufinder
2024-12-27 11:26:06,984 [INFO] DbMcusAds:125 - Set database path to: /Users/alessandro.nardinelli/.stmcufinder/plugins/mcufinder//mcu/
2024-12-27 11:26:06,985 [WARN] DbFile:41 - Overriding database path with different value: /Users/alessandro.nardinelli/.stmcufinder/plugins/mcufinder/ => /Users/alessandro.nardinelli/.stmcufinder/plugins/mcufinder
2024-12-27 11:26:06,985 [WARN] DbFile:41 - Overriding database path with different value: /Users/alessandro.nardinelli/.stmcufinder/plugins/mcufinder/ => /Users/alessandro.nardinelli/.stmcufinder/plugins/mcufinder
2024-12-27 11:26:06,985 [INFO] CrossReferenceDbSqlite:203 - Set database path to: /Users/alessandro.nardinelli/.stmcufinder/plugins/mcufinder//mcu/cs/
2024-12-27 11:26:06,998 [INFO] ApplicationProperties:184 - Using Application install path: /Applications/STM32CubeIDE.app/Contents/Eclipse/plugins/com.st.stm32cube.common.mx_6.12.1.202409122256
2024-12-27 11:26:06,999 [INFO] PluginManage:196 - Search for loadable plugins [exclusion list=, ]
2024-12-27 11:26:07,000 [INFO] PluginManage:310 - Check plugin analytics
2024-12-27 11:26:07,164 [INFO] AnalyticsPlugin:253 - Accepted Software Licenses: 
2024-12-27 11:26:07,165 [INFO] AnalyticsPlugin:255 - Accepted CMSIS Pack Licenses: 
2024-12-27 11:26:07,165 [INFO] AnalyticsPlugin:257 - Accepted Firmware Licenses: 
2024-12-27 11:26:07,172 [INFO] PluginManage:359 - Loaded plugin analytics (category:tool,tabindex:-1)
2024-12-27 11:26:07,173 [INFO] PluginManage:310 - Check plugin cadmodel
2024-12-27 11:26:07,183 [INFO] CADModel:105 - Init CAD model plugin
2024-12-27 11:26:07,183 [INFO] PluginManage:359 - Loaded plugin cadmodel (category:power,tabindex:5)
2024-12-27 11:26:07,183 [INFO] PluginManage:310 - Check plugin clock
2024-12-27 11:26:07,189 [INFO] PluginManage:359 - Loaded plugin clock (category:base,tabindex:2)
2024-12-27 11:26:07,189 [INFO] PluginManage:310 - Check plugin ddr
2024-12-27 11:26:07,192 [INFO] PluginManage:359 - Loaded plugin ddr (category:tool,tabindex:6)
2024-12-27 11:26:07,192 [INFO] PluginManage:310 - Check plugin filemanager
2024-12-27 11:26:07,395 [INFO] PluginManage:359 - Loaded plugin filemanager (category:base,tabindex:10)
2024-12-27 11:26:07,396 [INFO] PluginManage:310 - Check plugin ipmanager
2024-12-27 11:26:07,405 [INFO] PluginManage:359 - Loaded plugin ipmanager (category:base,tabindex:5)
2024-12-27 11:26:07,405 [INFO] PluginManage:310 - Check plugin lpbam
2024-12-27 11:26:07,415 [INFO] PluginManage:359 - Loaded plugin lpbam (category:base,tabindex:0)
2024-12-27 11:26:07,415 [INFO] PluginManage:310 - Check plugin memorymap
2024-12-27 11:26:07,423 [INFO] PluginManage:359 - Loaded plugin memorymap (category:base,tabindex:4)
2024-12-27 11:26:07,423 [INFO] PluginManage:310 - Check plugin pinoutandconfiguration
2024-12-27 11:26:07,429 [INFO] PluginManage:359 - Loaded plugin pinoutandconfiguration (category:base,tabindex:1)
2024-12-27 11:26:07,429 [INFO] PluginManage:310 - Check plugin pinoutconfig
2024-12-27 11:26:07,494 [WARN] SupportedApi:132 - Cannot load RTOS API schema: s4s-elt-must-match.1: The content of 'definitions' must match (annotation?, (simpleType | complexType)?, (unique | key | keyref)*)). A problem was found starting at: attribute.
2024-12-27 11:26:07,611 [INFO] PluginManage:359 - Loaded plugin pinoutconfig (category:base,tabindex:0)
2024-12-27 11:26:07,612 [INFO] PluginManage:310 - Check plugin power
2024-12-27 11:26:07,622 [INFO] PluginManage:359 - Loaded plugin power (category:power,tabindex:4)
2024-12-27 11:26:07,623 [INFO] PluginManage:310 - Check plugin projectmanager
2024-12-27 11:26:07,644 [INFO] PluginManage:359 - Loaded plugin projectmanager (category:projectmanager,tabindex:4)
2024-12-27 11:26:07,645 [INFO] PluginManage:310 - Check plugin rif
2024-12-27 11:26:07,648 [INFO] PluginManage:359 - Loaded plugin rif (category:base,tabindex:3)
2024-12-27 11:26:07,648 [INFO] PluginManage:310 - Check plugin thirdparty
2024-12-27 11:26:07,764 [INFO] PluginManage:359 - Loaded plugin thirdparty (category:base,tabindex:-1)
2024-12-27 11:26:07,765 [INFO] PluginManage:310 - Check plugin tools
2024-12-27 11:26:07,764 [WARN] IntegrityCheckThread:84 - waiting for thirdparty lock release [integrity check]
2024-12-27 11:26:07,766 [INFO] IntegrityCheckThread:86 - entering critical section [integrity check]
2024-12-27 11:26:07,768 [INFO] ThirdPartyUpdaterWithRetryManager:70 - Updater plugin not ready yet. [1/15]
2024-12-27 11:26:07,769 [INFO] PluginManage:359 - Loaded plugin tools (category:base,tabindex:7)
2024-12-27 11:26:07,769 [INFO] PluginManage:310 - Check plugin tutovideos
2024-12-27 11:26:07,887 [INFO] PluginManage:359 - Loaded plugin tutovideos (category:base,tabindex:-1)
2024-12-27 11:26:07,887 [INFO] PluginManage:310 - Check plugin updater
2024-12-27 11:26:07,909 [INFO] PluginManage:359 - Loaded plugin updater (category:base,tabindex:12)
2024-12-27 11:26:07,909 [INFO] PluginManage:310 - Check plugin userauth
2024-12-27 11:26:07,914 [INFO] UserAuth:113 - Init User Auth plugin
2024-12-27 11:26:07,914 [INFO] PluginManage:359 - Loaded plugin userauth (category:base,tabindex:14)
2024-12-27 11:26:07,915 [INFO] PluginManage:283 - PluginManage : Loaded plugins [18]
2024-12-27 11:26:08,130 [INFO] PinOutPanel:1561 - setPackage(No Configuration,No Configuration)
2024-12-27 11:26:08,192 [INFO] CADModel:165 - CPN selected for project level
2024-12-27 11:26:08,193 [INFO] CADModel:114 - Register for checkConnection events
2024-12-27 11:26:08,203 [INFO] IPUIPlugin:80 - create IPUIPlugin
2024-12-27 11:26:08,204 [INFO] PluginManager:220 - loadIPPluginJar : add mdma
2024-12-27 11:26:08,211 [INFO] IPUIPlugin:80 - create IPUIPlugin
2024-12-27 11:26:08,211 [INFO] PluginManager:220 - loadIPPluginJar : add freertos
2024-12-27 11:26:08,214 [INFO] IPUIPlugin:80 - create IPUIPlugin
2024-12-27 11:26:08,214 [INFO] PluginManager:220 - loadIPPluginJar : add gic
2024-12-27 11:26:08,219 [INFO] IPUIPlugin:80 - create IPUIPlugin
2024-12-27 11:26:08,219 [INFO] PluginManager:220 - loadIPPluginJar : add adc
2024-12-27 11:26:08,220 [INFO] IPUIPlugin:80 - create IPUIPlugin
2024-12-27 11:26:08,220 [INFO] PluginManager:220 - loadIPPluginJar : add gtzc
2024-12-27 11:26:08,221 [INFO] IPUIPlugin:80 - create IPUIPlugin
2024-12-27 11:26:08,222 [INFO] PluginManager:220 - loadIPPluginJar : add quadspi
2024-12-27 11:26:08,223 [INFO] IPUIPlugin:80 - create IPUIPlugin
2024-12-27 11:26:08,223 [INFO] PluginManager:220 - loadIPPluginJar : add aes
2024-12-27 11:26:08,224 [INFO] IPUIPlugin:80 - create IPUIPlugin
2024-12-27 11:26:08,224 [INFO] PluginManager:220 - loadIPPluginJar : add pdm2pcm
2024-12-27 11:26:08,225 [INFO] IPUIPlugin:80 - create IPUIPlugin
2024-12-27 11:26:08,225 [INFO] PluginManager:220 - loadIPPluginJar : add hash
2024-12-27 11:26:08,226 [INFO] IPUIPlugin:80 - create IPUIPlugin
2024-12-27 11:26:08,226 [INFO] PluginManager:220 - loadIPPluginJar : add tim
2024-12-27 11:26:08,226 [INFO] IPUIPlugin:80 - create IPUIPlugin
2024-12-27 11:26:08,226 [INFO] PluginManager:220 - loadIPPluginJar : add tsc
2024-12-27 11:26:08,228 [INFO] IPUIPlugin:80 - create IPUIPlugin
2024-12-27 11:26:08,228 [INFO] PluginManager:220 - loadIPPluginJar : add extmemmanager
2024-12-27 11:26:08,228 [INFO] IPUIPlugin:80 - create IPUIPlugin
2024-12-27 11:26:08,229 [INFO] PluginManager:220 - loadIPPluginJar : add ts
2024-12-27 11:26:08,229 [INFO] IPUIPlugin:80 - create IPUIPlugin
2024-12-27 11:26:08,229 [INFO] PluginManager:220 - loadIPPluginJar : add radio
2024-12-27 11:26:08,230 [INFO] IPUIPlugin:80 - create IPUIPlugin
2024-12-27 11:26:08,230 [INFO] PluginManager:220 - loadIPPluginJar : add can
2024-12-27 11:26:08,231 [INFO] IPUIPlugin:80 - create IPUIPlugin
2024-12-27 11:26:08,231 [INFO] PluginManager:220 - loadIPPluginJar : add dma3
2024-12-27 11:26:08,232 [INFO] IPUIPlugin:80 - create IPUIPlugin
2024-12-27 11:26:08,232 [INFO] PluginManager:220 - loadIPPluginJar : add dfsdm
2024-12-27 11:26:08,233 [INFO] IPUIPlugin:80 - create IPUIPlugin
2024-12-27 11:26:08,233 [INFO] PluginManager:220 - loadIPPluginJar : add spi
2024-12-27 11:26:08,234 [INFO] IPUIPlugin:80 - create IPUIPlugin
2024-12-27 11:26:08,235 [INFO] PluginManager:220 - loadIPPluginJar : add gfxmmu
2024-12-27 11:26:08,235 [INFO] IPUIPlugin:80 - create IPUIPlugin
2024-12-27 11:26:08,236 [INFO] PluginManager:220 - loadIPPluginJar : add genericplugin
2024-12-27 11:26:08,237 [INFO] IPUIPlugin:80 - create IPUIPlugin
2024-12-27 11:26:08,237 [INFO] PluginManager:220 - loadIPPluginJar : add cryp
2024-12-27 11:26:08,239 [INFO] IPUIPlugin:80 - create IPUIPlugin
2024-12-27 11:26:08,239 [INFO] PluginManager:220 - loadIPPluginJar : add gpio
2024-12-27 11:26:08,240 [INFO] IPUIPlugin:80 - create IPUIPlugin
2024-12-27 11:26:08,240 [INFO] PluginManager:220 - loadIPPluginJar : add ddr_ctrl_phy
2024-12-27 11:26:08,241 [INFO] IPUIPlugin:80 - create IPUIPlugin
2024-12-27 11:26:08,241 [INFO] PluginManager:220 - loadIPPluginJar : add comp
2024-12-27 11:26:08,242 [INFO] IPUIPlugin:80 - create IPUIPlugin
2024-12-27 11:26:08,242 [INFO] PluginManager:220 - loadIPPluginJar : add tracer_emb
2024-12-27 11:26:08,243 [INFO] IPUIPlugin:80 - create IPUIPlugin
2024-12-27 11:26:08,243 [INFO] PluginManager:220 - loadIPPluginJar : add openamp
2024-12-27 11:26:08,246 [INFO] IPUIPlugin:80 - create IPUIPlugin
2024-12-27 11:26:08,246 [INFO] PluginManager:220 - loadIPPluginJar : add stm32_wpan
2024-12-27 11:26:08,249 [INFO] IPUIPlugin:80 - create IPUIPlugin
2024-12-27 11:26:08,252 [INFO] PluginManager:220 - loadIPPluginJar : add plateformsettings
2024-12-27 11:26:08,254 [INFO] IPUIPlugin:80 - create IPUIPlugin
2024-12-27 11:26:08,254 [INFO] PluginManager:220 - loadIPPluginJar : add ipddr
2024-12-27 11:26:08,255 [INFO] IPUIPlugin:80 - create IPUIPlugin
2024-12-27 11:26:08,255 [INFO] PluginManager:220 - loadIPPluginJar : add usart
2024-12-27 11:26:08,256 [INFO] IPUIPlugin:80 - create IPUIPlugin
2024-12-27 11:26:08,256 [INFO] PluginManager:220 - loadIPPluginJar : add ltdc
2024-12-27 11:26:08,257 [INFO] IPUIPlugin:80 - create IPUIPlugin
2024-12-27 11:26:08,257 [INFO] PluginManager:220 - loadIPPluginJar : add nvic
2024-12-27 11:26:08,258 [INFO] IPUIPlugin:80 - create IPUIPlugin
2024-12-27 11:26:08,258 [INFO] PluginManager:220 - loadIPPluginJar : add fatfs
2024-12-27 11:26:08,261 [INFO] IPUIPlugin:80 - create IPUIPlugin
2024-12-27 11:26:08,261 [INFO] PluginManager:220 - loadIPPluginJar : add linkedlist
2024-12-27 11:26:08,264 [INFO] IPUIPlugin:80 - create IPUIPlugin
2024-12-27 11:26:08,264 [INFO] PluginManager:220 - loadIPPluginJar : add dma
2024-12-27 11:26:08,265 [INFO] IPUIPlugin:80 - create IPUIPlugin
2024-12-27 11:26:08,265 [INFO] PluginManager:220 - loadIPPluginJar : add fmc
2024-12-27 11:26:08,266 [INFO] IPUIPlugin:80 - create IPUIPlugin
2024-12-27 11:26:08,266 [INFO] PluginManager:220 - loadIPPluginJar : add i2s
2024-12-27 11:26:08,267 [INFO] IPUIPlugin:80 - create IPUIPlugin
2024-12-27 11:26:08,267 [INFO] PluginManager:220 - loadIPPluginJar : add ucpd
2024-12-27 11:26:08,268 [INFO] IPUIPlugin:80 - create IPUIPlugin
2024-12-27 11:26:08,268 [INFO] PluginManager:220 - loadIPPluginJar : add lorawan
2024-12-27 11:26:08,269 [INFO] IPUIPlugin:80 - create IPUIPlugin
2024-12-27 11:26:08,269 [INFO] PluginManager:220 - loadIPPluginJar : add opamp
2024-12-27 11:26:08,270 [INFO] IPUIPlugin:80 - create IPUIPlugin
2024-12-27 11:26:08,271 [INFO] PluginManager:220 - loadIPPluginJar : add i3c
2024-12-27 11:26:08,272 [INFO] IPUIPlugin:80 - create IPUIPlugin
2024-12-27 11:26:08,273 [INFO] PluginManager:220 - loadIPPluginJar : add touchsensing
2024-12-27 11:26:08,274 [INFO] IPUIPlugin:80 - create IPUIPlugin
2024-12-27 11:26:08,274 [INFO] PluginManager:220 - loadIPPluginJar : add i2c
2024-12-27 11:26:08,275 [INFO] IPUIPlugin:80 - create IPUIPlugin
2024-12-27 11:26:08,275 [INFO] PluginManager:220 - loadIPPluginJar : add resmgrutility
2024-12-27 11:26:08,276 [INFO] IPUIPlugin:80 - create IPUIPlugin
2024-12-27 11:26:08,276 [INFO] PluginManager:220 - loadIPPluginJar : add sai
2024-12-27 11:26:08,277 [INFO] IPUIPlugin:80 - create IPUIPlugin
2024-12-27 11:26:08,277 [INFO] PluginManager:220 - loadIPPluginJar : add usbx
2024-12-27 11:26:08,392 [INFO] CADModel:165 - CPN selected for project level
2024-12-27 11:26:08,394 [INFO] CADModel:114 - Register for checkConnection events
2024-12-27 11:26:08,394 [FATAL] Updater:334 - Updater called before beeing initialized
2024-12-27 11:26:08,394 [ERROR] CADModel:125 - Updater not yet initialized, retry later 
2024-12-27 11:26:08,586 [INFO] CADModel:165 - CPN selected for project level
2024-12-27 11:26:08,587 [INFO] CADModel:114 - Register for checkConnection events
2024-12-27 11:26:08,588 [FATAL] Updater:334 - Updater called before beeing initialized
2024-12-27 11:26:08,588 [ERROR] CADModel:125 - Updater not yet initialized, retry later 
2024-12-27 11:26:08,591 [FATAL] Updater:334 - Updater called before beeing initialized
2024-12-27 11:26:08,716 [FATAL] Updater:334 - Updater called before beeing initialized
2024-12-27 11:26:08,720 [INFO] DbMcusAds:53 - JSON generation date=Tue Dec 17 13:01:15 BRT 2024 (1734451275222)
2024-12-27 11:26:08,721 [FATAL] Updater:334 - Updater called before beeing initialized
2024-12-27 11:26:08,824 [WARN] DetailPanel:346 - Failed to get advertising image, set to default
2024-12-27 11:26:08,907 [FATAL] Updater:334 - Updater called before beeing initialized
2024-12-27 11:26:08,911 [FATAL] Updater:334 - Updater called before beeing initialized
2024-12-27 11:26:08,912 [FATAL] Updater:334 - Updater called before beeing initialized
2024-12-27 11:26:08,912 [WARN] DetailPanel:346 - Failed to get advertising image, set to default
2024-12-27 11:26:08,913 [FATAL] Updater:334 - Updater called before beeing initialized
2024-12-27 11:26:08,997 [ERROR] Updater:1164 - MainUpdater not yet initialized. External WinMGr cannot be set.
2024-12-27 11:26:09,001 [INFO] Updater:1100 - Updater Version found : 6.12.1
2024-12-27 11:26:09,012 [INFO] ApplicationProperties:184 - Using Application install path: /Applications/STM32CubeIDE.app/Contents/Eclipse/plugins/com.st.stm32cube.common.mx_6.12.1.202409122256
2024-12-27 11:26:09,807 [INFO] MainUpdater:2873 - connection check result : 10
2024-12-27 11:26:09,809 [INFO] MainUpdater:290 - Updater Check For Update Now.
2024-12-27 11:26:09,809 [INFO] MicroXplorer:498 - Change Database Version : DB.6.0.121
2024-12-27 11:26:09,825 [INFO] McuFinderGlobals:63 - Set McuFinder mode to 2 (CubeIDE integrated)
2024-12-27 11:26:09,827 [INFO] UserAuth:417 - Internet connection configuration mode: 1
2024-12-27 11:26:09,841 [INFO] JxBrowserEngine:152 - Initiate JxBrowser Engine with user profile folder
2024-12-27 11:26:10,092 [INFO] CheckServerUpdateThread:120 - End of CheckServer Thread
2024-12-27 11:26:10,926 [WARN] PackLoader:240 - Cannot read IP mode file for STMicroelectronics.FP-SNS-MOTENVWB1.1.4.0
2024-12-27 11:26:10,945 [WARN] PackLoader:240 - Cannot read IP mode file for STMicroelectronics.FP-ATR-ASTRA1.2.0.1
2024-12-27 11:26:10,957 [WARN] PackLoader:240 - Cannot read IP mode file for STMicroelectronics.X-CUBE-SMBUS.2.1.0
2024-12-27 11:26:11,009 [WARN] PackLoader:240 - Cannot read IP mode file for STMicroelectronics.X-CUBE-WB05N.1.1.0
2024-12-27 11:26:11,064 [WARN] PackLoader:240 - Cannot read IP mode file for STMicroelectronics.X-CUBE-AZRTOS-F7.1.1.0
2024-12-27 11:26:11,228 [WARN] PackLoader:240 - Cannot read IP mode file for STMicroelectronics.X-CUBE-MEMS1.11.0.0
2024-12-27 11:26:11,430 [WARN] PackLoader:240 - Cannot read IP mode file for STMicroelectronics.FP-SNS-FLIGHT1.5.0.2
2024-12-27 11:26:11,452 [WARN] PackLoader:240 - Cannot read IP mode file for STMicroelectronics.X-CUBE-DISPLAY.3.0.0
2024-12-27 11:26:11,466 [WARN] PackLoader:240 - Cannot read IP mode file for STMicroelectronics.X-CUBE-BLE1.7.0.0
2024-12-27 11:26:11,490 [WARN] PackLoader:240 - Cannot read IP mode file for STMicroelectronics.X-CUBE-NFC10.1.0.0
2024-12-27 11:26:11,510 [WARN] PackLoader:240 - Cannot read IP mode file for STMicroelectronics.X-CUBE-BLEMGR.4.0.0
2024-12-27 11:26:11,523 [WARN] PackLoader:240 - Cannot read IP mode file for emotas.I-CUBE-CANOPEN.1.3.0
2024-12-27 11:26:11,534 [WARN] PackLoader:240 - Cannot read IP mode file for STMicroelectronics.X-CUBE-BLEMGR.3.1.0
2024-12-27 11:26:11,545 [WARN] PackLoader:240 - Cannot read IP mode file for STMicroelectronics.FP-SNS-SMARTAG2.1.2.0
2024-12-27 11:26:11,609 [WARN] PackLoader:240 - Cannot read IP mode file for STMicroelectronics.X-CUBE-MEMS1.11.1.0
2024-12-27 11:26:11,784 [INFO] LogOutputStream:77 - [STDOUT_REDIRECT] 1 : Invalid condition id : UX_CORESTACK_Condition cause : null
2024-12-27 11:26:11,786 [INFO] LogOutputStream:77 - [STDOUT_REDIRECT] 1 : Invalid condition id : UX_CORESTACK_Condition cause : null
2024-12-27 11:26:11,787 [INFO] LogOutputStream:77 - [STDOUT_REDIRECT] 1 : Invalid condition id : UX_CORESTACK_Condition cause : null
2024-12-27 11:26:11,787 [INFO] LogOutputStream:77 - [STDOUT_REDIRECT] 1 : Invalid condition id : UX_CORESTACK_Condition cause : null
2024-12-27 11:26:11,787 [INFO] LogOutputStream:77 - [STDOUT_REDIRECT] 1 : Invalid condition id : UX_CORESTACK_Condition cause : null
2024-12-27 11:26:11,792 [WARN] PackLoader:240 - Cannot read IP mode file for STMicroelectronics.X-CUBE-AZRTOS-WL.2.0.0
2024-12-27 11:26:11,800 [WARN] PackLoader:240 - Cannot read IP mode file for STMicroelectronics.FP-SNS-MOTENV1.5.0.0
2024-12-27 11:26:11,812 [WARN] PackLoader:240 - Cannot read IP mode file for wolfSSL.I-CUBE-wolfMQTT.1.19.0
2024-12-27 11:26:11,823 [WARN] PackLoader:240 - Cannot read IP mode file for WES.I-CUBE-Cesium.1.3.0
2024-12-27 11:26:11,827 [WARN] PackLoader:240 - Cannot read IP mode file for STMicroelectronics.X-CUBE-BLE2.3.3.0
2024-12-27 11:26:11,833 [WARN] PackLoader:240 - Cannot read IP mode file for STMicroelectronics.X-CUBE-NFC9.1.0.0
2024-12-27 11:26:11,843 [WARN] PackLoader:240 - Cannot read IP mode file for STMicroelectronics.X-CUBE-TCPP.4.1.0
2024-12-27 11:26:11,859 [WARN] PackLoader:240 - Cannot read IP mode file for STMicroelectronics.X-CUBE-AZRTOS-G0.1.1.0
2024-12-27 11:26:11,866 [WARN] PackLoader:240 - Cannot read IP mode file for STMicroelectronics.X-CUBE-SAFEA1.1.2.2
2024-12-27 11:26:11,872 [WARN] PackLoader:240 - Cannot read IP mode file for STMicroelectronics.X-CUBE-NFC4.3.0.0
2024-12-27 11:26:11,884 [WARN] PackLoader:240 - Cannot read IP mode file for EmbeddedOffice.I-CUBE-FS-RTOS.1.0.1
2024-12-27 11:26:11,884 [ERROR] ConditionMgr:805 - Attr not supported : Dmpu
2024-12-27 11:26:11,886 [ERROR] ConditionMgr:805 - Attr not supported : Dmpu
2024-12-27 11:26:11,887 [ERROR] ConditionMgr:805 - Attr not supported : Dmpu
2024-12-27 11:26:11,887 [ERROR] ConditionMgr:805 - Attr not supported : Dmpu
2024-12-27 11:26:11,887 [ERROR] ConditionMgr:805 - Attr not supported : Dmpu
2024-12-27 11:26:11,887 [ERROR] ConditionMgr:805 - Attr not supported : Dmpu
2024-12-27 11:26:11,887 [ERROR] ConditionMgr:805 - Attr not supported : Dmpu
2024-12-27 11:26:11,887 [ERROR] ConditionMgr:805 - Attr not supported : Dmpu
2024-12-27 11:26:11,887 [ERROR] ConditionMgr:805 - Attr not supported : Dmpu
2024-12-27 11:26:11,887 [ERROR] ConditionMgr:805 - Attr not supported : Dmpu
2024-12-27 11:26:11,887 [ERROR] ConditionMgr:805 - Attr not supported : Dmpu
2024-12-27 11:26:11,887 [ERROR] ConditionMgr:805 - Attr not supported : Dmpu
2024-12-27 11:26:11,887 [ERROR] ConditionMgr:805 - Attr not supported : Dmpu
2024-12-27 11:26:11,887 [ERROR] ConditionMgr:805 - Attr not supported : Dmpu
2024-12-27 11:26:11,888 [ERROR] ConditionMgr:805 - Attr not supported : Dmpu
2024-12-27 11:26:11,888 [ERROR] ConditionMgr:805 - Attr not supported : Dmpu
2024-12-27 11:26:11,888 [ERROR] ConditionMgr:805 - Attr not supported : Dmpu
2024-12-27 11:26:11,888 [ERROR] ConditionMgr:805 - Attr not supported : Dmpu
2024-12-27 11:26:11,888 [ERROR] ConditionMgr:805 - Attr not supported : Dmpu
2024-12-27 11:26:11,888 [ERROR] ConditionMgr:805 - Attr not supported : Dmpu
2024-12-27 11:26:11,888 [ERROR] ConditionMgr:805 - Attr not supported : Dmpu
2024-12-27 11:26:11,888 [ERROR] ConditionMgr:805 - Attr not supported : Dmpu
2024-12-27 11:26:11,888 [ERROR] ConditionMgr:805 - Attr not supported : Dmpu
2024-12-27 11:26:11,888 [ERROR] ConditionMgr:805 - Attr not supported : Dmpu
2024-12-27 11:26:11,888 [ERROR] ConditionMgr:805 - Attr not supported : Dmpu
2024-12-27 11:26:11,888 [ERROR] ConditionMgr:805 - Attr not supported : Dmpu
2024-12-27 11:26:11,888 [ERROR] ConditionMgr:805 - Attr not supported : Dmpu
2024-12-27 11:26:11,889 [ERROR] ConditionMgr:805 - Attr not supported : Dmpu
2024-12-27 11:26:11,889 [ERROR] ConditionMgr:805 - Attr not supported : Dmpu
2024-12-27 11:26:11,889 [ERROR] ConditionMgr:805 - Attr not supported : Dmpu
2024-12-27 11:26:11,889 [ERROR] ConditionMgr:805 - Attr not supported : Dmpu
2024-12-27 11:26:11,889 [ERROR] ConditionMgr:805 - Attr not supported : Dmpu
2024-12-27 11:26:11,889 [ERROR] ConditionMgr:805 - Attr not supported : Dmpu
2024-12-27 11:26:11,889 [ERROR] ConditionMgr:805 - Attr not supported : Dmpu
2024-12-27 11:26:11,889 [ERROR] ConditionMgr:805 - Attr not supported : Dmpu
2024-12-27 11:26:11,889 [ERROR] ConditionMgr:805 - Attr not supported : Dmpu
2024-12-27 11:26:11,890 [ERROR] ConditionMgr:805 - Attr not supported : Dmpu
2024-12-27 11:26:11,891 [ERROR] ConditionMgr:805 - Attr not supported : Dmpu
2024-12-27 11:26:11,894 [ERROR] ConditionMgr:805 - Attr not supported : Dmpu
2024-12-27 11:26:11,897 [ERROR] ConditionMgr:805 - Attr not supported : Dmpu
2024-12-27 11:26:11,899 [ERROR] ConditionMgr:805 - Attr not supported : Dmpu
2024-12-27 11:26:11,900 [ERROR] ConditionMgr:805 - Attr not supported : Dmpu
2024-12-27 11:26:11,900 [ERROR] ConditionMgr:805 - Attr not supported : Dmpu
2024-12-27 11:26:11,901 [ERROR] ConditionMgr:805 - Attr not supported : Dmpu
2024-12-27 11:26:11,901 [ERROR] ConditionMgr:805 - Attr not supported : Dmpu
2024-12-27 11:26:11,901 [ERROR] ConditionMgr:805 - Attr not supported : Dmpu
2024-12-27 11:26:11,902 [ERROR] ConditionMgr:805 - Attr not supported : Dmpu
2024-12-27 11:26:11,902 [ERROR] ConditionMgr:805 - Attr not supported : Dmpu
2024-12-27 11:26:11,902 [ERROR] ConditionMgr:805 - Attr not supported : Dmpu
2024-12-27 11:26:11,902 [ERROR] ConditionMgr:805 - Attr not supported : Dmpu
2024-12-27 11:26:11,902 [ERROR] ConditionMgr:805 - Attr not supported : Dmpu
2024-12-27 11:26:11,902 [ERROR] ConditionMgr:805 - Attr not supported : Dmpu
2024-12-27 11:26:11,902 [ERROR] ConditionMgr:805 - Attr not supported : Dmpu
2024-12-27 11:26:11,902 [ERROR] ConditionMgr:805 - Attr not supported : Dmpu
2024-12-27 11:26:11,902 [ERROR] ConditionMgr:805 - Attr not supported : Dmpu
2024-12-27 11:26:11,902 [ERROR] ConditionMgr:805 - Attr not supported : Dmpu
2024-12-27 11:26:11,902 [ERROR] ConditionMgr:805 - Attr not supported : Dmpu
2024-12-27 11:26:11,902 [ERROR] ConditionMgr:805 - Attr not supported : Dmpu
2024-12-27 11:26:11,902 [ERROR] ConditionMgr:805 - Attr not supported : Dmpu
2024-12-27 11:26:11,902 [ERROR] ConditionMgr:805 - Attr not supported : Dmpu
2024-12-27 11:26:11,902 [ERROR] ConditionMgr:805 - Attr not supported : Dmpu
2024-12-27 11:26:11,902 [ERROR] ConditionMgr:805 - Attr not supported : Dmpu
2024-12-27 11:26:11,902 [ERROR] ConditionMgr:805 - Attr not supported : Dmpu
2024-12-27 11:26:11,902 [ERROR] ConditionMgr:805 - Attr not supported : Dmpu
2024-12-27 11:26:11,910 [ERROR] Engine:466 - /Users/alessandro.nardinelli/.stm32cubemx/thirdparties/pdsc/STMicroelectronics.X-CUBE-TCPP.4.2.0.pdsc: PDSC version is not supported
2024-12-27 11:26:11,912 [WARN] PackLoader:240 - Cannot read IP mode file for RealThread.X-CUBE-RT-Thread_Nano.4.1.1
2024-12-27 11:26:11,916 [WARN] PackLoader:240 - Cannot read IP mode file for STMicroelectronics.FP-ATR-SIGFOX1.3.2.0
2024-12-27 11:26:11,925 [WARN] ConditionMgr:438 - getConditionDescription Invalid condition id : Cortex-A Device cause : null
2024-12-27 11:26:11,939 [WARN] ConditionMgr:1039 - genDependencies : Invalid condition id : Cortex-A Device cause : null
2024-12-27 11:26:11,939 [WARN] ConditionMgr:1039 - genDependencies : Invalid condition id : Cortex-A Device cause : null
2024-12-27 11:26:11,939 [WARN] ConditionMgr:1039 - genDependencies : Invalid condition id : Cortex-A Device cause : null
2024-12-27 11:26:11,946 [WARN] PackLoader:240 - Cannot read IP mode file for STMicroelectronics.X-CUBE-EEPRMA1.5.1.0
2024-12-27 11:26:11,951 [WARN] PackLoader:240 - Cannot read IP mode file for wolfSSL.I-CUBE-wolfSSL.5.7.4
2024-12-27 11:26:11,958 [WARN] PackLoader:240 - Cannot read IP mode file for ITTIA_DB.I-CUBE-ITTIADB.8.9.0
2024-12-27 11:26:12,005 [WARN] PackLoader:240 - Cannot read IP mode file for SEGGER.I-CUBE-embOS.1.3.1
2024-12-27 11:26:12,064 [WARN] PackLoader:240 - Cannot read IP mode file for STMicroelectronics.X-CUBE-ALGOBUILD.1.4.0
2024-12-27 11:26:12,071 [WARN] PackLoader:240 - Cannot read IP mode file for STMicroelectronics.X-CUBE-AI.9.1.0
2024-12-27 11:26:12,088 [WARN] PackLoader:240 - Cannot read IP mode file for STMicroelectronics.X-CUBE-AZRTOS-F4.1.1.0
2024-12-27 11:26:12,094 [WARN] PackLoader:240 - Cannot read IP mode file for STMicroelectronics.X-CUBE-ISPU.2.1.0
2024-12-27 11:26:12,103 [WARN] PackLoader:240 - Cannot read IP mode file for STMicroelectronics.X-CUBE-FREERTOS.1.2.0
2024-12-27 11:26:12,120 [WARN] PackLoader:240 - Cannot read IP mode file for STMicroelectronics.X-CUBE-AZRTOS-L5.2.0.0
2024-12-27 11:26:12,131 [WARN] PackLoader:240 - Cannot read IP mode file for STMicroelectronics.X-CUBE-NFC6.3.1.0
2024-12-27 11:26:12,138 [WARN] PackLoader:240 - Cannot read IP mode file for STMicroelectronics.X-CUBE-DPower.1.2.0
2024-12-27 11:26:12,144 [WARN] PackLoader:240 - Cannot read IP mode file for STMicroelectronics.X-CUBE-FREERTOS.1.3.0
2024-12-27 11:26:12,148 [WARN] PackLoader:240 - Cannot read IP mode file for STMicroelectronics.X-CUBE-NFC7.1.0.1
2024-12-27 11:26:12,165 [WARN] ConditionMgr:438 - getConditionDescription Invalid condition id : LAN8742 Phy interface Condition cause : null
2024-12-27 11:26:12,165 [WARN] PackLoader:240 - Cannot read IP mode file for STMicroelectronics.X-CUBE-AZRTOS-L4.2.0.0
2024-12-27 11:26:12,167 [WARN] ConditionMgr:1039 - genDependencies : Invalid condition id : LAN8742 Phy interface Condition cause : null
2024-12-27 11:26:12,168 [WARN] ConditionMgr:1039 - genDependencies : Invalid condition id : LAN8742 Phy interface Condition cause : null
2024-12-27 11:26:12,168 [WARN] ConditionMgr:1039 - genDependencies : Invalid condition id : LAN8742 Phy interface Condition cause : null
2024-12-27 11:26:12,176 [WARN] PackLoader:240 - Cannot read IP mode file for STMicroelectronics.X-CUBE-SFXS2LP1.4.0.0
2024-12-27 11:26:12,197 [WARN] PackLoader:240 - Cannot read IP mode file for STMicroelectronics.X-CUBE-AZRTOS-H7.3.3.0
2024-12-27 11:26:12,210 [WARN] PackLoader:240 - Cannot read IP mode file for STMicroelectronics.X-CUBE-IPS.3.0.0
2024-12-27 11:26:12,222 [WARN] ConditionMgr:438 - getConditionDescription Invalid condition id : UX DEVICE CLASS RTOS Condition cause : null
2024-12-27 11:26:12,223 [WARN] ConditionMgr:438 - getConditionDescription Invalid condition id : UX DEVICE CLASS RTOS Condition cause : null
2024-12-27 11:26:12,226 [WARN] PackLoader:240 - Cannot read IP mode file for STMicroelectronics.X-CUBE-AZRTOS-WB.2.0.0
2024-12-27 11:26:12,227 [WARN] ConditionMgr:1039 - genDependencies : Invalid condition id : UX DEVICE CLASS RTOS Condition cause : null
2024-12-27 11:26:12,227 [WARN] ConditionMgr:1039 - genDependencies : Invalid condition id : UX DEVICE CLASS RTOS Condition cause : null
2024-12-27 11:26:12,227 [WARN] ConditionMgr:1039 - genDependencies : Invalid condition id : UX DEVICE CLASS RTOS Condition cause : null
2024-12-27 11:26:12,228 [WARN] ConditionMgr:1039 - genDependencies : Invalid condition id : UX DEVICE CLASS RTOS Condition cause : null
2024-12-27 11:26:12,228 [WARN] ConditionMgr:1039 - genDependencies : Invalid condition id : UX DEVICE CLASS RTOS Condition cause : null
2024-12-27 11:26:12,234 [WARN] PackLoader:240 - Cannot read IP mode file for STMicroelectronics.X-CUBE-GNSS1.7.0.0
2024-12-27 11:26:12,239 [WARN] PackLoader:240 - Cannot read IP mode file for STMicroelectronics.X-CUBE-GNSS1.7.0.1
2024-12-27 11:26:12,245 [WARN] PackLoader:240 - Cannot read IP mode file for STMicroelectronics.FP-SNS-STBOX1.2.0.0
2024-12-27 11:26:12,263 [WARN] PackLoader:240 - Cannot read IP mode file for STMicroelectronics.X-CUBE-SUBG2.5.0.0
2024-12-27 11:26:12,280 [WARN] PackLoader:240 - Cannot read IP mode file for Cesanta.I-CUBE-Mongoose.7.13.0
2024-12-27 11:26:12,293 [WARN] PackLoader:240 - Cannot read IP mode file for STMicroelectronics.X-CUBE-AZRTOS-G4.2.0.0
2024-12-27 11:26:12,303 [WARN] PackLoader:240 - Cannot read IP mode file for STMicroelectronics.X-CUBE-ALS.1.0.2
2024-12-27 11:26:12,309 [WARN] PackLoader:240 - Cannot read IP mode file for STMicroelectronics.X-CUBE-TOUCHGFX.4.24.1
2024-12-27 11:26:12,312 [WARN] PackLoader:240 - Cannot read IP mode file for wolfSSL.I-CUBE-wolfTPM.3.4.0
2024-12-27 11:26:12,315 [WARN] PackLoader:240 - Cannot read IP mode file for portGmbH.I-Cube-SoM-uGOAL.1.1.0
2024-12-27 11:26:12,334 [WARN] PackLoader:240 - Cannot read IP mode file for STMicroelectronics.X-CUBE-AZRTOS-H7RS.1.0.0
2024-12-27 11:26:12,348 [WARN] PackLoader:240 - Cannot read IP mode file for STMicroelectronics.X-CUBE-TOF1.3.4.2
2024-12-27 11:26:12,387 [WARN] PackLoader:240 - Cannot read IP mode file for Infineon.AIROC-Wi-Fi-Bluetooth-STM32.1.6.1
2024-12-27 11:26:12,398 [WARN] PackLoader:240 - Cannot read IP mode file for wolfSSL.I-CUBE-wolfSSH.1.4.17
2024-12-27 11:26:12,399 [INFO] ThirdParty:978 - Integrity check success = true
2024-12-27 11:26:12,399 [INFO] IntegrityCheckThread:100 - exiting critical section [integrity check]
2024-12-27 11:26:12,399 [INFO] IntegrityCheckThread:103 - End integrity checks thread
2024-12-27 11:26:15,564 [INFO] WebApp:167 - Instantiating new browser for Auth
2024-12-27 11:26:17,215 [INFO] WebApp:448 - Apply proxy settings
2024-12-27 11:26:17,242 [INFO] WebApp:493 - Chromium authenticates against Manually configured proxy
2024-12-27 11:26:17,262 [INFO] WebApp:501 - Username used for proxy authentication: 
2024-12-27 11:26:17,320 [INFO] WebApp:869 - Register for checkConnection events
2024-12-27 11:26:17,320 [INFO] WebApp:448 - Apply proxy settings
2024-12-27 11:26:17,322 [INFO] WebApp:493 - Chromium authenticates against Manually configured proxy
2024-12-27 11:26:17,322 [INFO] WebApp:501 - Username used for proxy authentication: 
2024-12-27 11:26:17,439 [INFO] WebApp:220 - Starting web application
2024-12-27 11:26:17,439 [INFO] WebApp:578 - Web application path used /Applications/STM32CubeIDE.app/Contents/Eclipse/plugins/com.st.stm32cube.common.mx_6.12.1.202409122256/db/plugins/mcufinder/reactClient1/index.html
2024-12-27 11:26:17,857 [INFO] UserAuth:417 - Internet connection configuration mode: 1
2024-12-27 11:26:18,281 [INFO] WebApp:186 - Connection restablished
2024-12-27 11:33:48,271 [INFO] Activator:176 - 


2024-12-27 11:33:48,273 [INFO] Activator:177 - !SESSION log4j initialized
2024-12-27 11:33:53,108 [INFO] LogOutputStream:77 - [STDOUT_REDIRECT] 
2024-12-27 11:33:56,364 [ERROR] LogOutputStream:75 - [STDERR_REDIRECT] 
2024-12-27 11:33:58,676 [ERROR] LogOutputStream:75 - [STDERR_REDIRECT] [Fatal Error] :2:10: DOCTYPE is disallowed when the feature "http://apache.org/xml/features/disallow-doctype-decl" set to true.
2024-12-27 11:33:58,678 [ERROR] LogOutputStream:75 - [STDERR_REDIRECT] 
2024-12-27 11:34:00,371 [INFO] LogOutputStream:77 - [STDOUT_REDIRECT] 
2024-12-27 11:34:01,073 [INFO] ApplicationProperties:184 - Using Application install path: /Applications/STM32CubeIDE.app/Contents/Eclipse/plugins/com.st.stm32cube.common.mx_6.13.0.202411220809
2024-12-27 11:34:01,085 [INFO] DbMcusXml:78 - Set database path to: /Applications/STM32CubeIDE.app/Contents/Eclipse/plugins/com.st.stm32cube.common.mx_6.13.0.202411220809//db//mcu/
2024-12-27 11:34:01,085 [INFO] ApiDb:274 - Set plugin database path to: /Applications/STM32CubeIDE.app/Contents/Eclipse/plugins/com.st.stm32cube.common.mx_6.13.0.202411220809//db//plugins/boardmanager/
2024-12-27 11:34:01,085 [WARN] ApiDb:259 - Overriding images path with different value:  => /Applications/STM32CubeIDE.app/Contents/Eclipse/plugins/com.st.stm32cube.common.mx_6.13.0.202411220809//db//plugins/mcufinder/images/
2024-12-27 11:34:01,090 [INFO] ApiDb:250 - Set database path to: /Users/alessandro.nardinelli/.stmcufinder/plugins/mcufinder//mcu/
2024-12-27 11:34:01,091 [INFO] DbMcusAds:125 - Set database path to: /Users/alessandro.nardinelli/.stmcufinder/plugins/mcufinder//mcu/
2024-12-27 11:34:01,092 [INFO] CrossReferenceDbSqlite:203 - Set database path to: /Users/alessandro.nardinelli/.stmcufinder/plugins/mcufinder//mcu/cs/
2024-12-27 11:34:01,202 [INFO] RulesReader:64 - Compatibility file has been processed (297 Rules)
2024-12-27 11:34:01,273 [INFO] DbMcusXml:78 - Set database path to: /Applications/STM32CubeIDE.app/Contents/Eclipse/plugins/com.st.stm32cube.common.mx_6.13.0.202411220809//db//mcu/
2024-12-27 11:34:01,274 [INFO] ApiDb:274 - Set plugin database path to: /Applications/STM32CubeIDE.app/Contents/Eclipse/plugins/com.st.stm32cube.common.mx_6.13.0.202411220809//db//plugins/boardmanager/
2024-12-27 11:34:01,274 [INFO] ApiDb:261 - Set plugin images path to: /Applications/STM32CubeIDE.app/Contents/Eclipse/plugins/com.st.stm32cube.common.mx_6.13.0.202411220809//db//plugins/mcufinder/images/
2024-12-27 11:34:01,274 [WARN] DbFile:41 - Overriding database path with different value: /Users/alessandro.nardinelli/.stmcufinder/plugins/mcufinder/ => /Users/alessandro.nardinelli/.stmcufinder/plugins/mcufinder
2024-12-27 11:34:01,275 [INFO] ApiDb:250 - Set database path to: /Users/alessandro.nardinelli/.stmcufinder/plugins/mcufinder//mcu/
2024-12-27 11:34:01,275 [WARN] DbFile:41 - Overriding database path with different value: /Users/alessandro.nardinelli/.stmcufinder/plugins/mcufinder/ => /Users/alessandro.nardinelli/.stmcufinder/plugins/mcufinder
2024-12-27 11:34:01,275 [INFO] DbMcusAds:125 - Set database path to: /Users/alessandro.nardinelli/.stmcufinder/plugins/mcufinder//mcu/
2024-12-27 11:34:01,275 [WARN] DbFile:41 - Overriding database path with different value: /Users/alessandro.nardinelli/.stmcufinder/plugins/mcufinder/ => /Users/alessandro.nardinelli/.stmcufinder/plugins/mcufinder
2024-12-27 11:34:01,275 [WARN] DbFile:41 - Overriding database path with different value: /Users/alessandro.nardinelli/.stmcufinder/plugins/mcufinder/ => /Users/alessandro.nardinelli/.stmcufinder/plugins/mcufinder
2024-12-27 11:34:01,275 [INFO] CrossReferenceDbSqlite:203 - Set database path to: /Users/alessandro.nardinelli/.stmcufinder/plugins/mcufinder//mcu/cs/
2024-12-27 11:34:01,341 [INFO] MainPanel:272 - HeapMemory: 305135616
2024-12-27 11:34:01,713 [INFO] DbMcusXml:78 - Set database path to: /Applications/STM32CubeIDE.app/Contents/Eclipse/plugins/com.st.stm32cube.common.mx_6.13.0.202411220809//db//mcu/
2024-12-27 11:34:01,713 [INFO] ApiDb:274 - Set plugin database path to: /Applications/STM32CubeIDE.app/Contents/Eclipse/plugins/com.st.stm32cube.common.mx_6.13.0.202411220809//db//plugins/boardmanager/
2024-12-27 11:34:01,713 [INFO] ApiDb:261 - Set plugin images path to: /Applications/STM32CubeIDE.app/Contents/Eclipse/plugins/com.st.stm32cube.common.mx_6.13.0.202411220809//db//plugins/mcufinder/images/
2024-12-27 11:34:01,713 [WARN] DbFile:41 - Overriding database path with different value: /Users/alessandro.nardinelli/.stmcufinder/plugins/mcufinder/ => /Users/alessandro.nardinelli/.stmcufinder/plugins/mcufinder
2024-12-27 11:34:01,713 [INFO] ApiDb:250 - Set database path to: /Users/alessandro.nardinelli/.stmcufinder/plugins/mcufinder//mcu/
2024-12-27 11:34:01,713 [WARN] DbFile:41 - Overriding database path with different value: /Users/alessandro.nardinelli/.stmcufinder/plugins/mcufinder/ => /Users/alessandro.nardinelli/.stmcufinder/plugins/mcufinder
2024-12-27 11:34:01,713 [INFO] DbMcusAds:125 - Set database path to: /Users/alessandro.nardinelli/.stmcufinder/plugins/mcufinder//mcu/
2024-12-27 11:34:01,714 [WARN] DbFile:41 - Overriding database path with different value: /Users/alessandro.nardinelli/.stmcufinder/plugins/mcufinder/ => /Users/alessandro.nardinelli/.stmcufinder/plugins/mcufinder
2024-12-27 11:34:01,714 [WARN] DbFile:41 - Overriding database path with different value: /Users/alessandro.nardinelli/.stmcufinder/plugins/mcufinder/ => /Users/alessandro.nardinelli/.stmcufinder/plugins/mcufinder
2024-12-27 11:34:01,714 [INFO] CrossReferenceDbSqlite:203 - Set database path to: /Users/alessandro.nardinelli/.stmcufinder/plugins/mcufinder//mcu/cs/
2024-12-27 11:34:01,733 [INFO] ApplicationProperties:184 - Using Application install path: /Applications/STM32CubeIDE.app/Contents/Eclipse/plugins/com.st.stm32cube.common.mx_6.13.0.202411220809
2024-12-27 11:34:01,734 [INFO] PluginManage:196 - Search for loadable plugins [exclusion list=, ]
2024-12-27 11:34:01,735 [INFO] PluginManage:310 - Check plugin analytics
2024-12-27 11:34:01,936 [INFO] AnalyticsPlugin:253 - Accepted Software Licenses: 
2024-12-27 11:34:01,936 [INFO] AnalyticsPlugin:255 - Accepted CMSIS Pack Licenses: 
2024-12-27 11:34:01,936 [INFO] AnalyticsPlugin:257 - Accepted Firmware Licenses: 
2024-12-27 11:34:01,941 [INFO] PluginManage:359 - Loaded plugin analytics (category:tool,tabindex:-1)
2024-12-27 11:34:01,942 [INFO] PluginManage:310 - Check plugin cadmodel
2024-12-27 11:34:01,952 [INFO] CADModel:105 - Init CAD model plugin
2024-12-27 11:34:01,952 [INFO] PluginManage:359 - Loaded plugin cadmodel (category:power,tabindex:5)
2024-12-27 11:34:01,953 [INFO] PluginManage:310 - Check plugin clock
2024-12-27 11:34:01,963 [INFO] PluginManage:359 - Loaded plugin clock (category:base,tabindex:2)
2024-12-27 11:34:01,964 [INFO] PluginManage:310 - Check plugin ddr
2024-12-27 11:34:01,965 [INFO] PluginManage:359 - Loaded plugin ddr (category:tool,tabindex:6)
2024-12-27 11:34:01,966 [INFO] PluginManage:310 - Check plugin filemanager
2024-12-27 11:34:02,107 [INFO] PluginManage:359 - Loaded plugin filemanager (category:base,tabindex:10)
2024-12-27 11:34:02,107 [INFO] PluginManage:310 - Check plugin ipmanager
2024-12-27 11:34:02,114 [INFO] PluginManage:359 - Loaded plugin ipmanager (category:base,tabindex:5)
2024-12-27 11:34:02,114 [INFO] PluginManage:310 - Check plugin lpbam
2024-12-27 11:34:02,123 [INFO] PluginManage:359 - Loaded plugin lpbam (category:base,tabindex:0)
2024-12-27 11:34:02,123 [INFO] PluginManage:310 - Check plugin memorymap
2024-12-27 11:34:02,134 [INFO] PluginManage:359 - Loaded plugin memorymap (category:base,tabindex:4)
2024-12-27 11:34:02,134 [INFO] PluginManage:310 - Check plugin pinoutandconfiguration
2024-12-27 11:34:02,140 [INFO] PluginManage:359 - Loaded plugin pinoutandconfiguration (category:base,tabindex:1)
2024-12-27 11:34:02,141 [INFO] PluginManage:310 - Check plugin pinoutconfig
2024-12-27 11:34:02,209 [WARN] SupportedApi:132 - Cannot load RTOS API schema: s4s-elt-must-match.1: The content of 'definitions' must match (annotation?, (simpleType | complexType)?, (unique | key | keyref)*)). A problem was found starting at: attribute.
2024-12-27 11:34:02,332 [INFO] PluginManage:359 - Loaded plugin pinoutconfig (category:base,tabindex:0)
2024-12-27 11:34:02,332 [INFO] PluginManage:310 - Check plugin power
2024-12-27 11:34:02,343 [INFO] PluginManage:359 - Loaded plugin power (category:power,tabindex:4)
2024-12-27 11:34:02,343 [INFO] PluginManage:310 - Check plugin projectmanager
2024-12-27 11:34:02,368 [INFO] PluginManage:359 - Loaded plugin projectmanager (category:projectmanager,tabindex:4)
2024-12-27 11:34:02,369 [INFO] PluginManage:310 - Check plugin rif
2024-12-27 11:34:02,373 [INFO] PluginManage:359 - Loaded plugin rif (category:base,tabindex:3)
2024-12-27 11:34:02,373 [INFO] PluginManage:310 - Check plugin thirdparty
2024-12-27 11:34:02,514 [INFO] PluginManage:359 - Loaded plugin thirdparty (category:base,tabindex:-1)
2024-12-27 11:34:02,515 [INFO] PluginManage:310 - Check plugin tools
2024-12-27 11:34:02,514 [WARN] IntegrityCheckThread:84 - waiting for thirdparty lock release [integrity check]
2024-12-27 11:34:02,515 [INFO] IntegrityCheckThread:86 - entering critical section [integrity check]
2024-12-27 11:34:02,516 [INFO] ThirdPartyUpdaterWithRetryManager:70 - Updater plugin not ready yet. [1/15]
2024-12-27 11:34:02,520 [INFO] PluginManage:359 - Loaded plugin tools (category:base,tabindex:7)
2024-12-27 11:34:02,520 [INFO] PluginManage:310 - Check plugin tutovideos
2024-12-27 11:34:02,653 [INFO] PluginManage:359 - Loaded plugin tutovideos (category:base,tabindex:-1)
2024-12-27 11:34:02,653 [INFO] PluginManage:310 - Check plugin updater
2024-12-27 11:34:02,677 [INFO] PluginManage:359 - Loaded plugin updater (category:base,tabindex:12)
2024-12-27 11:34:02,678 [INFO] PluginManage:310 - Check plugin userauth
2024-12-27 11:34:02,682 [INFO] UserAuth:118 - Init User Auth plugin
2024-12-27 11:34:02,684 [INFO] PluginManage:359 - Loaded plugin userauth (category:base,tabindex:14)
2024-12-27 11:34:02,684 [INFO] PluginManage:283 - PluginManage : Loaded plugins [18]
2024-12-27 11:34:02,880 [INFO] PinOutPanel:1589 - setPackage(No Configuration,No Configuration)
2024-12-27 11:34:02,968 [INFO] CADModel:165 - CPN selected for project level
2024-12-27 11:34:02,968 [INFO] CADModel:114 - Register for checkConnection events
2024-12-27 11:34:02,985 [INFO] IPUIPlugin:80 - create IPUIPlugin
2024-12-27 11:34:02,985 [INFO] PluginManager:220 - loadIPPluginJar : add mdma
2024-12-27 11:34:02,990 [INFO] IPUIPlugin:80 - create IPUIPlugin
2024-12-27 11:34:02,990 [INFO] PluginManager:220 - loadIPPluginJar : add freertos
2024-12-27 11:34:02,993 [INFO] IPUIPlugin:80 - create IPUIPlugin
2024-12-27 11:34:02,993 [INFO] PluginManager:220 - loadIPPluginJar : add gic
2024-12-27 11:34:03,000 [INFO] IPUIPlugin:80 - create IPUIPlugin
2024-12-27 11:34:03,000 [INFO] PluginManager:220 - loadIPPluginJar : add adc
2024-12-27 11:34:03,003 [INFO] IPUIPlugin:80 - create IPUIPlugin
2024-12-27 11:34:03,003 [INFO] PluginManager:220 - loadIPPluginJar : add gtzc
2024-12-27 11:34:03,004 [INFO] IPUIPlugin:80 - create IPUIPlugin
2024-12-27 11:34:03,004 [INFO] PluginManager:220 - loadIPPluginJar : add quadspi
2024-12-27 11:34:03,005 [INFO] IPUIPlugin:80 - create IPUIPlugin
2024-12-27 11:34:03,005 [INFO] PluginManager:220 - loadIPPluginJar : add aes
2024-12-27 11:34:03,006 [INFO] IPUIPlugin:80 - create IPUIPlugin
2024-12-27 11:34:03,007 [INFO] PluginManager:220 - loadIPPluginJar : add pdm2pcm
2024-12-27 11:34:03,008 [INFO] IPUIPlugin:80 - create IPUIPlugin
2024-12-27 11:34:03,008 [INFO] PluginManager:220 - loadIPPluginJar : add hash
2024-12-27 11:34:03,009 [INFO] IPUIPlugin:80 - create IPUIPlugin
2024-12-27 11:34:03,009 [INFO] PluginManager:220 - loadIPPluginJar : add tim
2024-12-27 11:34:03,010 [INFO] IPUIPlugin:80 - create IPUIPlugin
2024-12-27 11:34:03,010 [INFO] PluginManager:220 - loadIPPluginJar : add tsc
2024-12-27 11:34:03,013 [INFO] IPUIPlugin:80 - create IPUIPlugin
2024-12-27 11:34:03,013 [INFO] PluginManager:220 - loadIPPluginJar : add extmemmanager
2024-12-27 11:34:03,014 [INFO] IPUIPlugin:80 - create IPUIPlugin
2024-12-27 11:34:03,014 [INFO] PluginManager:220 - loadIPPluginJar : add ts
2024-12-27 11:34:03,014 [INFO] IPUIPlugin:80 - create IPUIPlugin
2024-12-27 11:34:03,015 [INFO] PluginManager:220 - loadIPPluginJar : add radio
2024-12-27 11:34:03,016 [INFO] IPUIPlugin:80 - create IPUIPlugin
2024-12-27 11:34:03,016 [INFO] PluginManager:220 - loadIPPluginJar : add can
2024-12-27 11:34:03,017 [INFO] IPUIPlugin:80 - create IPUIPlugin
2024-12-27 11:34:03,017 [INFO] PluginManager:220 - loadIPPluginJar : add dma3
2024-12-27 11:34:03,018 [INFO] IPUIPlugin:80 - create IPUIPlugin
2024-12-27 11:34:03,018 [INFO] PluginManager:220 - loadIPPluginJar : add dfsdm
2024-12-27 11:34:03,019 [INFO] IPUIPlugin:80 - create IPUIPlugin
2024-12-27 11:34:03,019 [INFO] PluginManager:220 - loadIPPluginJar : add spi
2024-12-27 11:34:03,021 [INFO] IPUIPlugin:80 - create IPUIPlugin
2024-12-27 11:34:03,021 [INFO] PluginManager:220 - loadIPPluginJar : add gfxmmu
2024-12-27 11:34:03,022 [INFO] IPUIPlugin:80 - create IPUIPlugin
2024-12-27 11:34:03,022 [INFO] PluginManager:220 - loadIPPluginJar : add genericplugin
2024-12-27 11:34:03,023 [INFO] IPUIPlugin:80 - create IPUIPlugin
2024-12-27 11:34:03,023 [INFO] PluginManager:220 - loadIPPluginJar : add cryp
2024-12-27 11:34:03,025 [INFO] IPUIPlugin:80 - create IPUIPlugin
2024-12-27 11:34:03,025 [INFO] PluginManager:220 - loadIPPluginJar : add gpio
2024-12-27 11:34:03,027 [INFO] IPUIPlugin:80 - create IPUIPlugin
2024-12-27 11:34:03,027 [INFO] PluginManager:220 - loadIPPluginJar : add ddr_ctrl_phy
2024-12-27 11:34:03,028 [INFO] IPUIPlugin:80 - create IPUIPlugin
2024-12-27 11:34:03,028 [INFO] PluginManager:220 - loadIPPluginJar : add comp
2024-12-27 11:34:03,029 [INFO] IPUIPlugin:80 - create IPUIPlugin
2024-12-27 11:34:03,030 [INFO] PluginManager:220 - loadIPPluginJar : add tracer_emb
2024-12-27 11:34:03,031 [INFO] IPUIPlugin:80 - create IPUIPlugin
2024-12-27 11:34:03,031 [INFO] PluginManager:220 - loadIPPluginJar : add openamp
2024-12-27 11:34:03,035 [INFO] IPUIPlugin:80 - create IPUIPlugin
2024-12-27 11:34:03,035 [INFO] PluginManager:220 - loadIPPluginJar : add stm32_wpan
2024-12-27 11:34:03,038 [INFO] IPUIPlugin:80 - create IPUIPlugin
2024-12-27 11:34:03,040 [INFO] PluginManager:220 - loadIPPluginJar : add plateformsettings
2024-12-27 11:34:03,042 [INFO] IPUIPlugin:80 - create IPUIPlugin
2024-12-27 11:34:03,042 [INFO] PluginManager:220 - loadIPPluginJar : add ipddr
2024-12-27 11:34:03,044 [INFO] IPUIPlugin:80 - create IPUIPlugin
2024-12-27 11:34:03,044 [INFO] PluginManager:220 - loadIPPluginJar : add usart
2024-12-27 11:34:03,044 [INFO] IPUIPlugin:80 - create IPUIPlugin
2024-12-27 11:34:03,044 [INFO] PluginManager:220 - loadIPPluginJar : add ltdc
2024-12-27 11:34:03,046 [INFO] IPUIPlugin:80 - create IPUIPlugin
2024-12-27 11:34:03,046 [INFO] PluginManager:220 - loadIPPluginJar : add nvic
2024-12-27 11:34:03,047 [INFO] IPUIPlugin:80 - create IPUIPlugin
2024-12-27 11:34:03,047 [INFO] PluginManager:220 - loadIPPluginJar : add fatfs
2024-12-27 11:34:03,052 [INFO] IPUIPlugin:80 - create IPUIPlugin
2024-12-27 11:34:03,052 [INFO] PluginManager:220 - loadIPPluginJar : add linkedlist
2024-12-27 11:34:03,064 [INFO] IPUIPlugin:80 - create IPUIPlugin
2024-12-27 11:34:03,064 [INFO] PluginManager:220 - loadIPPluginJar : add dma
2024-12-27 11:34:03,067 [INFO] IPUIPlugin:80 - create IPUIPlugin
2024-12-27 11:34:03,067 [INFO] PluginManager:220 - loadIPPluginJar : add fmc
2024-12-27 11:34:03,068 [INFO] IPUIPlugin:80 - create IPUIPlugin
2024-12-27 11:34:03,068 [INFO] PluginManager:220 - loadIPPluginJar : add i2s
2024-12-27 11:34:03,069 [INFO] IPUIPlugin:80 - create IPUIPlugin
2024-12-27 11:34:03,069 [INFO] PluginManager:220 - loadIPPluginJar : add ucpd
2024-12-27 11:34:03,070 [INFO] IPUIPlugin:80 - create IPUIPlugin
2024-12-27 11:34:03,070 [INFO] PluginManager:220 - loadIPPluginJar : add lorawan
2024-12-27 11:34:03,071 [INFO] IPUIPlugin:80 - create IPUIPlugin
2024-12-27 11:34:03,072 [INFO] PluginManager:220 - loadIPPluginJar : add opamp
2024-12-27 11:34:03,073 [INFO] IPUIPlugin:80 - create IPUIPlugin
2024-12-27 11:34:03,074 [INFO] PluginManager:220 - loadIPPluginJar : add i3c
2024-12-27 11:34:03,075 [INFO] IPUIPlugin:80 - create IPUIPlugin
2024-12-27 11:34:03,075 [INFO] PluginManager:220 - loadIPPluginJar : add touchsensing
2024-12-27 11:34:03,077 [INFO] IPUIPlugin:80 - create IPUIPlugin
2024-12-27 11:34:03,077 [INFO] PluginManager:220 - loadIPPluginJar : add i2c
2024-12-27 11:34:03,079 [INFO] IPUIPlugin:80 - create IPUIPlugin
2024-12-27 11:34:03,079 [INFO] PluginManager:220 - loadIPPluginJar : add resmgrutility
2024-12-27 11:34:03,080 [INFO] IPUIPlugin:80 - create IPUIPlugin
2024-12-27 11:34:03,080 [INFO] PluginManager:220 - loadIPPluginJar : add sai
2024-12-27 11:34:03,082 [INFO] IPUIPlugin:80 - create IPUIPlugin
2024-12-27 11:34:03,083 [INFO] PluginManager:220 - loadIPPluginJar : add usbx
2024-12-27 11:34:03,275 [FATAL] Updater:351 - Updater called before beeing initialized
2024-12-27 11:34:03,333 [INFO] RulesReader:64 - Compatibility file has been processed (297 Rules)
2024-12-27 11:34:03,343 [INFO] RulesReader:64 - Compatibility file has been processed (297 Rules)
2024-12-27 11:34:03,350 [INFO] CADModel:165 - CPN selected for project level
2024-12-27 11:34:03,350 [INFO] CADModel:114 - Register for checkConnection events
2024-12-27 11:34:03,350 [FATAL] Updater:351 - Updater called before beeing initialized
2024-12-27 11:34:03,350 [ERROR] CADModel:125 - Updater not yet initialized, retry later 
2024-12-27 11:34:04,126 [FATAL] Updater:351 - Updater called before beeing initialized
2024-12-27 11:34:04,142 [INFO] CADModel:165 - CPN selected for project level
2024-12-27 11:34:04,145 [INFO] CADModel:114 - Register for checkConnection events
2024-12-27 11:34:04,145 [FATAL] Updater:351 - Updater called before beeing initialized
2024-12-27 11:34:04,146 [ERROR] CADModel:125 - Updater not yet initialized, retry later 
2024-12-27 11:34:04,151 [FATAL] Updater:351 - Updater called before beeing initialized
2024-12-27 11:34:04,487 [FATAL] Updater:351 - Updater called before beeing initialized
2024-12-27 11:34:04,492 [INFO] DbMcusAds:53 - JSON generation date=Tue Dec 17 13:01:15 BRT 2024 (1734451275222)
2024-12-27 11:34:04,493 [FATAL] Updater:351 - Updater called before beeing initialized
2024-12-27 11:34:05,521 [INFO] ThirdPartyUpdaterWithRetryManager:70 - Updater plugin not ready yet. [2/15]
2024-12-27 11:34:05,541 [WARN] DetailPanel:346 - Failed to get advertising image, set to default
2024-12-27 11:34:05,715 [FATAL] Updater:351 - Updater called before beeing initialized
2024-12-27 11:34:05,718 [FATAL] Updater:351 - Updater called before beeing initialized
2024-12-27 11:34:05,718 [FATAL] Updater:351 - Updater called before beeing initialized
2024-12-27 11:34:05,718 [WARN] DetailPanel:346 - Failed to get advertising image, set to default
2024-12-27 11:34:05,719 [FATAL] Updater:351 - Updater called before beeing initialized
2024-12-27 11:34:05,768 [ERROR] Updater:1198 - MainUpdater not yet initialized. External WinMGr cannot be set.
2024-12-27 11:34:05,775 [INFO] Updater:1134 - Updater Version found : 6.13.0
2024-12-27 11:34:05,789 [INFO] ApplicationProperties:184 - Using Application install path: /Applications/STM32CubeIDE.app/Contents/Eclipse/plugins/com.st.stm32cube.common.mx_6.13.0.202411220809
2024-12-27 11:34:05,841 [INFO] MainUpdater:525 - Copy updater definitions from MX database
2024-12-27 11:34:06,572 [INFO] MainUpdater:2872 - connection check result : 10
2024-12-27 11:34:06,572 [INFO] MainUpdater:3566 - Updater definition file requires update
2024-12-27 11:34:06,574 [INFO] MainUpdater:289 - Updater Check For Update Now.
2024-12-27 11:34:06,574 [INFO] MicroXplorer:498 - Change Database Version : DB.6.0.130
2024-12-27 11:34:06,581 [INFO] McuFinderGlobals:63 - Set McuFinder mode to 2 (CubeIDE integrated)
2024-12-27 11:34:06,622 [INFO] UserAuth:486 - Internet connection configuration mode: 1
2024-12-27 11:34:06,632 [INFO] JxBrowserEngine:152 - Initiate JxBrowser Engine with user profile folder
2024-12-27 11:34:06,787 [INFO] ServerAccessManage:473 - Download File updaters.zip
2024-12-27 11:34:07,333 [INFO] FileExtend:240 - Unzip File : updaters.zip
2024-12-27 11:34:07,333 [INFO] FileExtend:255 - Standard Zip Deflate
2024-12-27 11:34:07,684 [INFO] ServerAccessManage:473 - Download File PacksControlFlags.xml
2024-12-27 11:34:08,041 [INFO] ServerAccessManage:473 - Download File cubemx.pidx
2024-12-27 11:34:08,191 [INFO] LoadServerUpdatesThread:375 - End of LoadServerUpdate Thread
2024-12-27 11:34:08,365 [INFO] CheckServerUpdateThread:120 - End of CheckServer Thread
2024-12-27 11:34:08,661 [WARN] PackLoader:240 - Cannot read IP mode file for STMicroelectronics.FP-SNS-MOTENVWB1.1.4.0
2024-12-27 11:34:08,682 [WARN] PackLoader:240 - Cannot read IP mode file for STMicroelectronics.FP-ATR-ASTRA1.2.0.1
2024-12-27 11:34:08,697 [WARN] PackLoader:240 - Cannot read IP mode file for STMicroelectronics.X-CUBE-SMBUS.2.1.0
2024-12-27 11:34:08,710 [WARN] PackLoader:240 - Cannot read IP mode file for STMicroelectronics.X-CUBE-WB05N.1.1.0
2024-12-27 11:34:08,801 [WARN] PackLoader:240 - Cannot read IP mode file for STMicroelectronics.X-CUBE-AZRTOS-F7.1.1.0
2024-12-27 11:34:08,961 [WARN] PackLoader:240 - Cannot read IP mode file for STMicroelectronics.X-CUBE-MEMS1.11.0.0
2024-12-27 11:34:09,100 [WARN] PackLoader:240 - Cannot read IP mode file for STMicroelectronics.FP-SNS-FLIGHT1.5.0.2
2024-12-27 11:34:09,115 [WARN] PackLoader:240 - Cannot read IP mode file for STMicroelectronics.X-CUBE-DISPLAY.3.0.0
2024-12-27 11:34:09,138 [WARN] PackLoader:240 - Cannot read IP mode file for STMicroelectronics.X-CUBE-BLE1.7.0.0
2024-12-27 11:34:09,152 [WARN] PackLoader:240 - Cannot read IP mode file for STMicroelectronics.X-CUBE-NFC10.1.0.0
2024-12-27 11:34:09,173 [WARN] PackLoader:240 - Cannot read IP mode file for STMicroelectronics.X-CUBE-BLEMGR.4.0.0
2024-12-27 11:34:09,186 [WARN] PackLoader:240 - Cannot read IP mode file for emotas.I-CUBE-CANOPEN.1.3.0
2024-12-27 11:34:09,200 [WARN] PackLoader:240 - Cannot read IP mode file for STMicroelectronics.X-CUBE-BLEMGR.3.1.0
2024-12-27 11:34:09,217 [WARN] PackLoader:240 - Cannot read IP mode file for STMicroelectronics.FP-SNS-SMARTAG2.1.2.0
2024-12-27 11:34:09,284 [WARN] PackLoader:240 - Cannot read IP mode file for STMicroelectronics.X-CUBE-MEMS1.11.1.0
2024-12-27 11:34:09,374 [INFO] LogOutputStream:77 - [STDOUT_REDIRECT] 1 : Invalid condition id : UX_CORESTACK_Condition cause : null
2024-12-27 11:34:09,375 [INFO] LogOutputStream:77 - [STDOUT_REDIRECT] 1 : Invalid condition id : UX_CORESTACK_Condition cause : null
2024-12-27 11:34:09,376 [INFO] LogOutputStream:77 - [STDOUT_REDIRECT] 1 : Invalid condition id : UX_CORESTACK_Condition cause : null
2024-12-27 11:34:09,376 [INFO] LogOutputStream:77 - [STDOUT_REDIRECT] 1 : Invalid condition id : UX_CORESTACK_Condition cause : null
2024-12-27 11:34:09,377 [INFO] LogOutputStream:77 - [STDOUT_REDIRECT] 1 : Invalid condition id : UX_CORESTACK_Condition cause : null
2024-12-27 11:34:09,383 [WARN] PackLoader:240 - Cannot read IP mode file for STMicroelectronics.X-CUBE-AZRTOS-WL.2.0.0
2024-12-27 11:34:09,391 [WARN] PackLoader:240 - Cannot read IP mode file for STMicroelectronics.FP-SNS-MOTENV1.5.0.0
2024-12-27 11:34:09,396 [WARN] PackLoader:240 - Cannot read IP mode file for wolfSSL.I-CUBE-wolfMQTT.1.19.0
2024-12-27 11:34:09,404 [WARN] PackLoader:240 - Cannot read IP mode file for WES.I-CUBE-Cesium.1.3.0
2024-12-27 11:34:09,408 [WARN] PackLoader:240 - Cannot read IP mode file for STMicroelectronics.X-CUBE-BLE2.3.3.0
2024-12-27 11:34:09,416 [WARN] PackLoader:240 - Cannot read IP mode file for STMicroelectronics.X-CUBE-NFC9.1.0.0
2024-12-27 11:34:09,423 [WARN] PackLoader:240 - Cannot read IP mode file for STMicroelectronics.X-CUBE-TCPP.4.1.0
2024-12-27 11:34:09,441 [WARN] PackLoader:240 - Cannot read IP mode file for STMicroelectronics.X-CUBE-AZRTOS-G0.1.1.0
2024-12-27 11:34:09,450 [WARN] PackLoader:240 - Cannot read IP mode file for STMicroelectronics.X-CUBE-SAFEA1.1.2.2
2024-12-27 11:34:09,456 [WARN] PackLoader:240 - Cannot read IP mode file for STMicroelectronics.X-CUBE-NFC4.3.0.0
2024-12-27 11:34:09,474 [WARN] PackLoader:240 - Cannot read IP mode file for EmbeddedOffice.I-CUBE-FS-RTOS.1.0.1
2024-12-27 11:34:09,482 [WARN] PackLoader:240 - Cannot read IP mode file for STMicroelectronics.X-CUBE-TCPP.4.2.0
2024-12-27 11:34:09,488 [WARN] PackLoader:240 - Cannot read IP mode file for RealThread.X-CUBE-RT-Thread_Nano.4.1.1
2024-12-27 11:34:09,491 [WARN] PackLoader:240 - Cannot read IP mode file for STMicroelectronics.FP-ATR-SIGFOX1.3.2.0
2024-12-27 11:34:09,494 [WARN] ConditionMgr:438 - getConditionDescription Invalid condition id : Cortex-A Device cause : null
2024-12-27 11:34:09,513 [WARN] ConditionMgr:1044 - genDependencies : Invalid condition id : Cortex-A Device cause : null
2024-12-27 11:34:09,514 [WARN] ConditionMgr:1044 - genDependencies : Invalid condition id : Cortex-A Device cause : null
2024-12-27 11:34:09,514 [WARN] ConditionMgr:1044 - genDependencies : Invalid condition id : Cortex-A Device cause : null
2024-12-27 11:34:09,520 [WARN] PackLoader:240 - Cannot read IP mode file for STMicroelectronics.X-CUBE-EEPRMA1.5.1.0
2024-12-27 11:34:09,525 [WARN] PackLoader:240 - Cannot read IP mode file for wolfSSL.I-CUBE-wolfSSL.5.7.4
2024-12-27 11:34:09,532 [WARN] PackLoader:240 - Cannot read IP mode file for ITTIA_DB.I-CUBE-ITTIADB.8.9.0
2024-12-27 11:34:09,574 [WARN] PackLoader:240 - Cannot read IP mode file for SEGGER.I-CUBE-embOS.1.3.1
2024-12-27 11:34:09,614 [WARN] PackLoader:240 - Cannot read IP mode file for STMicroelectronics.X-CUBE-ALGOBUILD.1.4.0
2024-12-27 11:34:09,618 [WARN] PackLoader:240 - Cannot read IP mode file for STMicroelectronics.X-CUBE-AI.9.1.0
2024-12-27 11:34:09,637 [WARN] PackLoader:240 - Cannot read IP mode file for STMicroelectronics.X-CUBE-AZRTOS-F4.1.1.0
2024-12-27 11:34:09,648 [WARN] PackLoader:240 - Cannot read IP mode file for STMicroelectronics.X-CUBE-ISPU.2.1.0
2024-12-27 11:34:09,656 [WARN] PackLoader:240 - Cannot read IP mode file for STMicroelectronics.X-CUBE-FREERTOS.1.2.0
2024-12-27 11:34:09,681 [WARN] PackLoader:240 - Cannot read IP mode file for STMicroelectronics.X-CUBE-AZRTOS-L5.2.0.0
2024-12-27 11:34:09,698 [WARN] PackLoader:240 - Cannot read IP mode file for STMicroelectronics.X-CUBE-NFC6.3.1.0
2024-12-27 11:34:09,707 [WARN] PackLoader:240 - Cannot read IP mode file for STMicroelectronics.X-CUBE-DPower.1.2.0
2024-12-27 11:34:09,716 [WARN] PackLoader:240 - Cannot read IP mode file for STMicroelectronics.X-CUBE-FREERTOS.1.3.0
2024-12-27 11:34:09,725 [WARN] PackLoader:240 - Cannot read IP mode file for STMicroelectronics.X-CUBE-NFC7.1.0.1
2024-12-27 11:34:09,749 [WARN] ConditionMgr:438 - getConditionDescription Invalid condition id : LAN8742 Phy interface Condition cause : null
2024-12-27 11:34:09,750 [WARN] PackLoader:240 - Cannot read IP mode file for STMicroelectronics.X-CUBE-AZRTOS-L4.2.0.0
2024-12-27 11:34:09,753 [WARN] ConditionMgr:1044 - genDependencies : Invalid condition id : LAN8742 Phy interface Condition cause : null
2024-12-27 11:34:09,753 [WARN] ConditionMgr:1044 - genDependencies : Invalid condition id : LAN8742 Phy interface Condition cause : null
2024-12-27 11:34:09,754 [WARN] ConditionMgr:1044 - genDependencies : Invalid condition id : LAN8742 Phy interface Condition cause : null
2024-12-27 11:34:09,766 [WARN] PackLoader:240 - Cannot read IP mode file for STMicroelectronics.X-CUBE-SFXS2LP1.4.0.0
2024-12-27 11:34:09,795 [WARN] PackLoader:240 - Cannot read IP mode file for STMicroelectronics.X-CUBE-AZRTOS-H7.3.3.0
2024-12-27 11:34:09,813 [WARN] PackLoader:240 - Cannot read IP mode file for STMicroelectronics.X-CUBE-IPS.3.0.0
2024-12-27 11:34:09,841 [WARN] ConditionMgr:438 - getConditionDescription Invalid condition id : UX DEVICE CLASS RTOS Condition cause : null
2024-12-27 11:34:09,842 [WARN] ConditionMgr:438 - getConditionDescription Invalid condition id : UX DEVICE CLASS RTOS Condition cause : null
2024-12-27 11:34:09,845 [WARN] PackLoader:240 - Cannot read IP mode file for STMicroelectronics.X-CUBE-AZRTOS-WB.2.0.0
2024-12-27 11:34:09,847 [WARN] ConditionMgr:1044 - genDependencies : Invalid condition id : UX DEVICE CLASS RTOS Condition cause : null
2024-12-27 11:34:09,847 [WARN] ConditionMgr:1044 - genDependencies : Invalid condition id : UX DEVICE CLASS RTOS Condition cause : null
2024-12-27 11:34:09,847 [WARN] ConditionMgr:1044 - genDependencies : Invalid condition id : UX DEVICE CLASS RTOS Condition cause : null
2024-12-27 11:34:09,848 [WARN] ConditionMgr:1044 - genDependencies : Invalid condition id : UX DEVICE CLASS RTOS Condition cause : null
2024-12-27 11:34:09,848 [WARN] ConditionMgr:1044 - genDependencies : Invalid condition id : UX DEVICE CLASS RTOS Condition cause : null
2024-12-27 11:34:09,867 [WARN] PackLoader:240 - Cannot read IP mode file for STMicroelectronics.X-CUBE-GNSS1.7.0.0
2024-12-27 11:34:09,880 [WARN] PackLoader:240 - Cannot read IP mode file for STMicroelectronics.X-CUBE-GNSS1.7.0.1
2024-12-27 11:34:09,891 [WARN] PackLoader:240 - Cannot read IP mode file for STMicroelectronics.FP-SNS-STBOX1.2.0.0
2024-12-27 11:34:09,909 [WARN] PackLoader:240 - Cannot read IP mode file for STMicroelectronics.X-CUBE-SUBG2.5.0.0
2024-12-27 11:34:09,925 [WARN] PackLoader:240 - Cannot read IP mode file for Cesanta.I-CUBE-Mongoose.7.13.0
2024-12-27 11:34:09,941 [WARN] PackLoader:240 - Cannot read IP mode file for STMicroelectronics.X-CUBE-AZRTOS-G4.2.0.0
2024-12-27 11:34:09,947 [WARN] PackLoader:240 - Cannot read IP mode file for STMicroelectronics.X-CUBE-ALS.1.0.2
2024-12-27 11:34:09,951 [WARN] PackLoader:240 - Cannot read IP mode file for STMicroelectronics.X-CUBE-TOUCHGFX.4.24.1
2024-12-27 11:34:09,955 [WARN] PackLoader:240 - Cannot read IP mode file for wolfSSL.I-CUBE-wolfTPM.3.4.0
2024-12-27 11:34:09,961 [WARN] PackLoader:240 - Cannot read IP mode file for portGmbH.I-Cube-SoM-uGOAL.1.1.0
2024-12-27 11:34:09,995 [WARN] PackLoader:240 - Cannot read IP mode file for STMicroelectronics.X-CUBE-AZRTOS-H7RS.1.0.0
2024-12-27 11:34:10,014 [WARN] PackLoader:240 - Cannot read IP mode file for STMicroelectronics.X-CUBE-TOF1.3.4.2
2024-12-27 11:34:10,045 [WARN] PackLoader:240 - Cannot read IP mode file for Infineon.AIROC-Wi-Fi-Bluetooth-STM32.1.6.1
2024-12-27 11:34:10,052 [WARN] PackLoader:240 - Cannot read IP mode file for wolfSSL.I-CUBE-wolfSSH.1.4.17
2024-12-27 11:34:10,053 [INFO] ThirdParty:978 - Integrity check success = true
2024-12-27 11:34:10,053 [INFO] IntegrityCheckThread:100 - exiting critical section [integrity check]
2024-12-27 11:34:10,053 [INFO] IntegrityCheckThread:103 - End integrity checks thread
2024-12-27 11:34:36,573 [INFO] WebApp:168 - Instantiating new browser for Auth
2024-12-27 11:34:38,455 [INFO] WebApp:449 - Apply proxy settings
2024-12-27 11:34:38,488 [INFO] WebApp:494 - Chromium authenticates against Manually configured proxy
2024-12-27 11:34:38,503 [INFO] WebApp:502 - Username used for proxy authentication: 
2024-12-27 11:34:38,544 [INFO] WebApp:880 - Register for checkConnection events
2024-12-27 11:34:38,545 [INFO] WebApp:449 - Apply proxy settings
2024-12-27 11:34:38,550 [INFO] WebApp:494 - Chromium authenticates against Manually configured proxy
2024-12-27 11:34:38,551 [INFO] WebApp:502 - Username used for proxy authentication: 
2024-12-27 11:34:38,680 [INFO] WebApp:221 - Starting web application
2024-12-27 11:34:38,680 [INFO] WebApp:579 - Web application path used /Applications/STM32CubeIDE.app/Contents/Eclipse/plugins/com.st.stm32cube.common.mx_6.13.0.202411220809/db/plugins/mcufinder/reactClient1/index.html
2024-12-27 11:34:39,235 [INFO] UserAuth:486 - Internet connection configuration mode: 1
2024-12-27 11:34:39,650 [INFO] WebApp:187 - Connection restablished
