2024-12-19 18:18:51,158 [INFO] Activator:176 - 


2024-12-19 18:18:51,162 [INFO] Activator:177 - !SESSION log4j initialized
2024-12-19 18:18:52,624 [INFO] LogOutputStream:77 - [STDOUT_REDIRECT] 
2024-12-19 18:18:54,982 [ERROR] LogOutputStream:75 - [STDERR_REDIRECT] 
2024-12-19 18:18:57,588 [INFO] LogOutputStream:77 - [STDOUT_REDIRECT] 
2024-12-19 18:18:58,352 [ERROR] LogOutputStream:75 - [STDERR_REDIRECT] [Fatal Error] :2:10: DOCTYPE is disallowed when the feature "http://apache.org/xml/features/disallow-doctype-decl" set to true.
2024-12-19 18:18:58,353 [ERROR] LogOutputStream:75 - [STDERR_REDIRECT] 
2024-12-19 18:18:58,544 [INFO] ApplicationProperties:184 - Using Application install path: /Applications/STM32CubeIDE.app/Contents/Eclipse/plugins/com.st.stm32cube.common.mx_6.12.1.202409122256
2024-12-19 18:18:58,560 [INFO] DbMcusXml:78 - Set database path to: /Applications/STM32CubeIDE.app/Contents/Eclipse/plugins/com.st.stm32cube.common.mx_6.12.1.202409122256//db//mcu/
2024-12-19 18:18:58,560 [INFO] ApiDb:274 - Set plugin database path to: /Applications/STM32CubeIDE.app/Contents/Eclipse/plugins/com.st.stm32cube.common.mx_6.12.1.202409122256//db//plugins/boardmanager/
2024-12-19 18:18:58,560 [WARN] ApiDb:259 - Overriding images path with different value:  => /Applications/STM32CubeIDE.app/Contents/Eclipse/plugins/com.st.stm32cube.common.mx_6.12.1.202409122256//db//plugins/mcufinder/images/
2024-12-19 18:18:58,566 [INFO] ApiDb:250 - Set database path to: /Users/alessandro.nardinelli/.stmcufinder/plugins/mcufinder//mcu/
2024-12-19 18:18:58,567 [INFO] DbMcusAds:125 - Set database path to: /Users/alessandro.nardinelli/.stmcufinder/plugins/mcufinder//mcu/
2024-12-19 18:18:58,569 [INFO] CrossReferenceDbSqlite:203 - Set database path to: /Users/alessandro.nardinelli/.stmcufinder/plugins/mcufinder//mcu/cs/
2024-12-19 18:18:58,665 [INFO] RulesReader:64 - Compatibility file has been processed (297 Rules)
2024-12-19 18:18:58,724 [INFO] DbMcusXml:78 - Set database path to: /Applications/STM32CubeIDE.app/Contents/Eclipse/plugins/com.st.stm32cube.common.mx_6.12.1.202409122256//db//mcu/
2024-12-19 18:18:58,724 [INFO] ApiDb:274 - Set plugin database path to: /Applications/STM32CubeIDE.app/Contents/Eclipse/plugins/com.st.stm32cube.common.mx_6.12.1.202409122256//db//plugins/boardmanager/
2024-12-19 18:18:58,724 [INFO] ApiDb:261 - Set plugin images path to: /Applications/STM32CubeIDE.app/Contents/Eclipse/plugins/com.st.stm32cube.common.mx_6.12.1.202409122256//db//plugins/mcufinder/images/
2024-12-19 18:18:58,725 [WARN] DbFile:41 - Overriding database path with different value: /Users/alessandro.nardinelli/.stmcufinder/plugins/mcufinder/ => /Users/alessandro.nardinelli/.stmcufinder/plugins/mcufinder
2024-12-19 18:18:58,725 [INFO] ApiDb:250 - Set database path to: /Users/alessandro.nardinelli/.stmcufinder/plugins/mcufinder//mcu/
2024-12-19 18:18:58,725 [WARN] DbFile:41 - Overriding database path with different value: /Users/alessandro.nardinelli/.stmcufinder/plugins/mcufinder/ => /Users/alessandro.nardinelli/.stmcufinder/plugins/mcufinder
2024-12-19 18:18:58,725 [INFO] DbMcusAds:125 - Set database path to: /Users/alessandro.nardinelli/.stmcufinder/plugins/mcufinder//mcu/
2024-12-19 18:18:58,725 [WARN] DbFile:41 - Overriding database path with different value: /Users/alessandro.nardinelli/.stmcufinder/plugins/mcufinder/ => /Users/alessandro.nardinelli/.stmcufinder/plugins/mcufinder
2024-12-19 18:18:58,725 [WARN] DbFile:41 - Overriding database path with different value: /Users/alessandro.nardinelli/.stmcufinder/plugins/mcufinder/ => /Users/alessandro.nardinelli/.stmcufinder/plugins/mcufinder
2024-12-19 18:18:58,725 [INFO] CrossReferenceDbSqlite:203 - Set database path to: /Users/alessandro.nardinelli/.stmcufinder/plugins/mcufinder//mcu/cs/
2024-12-19 18:18:58,797 [INFO] MainPanel:268 - HeapMemory: 268435456
2024-12-19 18:18:59,378 [INFO] DbMcusXml:78 - Set database path to: /Applications/STM32CubeIDE.app/Contents/Eclipse/plugins/com.st.stm32cube.common.mx_6.12.1.202409122256//db//mcu/
2024-12-19 18:18:59,379 [INFO] ApiDb:274 - Set plugin database path to: /Applications/STM32CubeIDE.app/Contents/Eclipse/plugins/com.st.stm32cube.common.mx_6.12.1.202409122256//db//plugins/boardmanager/
2024-12-19 18:18:59,380 [INFO] ApiDb:261 - Set plugin images path to: /Applications/STM32CubeIDE.app/Contents/Eclipse/plugins/com.st.stm32cube.common.mx_6.12.1.202409122256//db//plugins/mcufinder/images/
2024-12-19 18:18:59,381 [WARN] DbFile:41 - Overriding database path with different value: /Users/alessandro.nardinelli/.stmcufinder/plugins/mcufinder/ => /Users/alessandro.nardinelli/.stmcufinder/plugins/mcufinder
2024-12-19 18:18:59,381 [INFO] ApiDb:250 - Set database path to: /Users/alessandro.nardinelli/.stmcufinder/plugins/mcufinder//mcu/
2024-12-19 18:18:59,381 [WARN] DbFile:41 - Overriding database path with different value: /Users/alessandro.nardinelli/.stmcufinder/plugins/mcufinder/ => /Users/alessandro.nardinelli/.stmcufinder/plugins/mcufinder
2024-12-19 18:18:59,381 [INFO] DbMcusAds:125 - Set database path to: /Users/alessandro.nardinelli/.stmcufinder/plugins/mcufinder//mcu/
2024-12-19 18:18:59,381 [WARN] DbFile:41 - Overriding database path with different value: /Users/alessandro.nardinelli/.stmcufinder/plugins/mcufinder/ => /Users/alessandro.nardinelli/.stmcufinder/plugins/mcufinder
2024-12-19 18:18:59,381 [WARN] DbFile:41 - Overriding database path with different value: /Users/alessandro.nardinelli/.stmcufinder/plugins/mcufinder/ => /Users/alessandro.nardinelli/.stmcufinder/plugins/mcufinder
2024-12-19 18:18:59,381 [INFO] CrossReferenceDbSqlite:203 - Set database path to: /Users/alessandro.nardinelli/.stmcufinder/plugins/mcufinder//mcu/cs/
2024-12-19 18:18:59,405 [INFO] ApplicationProperties:184 - Using Application install path: /Applications/STM32CubeIDE.app/Contents/Eclipse/plugins/com.st.stm32cube.common.mx_6.12.1.202409122256
2024-12-19 18:18:59,406 [INFO] PluginManage:196 - Search for loadable plugins [exclusion list=, ]
2024-12-19 18:18:59,408 [INFO] PluginManage:310 - Check plugin analytics
2024-12-19 18:18:59,587 [INFO] AnalyticsPlugin:253 - Accepted Software Licenses: 
2024-12-19 18:18:59,587 [INFO] AnalyticsPlugin:255 - Accepted CMSIS Pack Licenses: 
2024-12-19 18:18:59,587 [INFO] AnalyticsPlugin:257 - Accepted Firmware Licenses: 
2024-12-19 18:18:59,598 [INFO] PluginManage:359 - Loaded plugin analytics (category:tool,tabindex:-1)
2024-12-19 18:18:59,599 [INFO] PluginManage:310 - Check plugin cadmodel
2024-12-19 18:18:59,609 [INFO] CADModel:105 - Init CAD model plugin
2024-12-19 18:18:59,610 [INFO] PluginManage:359 - Loaded plugin cadmodel (category:power,tabindex:5)
2024-12-19 18:18:59,610 [INFO] PluginManage:310 - Check plugin clock
2024-12-19 18:18:59,619 [INFO] PluginManage:359 - Loaded plugin clock (category:base,tabindex:2)
2024-12-19 18:18:59,620 [INFO] PluginManage:310 - Check plugin ddr
2024-12-19 18:18:59,621 [INFO] PluginManage:359 - Loaded plugin ddr (category:tool,tabindex:6)
2024-12-19 18:18:59,621 [INFO] PluginManage:310 - Check plugin filemanager
2024-12-19 18:18:59,795 [INFO] PluginManage:359 - Loaded plugin filemanager (category:base,tabindex:10)
2024-12-19 18:18:59,797 [INFO] PluginManage:310 - Check plugin ipmanager
2024-12-19 18:18:59,809 [INFO] PluginManage:359 - Loaded plugin ipmanager (category:base,tabindex:5)
2024-12-19 18:18:59,809 [INFO] PluginManage:310 - Check plugin lpbam
2024-12-19 18:18:59,820 [INFO] PluginManage:359 - Loaded plugin lpbam (category:base,tabindex:0)
2024-12-19 18:18:59,820 [INFO] PluginManage:310 - Check plugin memorymap
2024-12-19 18:18:59,827 [INFO] PluginManage:359 - Loaded plugin memorymap (category:base,tabindex:4)
2024-12-19 18:18:59,827 [INFO] PluginManage:310 - Check plugin pinoutandconfiguration
2024-12-19 18:18:59,832 [INFO] PluginManage:359 - Loaded plugin pinoutandconfiguration (category:base,tabindex:1)
2024-12-19 18:18:59,833 [INFO] PluginManage:310 - Check plugin pinoutconfig
2024-12-19 18:18:59,908 [WARN] SupportedApi:132 - Cannot load RTOS API schema: s4s-elt-must-match.1: The content of 'definitions' must match (annotation?, (simpleType | complexType)?, (unique | key | keyref)*)). A problem was found starting at: attribute.
2024-12-19 18:19:00,042 [INFO] PluginManage:359 - Loaded plugin pinoutconfig (category:base,tabindex:0)
2024-12-19 18:19:00,042 [INFO] PluginManage:310 - Check plugin power
2024-12-19 18:19:00,053 [INFO] PluginManage:359 - Loaded plugin power (category:power,tabindex:4)
2024-12-19 18:19:00,053 [INFO] PluginManage:310 - Check plugin projectmanager
2024-12-19 18:19:00,076 [INFO] PluginManage:359 - Loaded plugin projectmanager (category:projectmanager,tabindex:4)
2024-12-19 18:19:00,076 [INFO] PluginManage:310 - Check plugin rif
2024-12-19 18:19:00,080 [INFO] PluginManage:359 - Loaded plugin rif (category:base,tabindex:3)
2024-12-19 18:19:00,080 [INFO] PluginManage:310 - Check plugin thirdparty
2024-12-19 18:19:00,199 [INFO] PluginManage:359 - Loaded plugin thirdparty (category:base,tabindex:-1)
2024-12-19 18:19:00,199 [INFO] PluginManage:310 - Check plugin tools
2024-12-19 18:19:00,199 [WARN] IntegrityCheckThread:84 - waiting for thirdparty lock release [integrity check]
2024-12-19 18:19:00,201 [INFO] IntegrityCheckThread:86 - entering critical section [integrity check]
2024-12-19 18:19:00,201 [INFO] ThirdPartyUpdaterWithRetryManager:70 - Updater plugin not ready yet. [1/15]
2024-12-19 18:19:00,202 [INFO] PluginManage:359 - Loaded plugin tools (category:base,tabindex:7)
2024-12-19 18:19:00,202 [INFO] PluginManage:310 - Check plugin tutovideos
2024-12-19 18:19:00,315 [INFO] PluginManage:359 - Loaded plugin tutovideos (category:base,tabindex:-1)
2024-12-19 18:19:00,315 [INFO] PluginManage:310 - Check plugin updater
2024-12-19 18:19:00,333 [INFO] PluginManage:359 - Loaded plugin updater (category:base,tabindex:12)
2024-12-19 18:19:00,333 [INFO] PluginManage:310 - Check plugin userauth
2024-12-19 18:19:00,338 [INFO] UserAuth:113 - Init User Auth plugin
2024-12-19 18:19:00,338 [INFO] PluginManage:359 - Loaded plugin userauth (category:base,tabindex:14)
2024-12-19 18:19:00,340 [INFO] PluginManage:283 - PluginManage : Loaded plugins [18]
2024-12-19 18:19:00,549 [INFO] PinOutPanel:1561 - setPackage(No Configuration,No Configuration)
2024-12-19 18:19:00,612 [INFO] CADModel:165 - CPN selected for project level
2024-12-19 18:19:00,612 [INFO] CADModel:114 - Register for checkConnection events
2024-12-19 18:19:00,620 [INFO] IPUIPlugin:80 - create IPUIPlugin
2024-12-19 18:19:00,620 [INFO] PluginManager:220 - loadIPPluginJar : add mdma
2024-12-19 18:19:00,625 [INFO] IPUIPlugin:80 - create IPUIPlugin
2024-12-19 18:19:00,625 [INFO] PluginManager:220 - loadIPPluginJar : add freertos
2024-12-19 18:19:00,627 [INFO] IPUIPlugin:80 - create IPUIPlugin
2024-12-19 18:19:00,627 [INFO] PluginManager:220 - loadIPPluginJar : add gic
2024-12-19 18:19:00,633 [INFO] IPUIPlugin:80 - create IPUIPlugin
2024-12-19 18:19:00,634 [INFO] PluginManager:220 - loadIPPluginJar : add adc
2024-12-19 18:19:00,635 [INFO] IPUIPlugin:80 - create IPUIPlugin
2024-12-19 18:19:00,635 [INFO] PluginManager:220 - loadIPPluginJar : add gtzc
2024-12-19 18:19:00,635 [INFO] IPUIPlugin:80 - create IPUIPlugin
2024-12-19 18:19:00,635 [INFO] PluginManager:220 - loadIPPluginJar : add quadspi
2024-12-19 18:19:00,637 [INFO] IPUIPlugin:80 - create IPUIPlugin
2024-12-19 18:19:00,637 [INFO] PluginManager:220 - loadIPPluginJar : add aes
2024-12-19 18:19:00,638 [INFO] IPUIPlugin:80 - create IPUIPlugin
2024-12-19 18:19:00,638 [INFO] PluginManager:220 - loadIPPluginJar : add pdm2pcm
2024-12-19 18:19:00,639 [INFO] IPUIPlugin:80 - create IPUIPlugin
2024-12-19 18:19:00,639 [INFO] PluginManager:220 - loadIPPluginJar : add hash
2024-12-19 18:19:00,640 [INFO] IPUIPlugin:80 - create IPUIPlugin
2024-12-19 18:19:00,640 [INFO] PluginManager:220 - loadIPPluginJar : add tim
2024-12-19 18:19:00,640 [INFO] IPUIPlugin:80 - create IPUIPlugin
2024-12-19 18:19:00,640 [INFO] PluginManager:220 - loadIPPluginJar : add tsc
2024-12-19 18:19:00,642 [INFO] IPUIPlugin:80 - create IPUIPlugin
2024-12-19 18:19:00,642 [INFO] PluginManager:220 - loadIPPluginJar : add extmemmanager
2024-12-19 18:19:00,643 [INFO] IPUIPlugin:80 - create IPUIPlugin
2024-12-19 18:19:00,643 [INFO] PluginManager:220 - loadIPPluginJar : add ts
2024-12-19 18:19:00,644 [INFO] IPUIPlugin:80 - create IPUIPlugin
2024-12-19 18:19:00,645 [INFO] PluginManager:220 - loadIPPluginJar : add radio
2024-12-19 18:19:00,646 [INFO] IPUIPlugin:80 - create IPUIPlugin
2024-12-19 18:19:00,646 [INFO] PluginManager:220 - loadIPPluginJar : add can
2024-12-19 18:19:00,647 [INFO] IPUIPlugin:80 - create IPUIPlugin
2024-12-19 18:19:00,648 [INFO] PluginManager:220 - loadIPPluginJar : add dma3
2024-12-19 18:19:00,648 [INFO] IPUIPlugin:80 - create IPUIPlugin
2024-12-19 18:19:00,648 [INFO] PluginManager:220 - loadIPPluginJar : add dfsdm
2024-12-19 18:19:00,649 [INFO] IPUIPlugin:80 - create IPUIPlugin
2024-12-19 18:19:00,649 [INFO] PluginManager:220 - loadIPPluginJar : add spi
2024-12-19 18:19:00,650 [INFO] IPUIPlugin:80 - create IPUIPlugin
2024-12-19 18:19:00,651 [INFO] PluginManager:220 - loadIPPluginJar : add gfxmmu
2024-12-19 18:19:00,651 [INFO] IPUIPlugin:80 - create IPUIPlugin
2024-12-19 18:19:00,651 [INFO] PluginManager:220 - loadIPPluginJar : add genericplugin
2024-12-19 18:19:00,652 [INFO] IPUIPlugin:80 - create IPUIPlugin
2024-12-19 18:19:00,652 [INFO] PluginManager:220 - loadIPPluginJar : add cryp
2024-12-19 18:19:00,654 [INFO] IPUIPlugin:80 - create IPUIPlugin
2024-12-19 18:19:00,654 [INFO] PluginManager:220 - loadIPPluginJar : add gpio
2024-12-19 18:19:00,656 [INFO] IPUIPlugin:80 - create IPUIPlugin
2024-12-19 18:19:00,656 [INFO] PluginManager:220 - loadIPPluginJar : add ddr_ctrl_phy
2024-12-19 18:19:00,657 [INFO] IPUIPlugin:80 - create IPUIPlugin
2024-12-19 18:19:00,657 [INFO] PluginManager:220 - loadIPPluginJar : add comp
2024-12-19 18:19:00,658 [INFO] IPUIPlugin:80 - create IPUIPlugin
2024-12-19 18:19:00,658 [INFO] PluginManager:220 - loadIPPluginJar : add tracer_emb
2024-12-19 18:19:00,659 [INFO] IPUIPlugin:80 - create IPUIPlugin
2024-12-19 18:19:00,659 [INFO] PluginManager:220 - loadIPPluginJar : add openamp
2024-12-19 18:19:00,662 [INFO] IPUIPlugin:80 - create IPUIPlugin
2024-12-19 18:19:00,662 [INFO] PluginManager:220 - loadIPPluginJar : add stm32_wpan
2024-12-19 18:19:00,665 [INFO] IPUIPlugin:80 - create IPUIPlugin
2024-12-19 18:19:00,667 [INFO] PluginManager:220 - loadIPPluginJar : add plateformsettings
2024-12-19 18:19:00,669 [INFO] IPUIPlugin:80 - create IPUIPlugin
2024-12-19 18:19:00,669 [INFO] PluginManager:220 - loadIPPluginJar : add ipddr
2024-12-19 18:19:00,670 [INFO] IPUIPlugin:80 - create IPUIPlugin
2024-12-19 18:19:00,670 [INFO] PluginManager:220 - loadIPPluginJar : add usart
2024-12-19 18:19:00,670 [INFO] IPUIPlugin:80 - create IPUIPlugin
2024-12-19 18:19:00,670 [INFO] PluginManager:220 - loadIPPluginJar : add ltdc
2024-12-19 18:19:00,672 [INFO] IPUIPlugin:80 - create IPUIPlugin
2024-12-19 18:19:00,672 [INFO] PluginManager:220 - loadIPPluginJar : add nvic
2024-12-19 18:19:00,672 [INFO] IPUIPlugin:80 - create IPUIPlugin
2024-12-19 18:19:00,673 [INFO] PluginManager:220 - loadIPPluginJar : add fatfs
2024-12-19 18:19:00,676 [INFO] IPUIPlugin:80 - create IPUIPlugin
2024-12-19 18:19:00,676 [INFO] PluginManager:220 - loadIPPluginJar : add linkedlist
2024-12-19 18:19:00,678 [INFO] IPUIPlugin:80 - create IPUIPlugin
2024-12-19 18:19:00,678 [INFO] PluginManager:220 - loadIPPluginJar : add dma
2024-12-19 18:19:00,680 [INFO] IPUIPlugin:80 - create IPUIPlugin
2024-12-19 18:19:00,680 [INFO] PluginManager:220 - loadIPPluginJar : add fmc
2024-12-19 18:19:00,681 [INFO] IPUIPlugin:80 - create IPUIPlugin
2024-12-19 18:19:00,681 [INFO] PluginManager:220 - loadIPPluginJar : add i2s
2024-12-19 18:19:00,682 [INFO] IPUIPlugin:80 - create IPUIPlugin
2024-12-19 18:19:00,682 [INFO] PluginManager:220 - loadIPPluginJar : add ucpd
2024-12-19 18:19:00,683 [INFO] IPUIPlugin:80 - create IPUIPlugin
2024-12-19 18:19:00,683 [INFO] PluginManager:220 - loadIPPluginJar : add lorawan
2024-12-19 18:19:00,684 [INFO] IPUIPlugin:80 - create IPUIPlugin
2024-12-19 18:19:00,684 [INFO] PluginManager:220 - loadIPPluginJar : add opamp
2024-12-19 18:19:00,685 [INFO] IPUIPlugin:80 - create IPUIPlugin
2024-12-19 18:19:00,686 [INFO] PluginManager:220 - loadIPPluginJar : add i3c
2024-12-19 18:19:00,687 [INFO] IPUIPlugin:80 - create IPUIPlugin
2024-12-19 18:19:00,687 [INFO] PluginManager:220 - loadIPPluginJar : add touchsensing
2024-12-19 18:19:00,688 [INFO] IPUIPlugin:80 - create IPUIPlugin
2024-12-19 18:19:00,688 [INFO] PluginManager:220 - loadIPPluginJar : add i2c
2024-12-19 18:19:00,690 [INFO] IPUIPlugin:80 - create IPUIPlugin
2024-12-19 18:19:00,690 [INFO] PluginManager:220 - loadIPPluginJar : add resmgrutility
2024-12-19 18:19:00,691 [INFO] IPUIPlugin:80 - create IPUIPlugin
2024-12-19 18:19:00,691 [INFO] PluginManager:220 - loadIPPluginJar : add sai
2024-12-19 18:19:00,692 [INFO] IPUIPlugin:80 - create IPUIPlugin
2024-12-19 18:19:00,692 [INFO] PluginManager:220 - loadIPPluginJar : add usbx
2024-12-19 18:19:00,798 [INFO] CADModel:165 - CPN selected for project level
2024-12-19 18:19:00,799 [INFO] CADModel:114 - Register for checkConnection events
2024-12-19 18:19:00,800 [FATAL] Updater:334 - Updater called before beeing initialized
2024-12-19 18:19:00,800 [ERROR] CADModel:125 - Updater not yet initialized, retry later 
2024-12-19 18:19:01,068 [INFO] CADModel:165 - CPN selected for project level
2024-12-19 18:19:01,068 [INFO] CADModel:114 - Register for checkConnection events
2024-12-19 18:19:01,068 [FATAL] Updater:334 - Updater called before beeing initialized
2024-12-19 18:19:01,068 [ERROR] CADModel:125 - Updater not yet initialized, retry later 
2024-12-19 18:19:01,071 [FATAL] Updater:334 - Updater called before beeing initialized
2024-12-19 18:19:01,245 [FATAL] Updater:334 - Updater called before beeing initialized
2024-12-19 18:19:01,251 [INFO] DbMcusAds:53 - JSON generation date=Fri Sep 20 10:04:38 BRT 2024 (1726837478367)
2024-12-19 18:19:01,251 [FATAL] Updater:334 - Updater called before beeing initialized
2024-12-19 18:19:01,328 [WARN] DetailPanel:346 - Failed to get advertising image, set to default
2024-12-19 18:19:01,471 [FATAL] Updater:334 - Updater called before beeing initialized
2024-12-19 18:19:01,478 [FATAL] Updater:334 - Updater called before beeing initialized
2024-12-19 18:19:01,478 [FATAL] Updater:334 - Updater called before beeing initialized
2024-12-19 18:19:01,479 [WARN] DetailPanel:346 - Failed to get advertising image, set to default
2024-12-19 18:19:01,491 [FATAL] Updater:334 - Updater called before beeing initialized
2024-12-19 18:19:01,579 [ERROR] Updater:1164 - MainUpdater not yet initialized. External WinMGr cannot be set.
2024-12-19 18:19:01,587 [INFO] Updater:1100 - Updater Version found : 6.12.1
2024-12-19 18:19:01,601 [INFO] ApplicationProperties:184 - Using Application install path: /Applications/STM32CubeIDE.app/Contents/Eclipse/plugins/com.st.stm32cube.common.mx_6.12.1.202409122256
2024-12-19 18:19:02,379 [INFO] MainUpdater:2873 - connection check result : 10
2024-12-19 18:19:02,380 [INFO] MainUpdater:290 - Updater Check For Update Now.
2024-12-19 18:19:02,380 [INFO] MicroXplorer:498 - Change Database Version : DB.6.0.121
2024-12-19 18:19:02,391 [INFO] McuFinderGlobals:63 - Set McuFinder mode to 2 (CubeIDE integrated)
2024-12-19 18:19:02,393 [INFO] UserAuth:417 - Internet connection configuration mode: 1
2024-12-19 18:19:02,407 [INFO] JxBrowserEngine:152 - Initiate JxBrowser Engine with user profile folder
2024-12-19 18:19:51,169 [INFO] Activator:176 - 


2024-12-19 18:19:51,171 [INFO] Activator:177 - !SESSION log4j initialized
2024-12-19 18:19:52,422 [INFO] LogOutputStream:77 - [STDOUT_REDIRECT] 
2024-12-19 18:19:54,747 [ERROR] LogOutputStream:75 - [STDERR_REDIRECT] 
2024-12-19 18:19:57,334 [INFO] LogOutputStream:77 - [STDOUT_REDIRECT] 
2024-12-19 18:19:57,824 [INFO] ApplicationProperties:184 - Using Application install path: /Applications/STM32CubeIDE.app/Contents/Eclipse/plugins/com.st.stm32cube.common.mx_6.12.1.202409122256
2024-12-19 18:19:57,835 [INFO] DbMcusXml:78 - Set database path to: /Applications/STM32CubeIDE.app/Contents/Eclipse/plugins/com.st.stm32cube.common.mx_6.12.1.202409122256//db//mcu/
2024-12-19 18:19:57,835 [INFO] ApiDb:274 - Set plugin database path to: /Applications/STM32CubeIDE.app/Contents/Eclipse/plugins/com.st.stm32cube.common.mx_6.12.1.202409122256//db//plugins/boardmanager/
2024-12-19 18:19:57,836 [WARN] ApiDb:259 - Overriding images path with different value:  => /Applications/STM32CubeIDE.app/Contents/Eclipse/plugins/com.st.stm32cube.common.mx_6.12.1.202409122256//db//plugins/mcufinder/images/
2024-12-19 18:19:57,841 [INFO] ApiDb:250 - Set database path to: /Users/alessandro.nardinelli/.stmcufinder/plugins/mcufinder//mcu/
2024-12-19 18:19:57,842 [INFO] DbMcusAds:125 - Set database path to: /Users/alessandro.nardinelli/.stmcufinder/plugins/mcufinder//mcu/
2024-12-19 18:19:57,843 [INFO] CrossReferenceDbSqlite:203 - Set database path to: /Users/alessandro.nardinelli/.stmcufinder/plugins/mcufinder//mcu/cs/
2024-12-19 18:19:57,984 [INFO] RulesReader:64 - Compatibility file has been processed (297 Rules)
2024-12-19 18:19:58,074 [INFO] DbMcusXml:78 - Set database path to: /Applications/STM32CubeIDE.app/Contents/Eclipse/plugins/com.st.stm32cube.common.mx_6.12.1.202409122256//db//mcu/
2024-12-19 18:19:58,074 [INFO] ApiDb:274 - Set plugin database path to: /Applications/STM32CubeIDE.app/Contents/Eclipse/plugins/com.st.stm32cube.common.mx_6.12.1.202409122256//db//plugins/boardmanager/
2024-12-19 18:19:58,075 [INFO] ApiDb:261 - Set plugin images path to: /Applications/STM32CubeIDE.app/Contents/Eclipse/plugins/com.st.stm32cube.common.mx_6.12.1.202409122256//db//plugins/mcufinder/images/
2024-12-19 18:19:58,075 [WARN] DbFile:41 - Overriding database path with different value: /Users/alessandro.nardinelli/.stmcufinder/plugins/mcufinder/ => /Users/alessandro.nardinelli/.stmcufinder/plugins/mcufinder
2024-12-19 18:19:58,075 [INFO] ApiDb:250 - Set database path to: /Users/alessandro.nardinelli/.stmcufinder/plugins/mcufinder//mcu/
2024-12-19 18:19:58,075 [WARN] DbFile:41 - Overriding database path with different value: /Users/alessandro.nardinelli/.stmcufinder/plugins/mcufinder/ => /Users/alessandro.nardinelli/.stmcufinder/plugins/mcufinder
2024-12-19 18:19:58,075 [INFO] DbMcusAds:125 - Set database path to: /Users/alessandro.nardinelli/.stmcufinder/plugins/mcufinder//mcu/
2024-12-19 18:19:58,075 [WARN] DbFile:41 - Overriding database path with different value: /Users/alessandro.nardinelli/.stmcufinder/plugins/mcufinder/ => /Users/alessandro.nardinelli/.stmcufinder/plugins/mcufinder
2024-12-19 18:19:58,075 [WARN] DbFile:41 - Overriding database path with different value: /Users/alessandro.nardinelli/.stmcufinder/plugins/mcufinder/ => /Users/alessandro.nardinelli/.stmcufinder/plugins/mcufinder
2024-12-19 18:19:58,075 [INFO] CrossReferenceDbSqlite:203 - Set database path to: /Users/alessandro.nardinelli/.stmcufinder/plugins/mcufinder//mcu/cs/
2024-12-19 18:19:58,143 [INFO] MainPanel:268 - HeapMemory: 587202560
2024-12-19 18:19:58,164 [ERROR] LogOutputStream:75 - [STDERR_REDIRECT] [Fatal Error] :2:10: DOCTYPE is disallowed when the feature "http://apache.org/xml/features/disallow-doctype-decl" set to true.
2024-12-19 18:19:58,174 [ERROR] LogOutputStream:75 - [STDERR_REDIRECT] 
2024-12-19 18:19:58,611 [INFO] DbMcusXml:78 - Set database path to: /Applications/STM32CubeIDE.app/Contents/Eclipse/plugins/com.st.stm32cube.common.mx_6.12.1.202409122256//db//mcu/
2024-12-19 18:19:58,611 [INFO] ApiDb:274 - Set plugin database path to: /Applications/STM32CubeIDE.app/Contents/Eclipse/plugins/com.st.stm32cube.common.mx_6.12.1.202409122256//db//plugins/boardmanager/
2024-12-19 18:19:58,611 [INFO] ApiDb:261 - Set plugin images path to: /Applications/STM32CubeIDE.app/Contents/Eclipse/plugins/com.st.stm32cube.common.mx_6.12.1.202409122256//db//plugins/mcufinder/images/
2024-12-19 18:19:58,612 [WARN] DbFile:41 - Overriding database path with different value: /Users/alessandro.nardinelli/.stmcufinder/plugins/mcufinder/ => /Users/alessandro.nardinelli/.stmcufinder/plugins/mcufinder
2024-12-19 18:19:58,612 [INFO] ApiDb:250 - Set database path to: /Users/alessandro.nardinelli/.stmcufinder/plugins/mcufinder//mcu/
2024-12-19 18:19:58,612 [WARN] DbFile:41 - Overriding database path with different value: /Users/alessandro.nardinelli/.stmcufinder/plugins/mcufinder/ => /Users/alessandro.nardinelli/.stmcufinder/plugins/mcufinder
2024-12-19 18:19:58,612 [INFO] DbMcusAds:125 - Set database path to: /Users/alessandro.nardinelli/.stmcufinder/plugins/mcufinder//mcu/
2024-12-19 18:19:58,612 [WARN] DbFile:41 - Overriding database path with different value: /Users/alessandro.nardinelli/.stmcufinder/plugins/mcufinder/ => /Users/alessandro.nardinelli/.stmcufinder/plugins/mcufinder
2024-12-19 18:19:58,612 [WARN] DbFile:41 - Overriding database path with different value: /Users/alessandro.nardinelli/.stmcufinder/plugins/mcufinder/ => /Users/alessandro.nardinelli/.stmcufinder/plugins/mcufinder
2024-12-19 18:19:58,612 [INFO] CrossReferenceDbSqlite:203 - Set database path to: /Users/alessandro.nardinelli/.stmcufinder/plugins/mcufinder//mcu/cs/
2024-12-19 18:19:58,629 [INFO] ApplicationProperties:184 - Using Application install path: /Applications/STM32CubeIDE.app/Contents/Eclipse/plugins/com.st.stm32cube.common.mx_6.12.1.202409122256
2024-12-19 18:19:58,632 [INFO] PluginManage:196 - Search for loadable plugins [exclusion list=, ]
2024-12-19 18:19:58,635 [INFO] PluginManage:310 - Check plugin analytics
2024-12-19 18:19:58,918 [INFO] AnalyticsPlugin:253 - Accepted Software Licenses: 
2024-12-19 18:19:58,920 [INFO] AnalyticsPlugin:255 - Accepted CMSIS Pack Licenses: 
2024-12-19 18:19:58,920 [INFO] AnalyticsPlugin:257 - Accepted Firmware Licenses: 
2024-12-19 18:19:58,943 [INFO] PluginManage:359 - Loaded plugin analytics (category:tool,tabindex:-1)
2024-12-19 18:19:58,944 [INFO] PluginManage:310 - Check plugin cadmodel
2024-12-19 18:19:58,958 [INFO] CADModel:105 - Init CAD model plugin
2024-12-19 18:19:58,958 [INFO] PluginManage:359 - Loaded plugin cadmodel (category:power,tabindex:5)
2024-12-19 18:19:58,959 [INFO] PluginManage:310 - Check plugin clock
2024-12-19 18:19:58,967 [INFO] PluginManage:359 - Loaded plugin clock (category:base,tabindex:2)
2024-12-19 18:19:58,967 [INFO] PluginManage:310 - Check plugin ddr
2024-12-19 18:19:58,968 [INFO] PluginManage:359 - Loaded plugin ddr (category:tool,tabindex:6)
2024-12-19 18:19:58,968 [INFO] PluginManage:310 - Check plugin filemanager
2024-12-19 18:19:59,096 [INFO] PluginManage:359 - Loaded plugin filemanager (category:base,tabindex:10)
2024-12-19 18:19:59,097 [INFO] PluginManage:310 - Check plugin ipmanager
2024-12-19 18:19:59,118 [INFO] PluginManage:359 - Loaded plugin ipmanager (category:base,tabindex:5)
2024-12-19 18:19:59,119 [INFO] PluginManage:310 - Check plugin lpbam
2024-12-19 18:19:59,138 [INFO] PluginManage:359 - Loaded plugin lpbam (category:base,tabindex:0)
2024-12-19 18:19:59,139 [INFO] PluginManage:310 - Check plugin memorymap
2024-12-19 18:19:59,163 [INFO] PluginManage:359 - Loaded plugin memorymap (category:base,tabindex:4)
2024-12-19 18:19:59,164 [INFO] PluginManage:310 - Check plugin pinoutandconfiguration
2024-12-19 18:19:59,172 [INFO] PluginManage:359 - Loaded plugin pinoutandconfiguration (category:base,tabindex:1)
2024-12-19 18:19:59,174 [INFO] PluginManage:310 - Check plugin pinoutconfig
2024-12-19 18:19:59,259 [WARN] SupportedApi:132 - Cannot load RTOS API schema: s4s-elt-must-match.1: The content of 'definitions' must match (annotation?, (simpleType | complexType)?, (unique | key | keyref)*)). A problem was found starting at: attribute.
2024-12-19 18:19:59,397 [INFO] PluginManage:359 - Loaded plugin pinoutconfig (category:base,tabindex:0)
2024-12-19 18:19:59,397 [INFO] PluginManage:310 - Check plugin power
2024-12-19 18:19:59,407 [INFO] PluginManage:359 - Loaded plugin power (category:power,tabindex:4)
2024-12-19 18:19:59,407 [INFO] PluginManage:310 - Check plugin projectmanager
2024-12-19 18:19:59,431 [INFO] PluginManage:359 - Loaded plugin projectmanager (category:projectmanager,tabindex:4)
2024-12-19 18:19:59,431 [INFO] PluginManage:310 - Check plugin rif
2024-12-19 18:19:59,434 [INFO] PluginManage:359 - Loaded plugin rif (category:base,tabindex:3)
2024-12-19 18:19:59,435 [INFO] PluginManage:310 - Check plugin thirdparty
2024-12-19 18:19:59,553 [INFO] PluginManage:359 - Loaded plugin thirdparty (category:base,tabindex:-1)
2024-12-19 18:19:59,553 [INFO] PluginManage:310 - Check plugin tools
2024-12-19 18:19:59,553 [WARN] IntegrityCheckThread:84 - waiting for thirdparty lock release [integrity check]
2024-12-19 18:19:59,554 [INFO] IntegrityCheckThread:86 - entering critical section [integrity check]
2024-12-19 18:19:59,555 [INFO] ThirdPartyUpdaterWithRetryManager:70 - Updater plugin not ready yet. [1/15]
2024-12-19 18:19:59,555 [INFO] PluginManage:359 - Loaded plugin tools (category:base,tabindex:7)
2024-12-19 18:19:59,555 [INFO] PluginManage:310 - Check plugin tutovideos
2024-12-19 18:19:59,679 [INFO] PluginManage:359 - Loaded plugin tutovideos (category:base,tabindex:-1)
2024-12-19 18:19:59,680 [INFO] PluginManage:310 - Check plugin updater
2024-12-19 18:19:59,703 [INFO] PluginManage:359 - Loaded plugin updater (category:base,tabindex:12)
2024-12-19 18:19:59,703 [INFO] PluginManage:310 - Check plugin userauth
2024-12-19 18:19:59,709 [INFO] UserAuth:113 - Init User Auth plugin
2024-12-19 18:19:59,709 [INFO] PluginManage:359 - Loaded plugin userauth (category:base,tabindex:14)
2024-12-19 18:19:59,710 [INFO] PluginManage:283 - PluginManage : Loaded plugins [18]
2024-12-19 18:19:59,917 [INFO] PinOutPanel:1561 - setPackage(No Configuration,No Configuration)
2024-12-19 18:19:59,987 [INFO] CADModel:165 - CPN selected for project level
2024-12-19 18:19:59,988 [INFO] CADModel:114 - Register for checkConnection events
2024-12-19 18:19:59,998 [INFO] IPUIPlugin:80 - create IPUIPlugin
2024-12-19 18:19:59,998 [INFO] PluginManager:220 - loadIPPluginJar : add mdma
2024-12-19 18:20:00,002 [INFO] IPUIPlugin:80 - create IPUIPlugin
2024-12-19 18:20:00,002 [INFO] PluginManager:220 - loadIPPluginJar : add freertos
2024-12-19 18:20:00,005 [INFO] IPUIPlugin:80 - create IPUIPlugin
2024-12-19 18:20:00,006 [INFO] PluginManager:220 - loadIPPluginJar : add gic
2024-12-19 18:20:00,012 [INFO] IPUIPlugin:80 - create IPUIPlugin
2024-12-19 18:20:00,013 [INFO] PluginManager:220 - loadIPPluginJar : add adc
2024-12-19 18:20:00,015 [INFO] IPUIPlugin:80 - create IPUIPlugin
2024-12-19 18:20:00,015 [INFO] PluginManager:220 - loadIPPluginJar : add gtzc
2024-12-19 18:20:00,016 [INFO] IPUIPlugin:80 - create IPUIPlugin
2024-12-19 18:20:00,016 [INFO] PluginManager:220 - loadIPPluginJar : add quadspi
2024-12-19 18:20:00,019 [INFO] IPUIPlugin:80 - create IPUIPlugin
2024-12-19 18:20:00,020 [INFO] PluginManager:220 - loadIPPluginJar : add aes
2024-12-19 18:20:00,021 [INFO] IPUIPlugin:80 - create IPUIPlugin
2024-12-19 18:20:00,022 [INFO] PluginManager:220 - loadIPPluginJar : add pdm2pcm
2024-12-19 18:20:00,023 [INFO] IPUIPlugin:80 - create IPUIPlugin
2024-12-19 18:20:00,023 [INFO] PluginManager:220 - loadIPPluginJar : add hash
2024-12-19 18:20:00,024 [INFO] IPUIPlugin:80 - create IPUIPlugin
2024-12-19 18:20:00,024 [INFO] PluginManager:220 - loadIPPluginJar : add tim
2024-12-19 18:20:00,025 [INFO] IPUIPlugin:80 - create IPUIPlugin
2024-12-19 18:20:00,025 [INFO] PluginManager:220 - loadIPPluginJar : add tsc
2024-12-19 18:20:00,028 [INFO] IPUIPlugin:80 - create IPUIPlugin
2024-12-19 18:20:00,028 [INFO] PluginManager:220 - loadIPPluginJar : add extmemmanager
2024-12-19 18:20:00,032 [INFO] IPUIPlugin:80 - create IPUIPlugin
2024-12-19 18:20:00,033 [INFO] PluginManager:220 - loadIPPluginJar : add ts
2024-12-19 18:20:00,034 [INFO] IPUIPlugin:80 - create IPUIPlugin
2024-12-19 18:20:00,035 [INFO] PluginManager:220 - loadIPPluginJar : add radio
2024-12-19 18:20:00,037 [INFO] IPUIPlugin:80 - create IPUIPlugin
2024-12-19 18:20:00,037 [INFO] PluginManager:220 - loadIPPluginJar : add can
2024-12-19 18:20:00,039 [INFO] IPUIPlugin:80 - create IPUIPlugin
2024-12-19 18:20:00,039 [INFO] PluginManager:220 - loadIPPluginJar : add dma3
2024-12-19 18:20:00,040 [INFO] IPUIPlugin:80 - create IPUIPlugin
2024-12-19 18:20:00,040 [INFO] PluginManager:220 - loadIPPluginJar : add dfsdm
2024-12-19 18:20:00,041 [INFO] IPUIPlugin:80 - create IPUIPlugin
2024-12-19 18:20:00,041 [INFO] PluginManager:220 - loadIPPluginJar : add spi
2024-12-19 18:20:00,044 [INFO] IPUIPlugin:80 - create IPUIPlugin
2024-12-19 18:20:00,044 [INFO] PluginManager:220 - loadIPPluginJar : add gfxmmu
2024-12-19 18:20:00,045 [INFO] IPUIPlugin:80 - create IPUIPlugin
2024-12-19 18:20:00,045 [INFO] PluginManager:220 - loadIPPluginJar : add genericplugin
2024-12-19 18:20:00,046 [INFO] IPUIPlugin:80 - create IPUIPlugin
2024-12-19 18:20:00,047 [INFO] PluginManager:220 - loadIPPluginJar : add cryp
2024-12-19 18:20:00,049 [INFO] IPUIPlugin:80 - create IPUIPlugin
2024-12-19 18:20:00,049 [INFO] PluginManager:220 - loadIPPluginJar : add gpio
2024-12-19 18:20:00,051 [INFO] IPUIPlugin:80 - create IPUIPlugin
2024-12-19 18:20:00,051 [INFO] PluginManager:220 - loadIPPluginJar : add ddr_ctrl_phy
2024-12-19 18:20:00,052 [INFO] IPUIPlugin:80 - create IPUIPlugin
2024-12-19 18:20:00,052 [INFO] PluginManager:220 - loadIPPluginJar : add comp
2024-12-19 18:20:00,054 [INFO] IPUIPlugin:80 - create IPUIPlugin
2024-12-19 18:20:00,054 [INFO] PluginManager:220 - loadIPPluginJar : add tracer_emb
2024-12-19 18:20:00,055 [INFO] IPUIPlugin:80 - create IPUIPlugin
2024-12-19 18:20:00,056 [INFO] PluginManager:220 - loadIPPluginJar : add openamp
2024-12-19 18:20:00,058 [INFO] IPUIPlugin:80 - create IPUIPlugin
2024-12-19 18:20:00,058 [INFO] PluginManager:220 - loadIPPluginJar : add stm32_wpan
2024-12-19 18:20:00,061 [INFO] IPUIPlugin:80 - create IPUIPlugin
2024-12-19 18:20:00,062 [INFO] PluginManager:220 - loadIPPluginJar : add plateformsettings
2024-12-19 18:20:00,063 [INFO] IPUIPlugin:80 - create IPUIPlugin
2024-12-19 18:20:00,063 [INFO] PluginManager:220 - loadIPPluginJar : add ipddr
2024-12-19 18:20:00,064 [INFO] IPUIPlugin:80 - create IPUIPlugin
2024-12-19 18:20:00,065 [INFO] PluginManager:220 - loadIPPluginJar : add usart
2024-12-19 18:20:00,065 [INFO] IPUIPlugin:80 - create IPUIPlugin
2024-12-19 18:20:00,065 [INFO] PluginManager:220 - loadIPPluginJar : add ltdc
2024-12-19 18:20:00,067 [INFO] IPUIPlugin:80 - create IPUIPlugin
2024-12-19 18:20:00,067 [INFO] PluginManager:220 - loadIPPluginJar : add nvic
2024-12-19 18:20:00,067 [INFO] IPUIPlugin:80 - create IPUIPlugin
2024-12-19 18:20:00,067 [INFO] PluginManager:220 - loadIPPluginJar : add fatfs
2024-12-19 18:20:00,071 [INFO] IPUIPlugin:80 - create IPUIPlugin
2024-12-19 18:20:00,071 [INFO] PluginManager:220 - loadIPPluginJar : add linkedlist
2024-12-19 18:20:00,074 [INFO] IPUIPlugin:80 - create IPUIPlugin
2024-12-19 18:20:00,074 [INFO] PluginManager:220 - loadIPPluginJar : add dma
2024-12-19 18:20:00,076 [INFO] IPUIPlugin:80 - create IPUIPlugin
2024-12-19 18:20:00,076 [INFO] PluginManager:220 - loadIPPluginJar : add fmc
2024-12-19 18:20:00,077 [INFO] IPUIPlugin:80 - create IPUIPlugin
2024-12-19 18:20:00,077 [INFO] PluginManager:220 - loadIPPluginJar : add i2s
2024-12-19 18:20:00,078 [INFO] IPUIPlugin:80 - create IPUIPlugin
2024-12-19 18:20:00,078 [INFO] PluginManager:220 - loadIPPluginJar : add ucpd
2024-12-19 18:20:00,079 [INFO] IPUIPlugin:80 - create IPUIPlugin
2024-12-19 18:20:00,079 [INFO] PluginManager:220 - loadIPPluginJar : add lorawan
2024-12-19 18:20:00,081 [INFO] IPUIPlugin:80 - create IPUIPlugin
2024-12-19 18:20:00,081 [INFO] PluginManager:220 - loadIPPluginJar : add opamp
2024-12-19 18:20:00,082 [INFO] IPUIPlugin:80 - create IPUIPlugin
2024-12-19 18:20:00,082 [INFO] PluginManager:220 - loadIPPluginJar : add i3c
2024-12-19 18:20:00,083 [INFO] IPUIPlugin:80 - create IPUIPlugin
2024-12-19 18:20:00,084 [INFO] PluginManager:220 - loadIPPluginJar : add touchsensing
2024-12-19 18:20:00,085 [INFO] IPUIPlugin:80 - create IPUIPlugin
2024-12-19 18:20:00,085 [INFO] PluginManager:220 - loadIPPluginJar : add i2c
2024-12-19 18:20:00,087 [INFO] IPUIPlugin:80 - create IPUIPlugin
2024-12-19 18:20:00,087 [INFO] PluginManager:220 - loadIPPluginJar : add resmgrutility
2024-12-19 18:20:00,089 [INFO] IPUIPlugin:80 - create IPUIPlugin
2024-12-19 18:20:00,089 [INFO] PluginManager:220 - loadIPPluginJar : add sai
2024-12-19 18:20:00,090 [INFO] IPUIPlugin:80 - create IPUIPlugin
2024-12-19 18:20:00,090 [INFO] PluginManager:220 - loadIPPluginJar : add usbx
2024-12-19 18:20:00,196 [INFO] CADModel:165 - CPN selected for project level
2024-12-19 18:20:00,197 [INFO] CADModel:114 - Register for checkConnection events
2024-12-19 18:20:00,198 [FATAL] Updater:334 - Updater called before beeing initialized
2024-12-19 18:20:00,198 [ERROR] CADModel:125 - Updater not yet initialized, retry later 
2024-12-19 18:20:00,512 [INFO] CADModel:165 - CPN selected for project level
2024-12-19 18:20:00,513 [INFO] CADModel:114 - Register for checkConnection events
2024-12-19 18:20:00,513 [FATAL] Updater:334 - Updater called before beeing initialized
2024-12-19 18:20:00,513 [ERROR] CADModel:125 - Updater not yet initialized, retry later 
2024-12-19 18:20:00,515 [FATAL] Updater:334 - Updater called before beeing initialized
2024-12-19 18:20:00,671 [FATAL] Updater:334 - Updater called before beeing initialized
2024-12-19 18:20:00,674 [INFO] DbMcusAds:53 - JSON generation date=Fri Sep 20 10:04:38 BRT 2024 (1726837478367)
2024-12-19 18:20:00,675 [FATAL] Updater:334 - Updater called before beeing initialized
2024-12-19 18:20:00,719 [WARN] DetailPanel:346 - Failed to get advertising image, set to default
2024-12-19 18:20:00,780 [FATAL] Updater:334 - Updater called before beeing initialized
2024-12-19 18:20:00,781 [FATAL] Updater:334 - Updater called before beeing initialized
2024-12-19 18:20:00,781 [FATAL] Updater:334 - Updater called before beeing initialized
2024-12-19 18:20:00,781 [WARN] DetailPanel:346 - Failed to get advertising image, set to default
2024-12-19 18:20:00,782 [FATAL] Updater:334 - Updater called before beeing initialized
2024-12-19 18:20:00,838 [ERROR] Updater:1164 - MainUpdater not yet initialized. External WinMGr cannot be set.
2024-12-19 18:20:00,841 [INFO] Updater:1100 - Updater Version found : 6.12.1
2024-12-19 18:20:00,850 [INFO] ApplicationProperties:184 - Using Application install path: /Applications/STM32CubeIDE.app/Contents/Eclipse/plugins/com.st.stm32cube.common.mx_6.12.1.202409122256
2024-12-19 18:20:01,627 [INFO] MainUpdater:2873 - connection check result : 10
2024-12-19 18:20:01,628 [INFO] MainUpdater:290 - Updater Check For Update Now.
2024-12-19 18:20:01,628 [INFO] MicroXplorer:498 - Change Database Version : DB.6.0.121
2024-12-19 18:20:01,636 [INFO] McuFinderGlobals:63 - Set McuFinder mode to 2 (CubeIDE integrated)
2024-12-19 18:20:01,638 [INFO] UserAuth:417 - Internet connection configuration mode: 1
2024-12-19 18:20:01,651 [INFO] JxBrowserEngine:152 - Initiate JxBrowser Engine with user profile folder
2024-12-19 18:20:01,893 [INFO] CheckServerUpdateThread:120 - End of CheckServer Thread
2024-12-19 18:20:02,825 [WARN] PackLoader:240 - Cannot read IP mode file for STMicroelectronics.FP-SNS-MOTENVWB1.1.4.0
2024-12-19 18:20:02,864 [WARN] PackLoader:240 - Cannot read IP mode file for STMicroelectronics.FP-ATR-ASTRA1.2.0.1
2024-12-19 18:20:02,877 [WARN] PackLoader:240 - Cannot read IP mode file for STMicroelectronics.X-CUBE-SMBUS.2.1.0
2024-12-19 18:20:02,892 [WARN] PackLoader:240 - Cannot read IP mode file for STMicroelectronics.X-CUBE-WB05N.1.1.0
2024-12-19 18:20:02,954 [WARN] PackLoader:240 - Cannot read IP mode file for STMicroelectronics.X-CUBE-AZRTOS-F7.1.1.0
2024-12-19 18:20:03,082 [WARN] PackLoader:240 - Cannot read IP mode file for STMicroelectronics.X-CUBE-MEMS1.11.0.0
2024-12-19 18:20:03,342 [WARN] PackLoader:240 - Cannot read IP mode file for STMicroelectronics.FP-SNS-FLIGHT1.5.0.2
2024-12-19 18:20:03,360 [WARN] PackLoader:240 - Cannot read IP mode file for STMicroelectronics.X-CUBE-DISPLAY.3.0.0
2024-12-19 18:20:03,373 [WARN] PackLoader:240 - Cannot read IP mode file for STMicroelectronics.X-CUBE-BLE1.7.0.0
2024-12-19 18:20:03,403 [WARN] PackLoader:240 - Cannot read IP mode file for STMicroelectronics.X-CUBE-NFC10.1.0.0
2024-12-19 18:20:03,427 [WARN] PackLoader:240 - Cannot read IP mode file for STMicroelectronics.X-CUBE-BLEMGR.4.0.0
2024-12-19 18:20:03,443 [WARN] PackLoader:240 - Cannot read IP mode file for emotas.I-CUBE-CANOPEN.1.3.0
2024-12-19 18:20:03,462 [WARN] PackLoader:240 - Cannot read IP mode file for STMicroelectronics.X-CUBE-BLEMGR.3.1.0
2024-12-19 18:20:03,474 [WARN] PackLoader:240 - Cannot read IP mode file for STMicroelectronics.FP-SNS-SMARTAG2.1.2.0
2024-12-19 18:20:03,557 [WARN] PackLoader:240 - Cannot read IP mode file for STMicroelectronics.X-CUBE-MEMS1.11.1.0
2024-12-19 18:20:03,675 [INFO] LogOutputStream:77 - [STDOUT_REDIRECT] 1 : Invalid condition id : UX_CORESTACK_Condition cause : null
2024-12-19 18:20:03,677 [INFO] LogOutputStream:77 - [STDOUT_REDIRECT] 1 : Invalid condition id : UX_CORESTACK_Condition cause : null
2024-12-19 18:20:03,678 [INFO] LogOutputStream:77 - [STDOUT_REDIRECT] 1 : Invalid condition id : UX_CORESTACK_Condition cause : null
2024-12-19 18:20:03,678 [INFO] LogOutputStream:77 - [STDOUT_REDIRECT] 1 : Invalid condition id : UX_CORESTACK_Condition cause : null
2024-12-19 18:20:03,679 [INFO] LogOutputStream:77 - [STDOUT_REDIRECT] 1 : Invalid condition id : UX_CORESTACK_Condition cause : null
2024-12-19 18:20:03,683 [WARN] PackLoader:240 - Cannot read IP mode file for STMicroelectronics.X-CUBE-AZRTOS-WL.2.0.0
2024-12-19 18:20:03,697 [WARN] PackLoader:240 - Cannot read IP mode file for STMicroelectronics.FP-SNS-MOTENV1.5.0.0
2024-12-19 18:20:03,705 [WARN] PackLoader:240 - Cannot read IP mode file for wolfSSL.I-CUBE-wolfMQTT.1.19.0
2024-12-19 18:20:03,711 [WARN] PackLoader:240 - Cannot read IP mode file for WES.I-CUBE-Cesium.1.3.0
2024-12-19 18:20:03,715 [WARN] PackLoader:240 - Cannot read IP mode file for STMicroelectronics.X-CUBE-BLE2.3.3.0
2024-12-19 18:20:03,759 [WARN] PackLoader:240 - Cannot read IP mode file for STMicroelectronics.X-CUBE-NFC9.1.0.0
2024-12-19 18:20:03,768 [WARN] PackLoader:240 - Cannot read IP mode file for STMicroelectronics.X-CUBE-TCPP.4.1.0
2024-12-19 18:20:03,791 [WARN] PackLoader:240 - Cannot read IP mode file for STMicroelectronics.X-CUBE-AZRTOS-G0.1.1.0
2024-12-19 18:20:03,800 [WARN] PackLoader:240 - Cannot read IP mode file for STMicroelectronics.X-CUBE-SAFEA1.1.2.2
2024-12-19 18:20:03,805 [WARN] PackLoader:240 - Cannot read IP mode file for STMicroelectronics.X-CUBE-NFC4.3.0.0
2024-12-19 18:20:03,818 [WARN] PackLoader:240 - Cannot read IP mode file for EmbeddedOffice.I-CUBE-FS-RTOS.1.0.1
2024-12-19 18:20:03,818 [ERROR] ConditionMgr:805 - Attr not supported : Dmpu
2024-12-19 18:20:03,818 [ERROR] ConditionMgr:805 - Attr not supported : Dmpu
2024-12-19 18:20:03,818 [ERROR] ConditionMgr:805 - Attr not supported : Dmpu
2024-12-19 18:20:03,819 [ERROR] ConditionMgr:805 - Attr not supported : Dmpu
2024-12-19 18:20:03,819 [ERROR] ConditionMgr:805 - Attr not supported : Dmpu
2024-12-19 18:20:03,819 [ERROR] ConditionMgr:805 - Attr not supported : Dmpu
2024-12-19 18:20:03,819 [ERROR] ConditionMgr:805 - Attr not supported : Dmpu
2024-12-19 18:20:03,819 [ERROR] ConditionMgr:805 - Attr not supported : Dmpu
2024-12-19 18:20:03,819 [ERROR] ConditionMgr:805 - Attr not supported : Dmpu
2024-12-19 18:20:03,819 [ERROR] ConditionMgr:805 - Attr not supported : Dmpu
2024-12-19 18:20:03,819 [ERROR] ConditionMgr:805 - Attr not supported : Dmpu
2024-12-19 18:20:03,819 [ERROR] ConditionMgr:805 - Attr not supported : Dmpu
2024-12-19 18:20:03,819 [ERROR] ConditionMgr:805 - Attr not supported : Dmpu
2024-12-19 18:20:03,819 [ERROR] ConditionMgr:805 - Attr not supported : Dmpu
2024-12-19 18:20:03,820 [ERROR] ConditionMgr:805 - Attr not supported : Dmpu
2024-12-19 18:20:03,820 [ERROR] ConditionMgr:805 - Attr not supported : Dmpu
2024-12-19 18:20:03,820 [ERROR] ConditionMgr:805 - Attr not supported : Dmpu
2024-12-19 18:20:03,820 [ERROR] ConditionMgr:805 - Attr not supported : Dmpu
2024-12-19 18:20:03,820 [ERROR] ConditionMgr:805 - Attr not supported : Dmpu
2024-12-19 18:20:03,820 [ERROR] ConditionMgr:805 - Attr not supported : Dmpu
2024-12-19 18:20:03,820 [ERROR] ConditionMgr:805 - Attr not supported : Dmpu
2024-12-19 18:20:03,820 [ERROR] ConditionMgr:805 - Attr not supported : Dmpu
2024-12-19 18:20:03,820 [ERROR] ConditionMgr:805 - Attr not supported : Dmpu
2024-12-19 18:20:03,820 [ERROR] ConditionMgr:805 - Attr not supported : Dmpu
2024-12-19 18:20:03,820 [ERROR] ConditionMgr:805 - Attr not supported : Dmpu
2024-12-19 18:20:03,821 [ERROR] ConditionMgr:805 - Attr not supported : Dmpu
2024-12-19 18:20:03,821 [ERROR] ConditionMgr:805 - Attr not supported : Dmpu
2024-12-19 18:20:03,821 [ERROR] ConditionMgr:805 - Attr not supported : Dmpu
2024-12-19 18:20:03,821 [ERROR] ConditionMgr:805 - Attr not supported : Dmpu
2024-12-19 18:20:03,821 [ERROR] ConditionMgr:805 - Attr not supported : Dmpu
2024-12-19 18:20:03,821 [ERROR] ConditionMgr:805 - Attr not supported : Dmpu
2024-12-19 18:20:03,821 [ERROR] ConditionMgr:805 - Attr not supported : Dmpu
2024-12-19 18:20:03,821 [ERROR] ConditionMgr:805 - Attr not supported : Dmpu
2024-12-19 18:20:03,821 [ERROR] ConditionMgr:805 - Attr not supported : Dmpu
2024-12-19 18:20:03,821 [ERROR] ConditionMgr:805 - Attr not supported : Dmpu
2024-12-19 18:20:03,821 [ERROR] ConditionMgr:805 - Attr not supported : Dmpu
2024-12-19 18:20:03,823 [ERROR] ConditionMgr:805 - Attr not supported : Dmpu
2024-12-19 18:20:03,823 [ERROR] ConditionMgr:805 - Attr not supported : Dmpu
2024-12-19 18:20:03,823 [ERROR] ConditionMgr:805 - Attr not supported : Dmpu
2024-12-19 18:20:03,823 [ERROR] ConditionMgr:805 - Attr not supported : Dmpu
2024-12-19 18:20:03,823 [ERROR] ConditionMgr:805 - Attr not supported : Dmpu
2024-12-19 18:20:03,823 [ERROR] ConditionMgr:805 - Attr not supported : Dmpu
2024-12-19 18:20:03,823 [ERROR] ConditionMgr:805 - Attr not supported : Dmpu
2024-12-19 18:20:03,823 [ERROR] ConditionMgr:805 - Attr not supported : Dmpu
2024-12-19 18:20:03,823 [ERROR] ConditionMgr:805 - Attr not supported : Dmpu
2024-12-19 18:20:03,824 [ERROR] ConditionMgr:805 - Attr not supported : Dmpu
2024-12-19 18:20:03,824 [ERROR] ConditionMgr:805 - Attr not supported : Dmpu
2024-12-19 18:20:03,824 [ERROR] ConditionMgr:805 - Attr not supported : Dmpu
2024-12-19 18:20:03,824 [ERROR] ConditionMgr:805 - Attr not supported : Dmpu
2024-12-19 18:20:03,824 [ERROR] ConditionMgr:805 - Attr not supported : Dmpu
2024-12-19 18:20:03,824 [ERROR] ConditionMgr:805 - Attr not supported : Dmpu
2024-12-19 18:20:03,824 [ERROR] ConditionMgr:805 - Attr not supported : Dmpu
2024-12-19 18:20:03,824 [ERROR] ConditionMgr:805 - Attr not supported : Dmpu
2024-12-19 18:20:03,824 [ERROR] ConditionMgr:805 - Attr not supported : Dmpu
2024-12-19 18:20:03,824 [ERROR] ConditionMgr:805 - Attr not supported : Dmpu
2024-12-19 18:20:03,824 [ERROR] ConditionMgr:805 - Attr not supported : Dmpu
2024-12-19 18:20:03,824 [ERROR] ConditionMgr:805 - Attr not supported : Dmpu
2024-12-19 18:20:03,824 [ERROR] ConditionMgr:805 - Attr not supported : Dmpu
2024-12-19 18:20:03,824 [ERROR] ConditionMgr:805 - Attr not supported : Dmpu
2024-12-19 18:20:03,824 [ERROR] ConditionMgr:805 - Attr not supported : Dmpu
2024-12-19 18:20:03,824 [ERROR] ConditionMgr:805 - Attr not supported : Dmpu
2024-12-19 18:20:03,824 [ERROR] ConditionMgr:805 - Attr not supported : Dmpu
2024-12-19 18:20:03,824 [ERROR] ConditionMgr:805 - Attr not supported : Dmpu
2024-12-19 18:20:03,824 [ERROR] ConditionMgr:805 - Attr not supported : Dmpu
2024-12-19 18:20:03,829 [ERROR] Engine:466 - /Users/alessandro.nardinelli/.stm32cubemx/thirdparties/pdsc/STMicroelectronics.X-CUBE-TCPP.4.2.0.pdsc: PDSC version is not supported
2024-12-19 18:20:03,832 [WARN] PackLoader:240 - Cannot read IP mode file for RealThread.X-CUBE-RT-Thread_Nano.4.1.1
2024-12-19 18:20:03,838 [WARN] PackLoader:240 - Cannot read IP mode file for STMicroelectronics.FP-ATR-SIGFOX1.3.2.0
2024-12-19 18:20:03,846 [WARN] ConditionMgr:438 - getConditionDescription Invalid condition id : Cortex-A Device cause : null
2024-12-19 18:20:03,861 [WARN] ConditionMgr:1039 - genDependencies : Invalid condition id : Cortex-A Device cause : null
2024-12-19 18:20:03,861 [WARN] ConditionMgr:1039 - genDependencies : Invalid condition id : Cortex-A Device cause : null
2024-12-19 18:20:03,861 [WARN] ConditionMgr:1039 - genDependencies : Invalid condition id : Cortex-A Device cause : null
2024-12-19 18:20:03,867 [WARN] PackLoader:240 - Cannot read IP mode file for STMicroelectronics.X-CUBE-EEPRMA1.5.1.0
2024-12-19 18:20:03,871 [WARN] PackLoader:240 - Cannot read IP mode file for wolfSSL.I-CUBE-wolfSSL.5.7.4
2024-12-19 18:20:03,876 [WARN] PackLoader:240 - Cannot read IP mode file for ITTIA_DB.I-CUBE-ITTIADB.8.9.0
2024-12-19 18:20:03,938 [WARN] PackLoader:240 - Cannot read IP mode file for SEGGER.I-CUBE-embOS.1.3.1
2024-12-19 18:20:03,988 [WARN] PackLoader:240 - Cannot read IP mode file for STMicroelectronics.X-CUBE-ALGOBUILD.1.4.0
2024-12-19 18:20:03,994 [WARN] PackLoader:240 - Cannot read IP mode file for STMicroelectronics.X-CUBE-AI.9.1.0
2024-12-19 18:20:04,011 [WARN] PackLoader:240 - Cannot read IP mode file for STMicroelectronics.X-CUBE-AZRTOS-F4.1.1.0
2024-12-19 18:20:04,020 [WARN] PackLoader:240 - Cannot read IP mode file for STMicroelectronics.X-CUBE-ISPU.2.1.0
2024-12-19 18:20:04,029 [WARN] PackLoader:240 - Cannot read IP mode file for STMicroelectronics.X-CUBE-FREERTOS.1.2.0
2024-12-19 18:20:04,047 [WARN] PackLoader:240 - Cannot read IP mode file for STMicroelectronics.X-CUBE-AZRTOS-L5.2.0.0
2024-12-19 18:20:04,075 [WARN] PackLoader:240 - Cannot read IP mode file for STMicroelectronics.X-CUBE-NFC6.3.1.0
2024-12-19 18:20:04,083 [WARN] PackLoader:240 - Cannot read IP mode file for STMicroelectronics.X-CUBE-DPower.1.2.0
2024-12-19 18:20:04,090 [WARN] PackLoader:240 - Cannot read IP mode file for STMicroelectronics.X-CUBE-FREERTOS.1.3.0
2024-12-19 18:20:04,095 [WARN] PackLoader:240 - Cannot read IP mode file for STMicroelectronics.X-CUBE-NFC7.1.0.1
2024-12-19 18:20:04,115 [WARN] ConditionMgr:438 - getConditionDescription Invalid condition id : LAN8742 Phy interface Condition cause : null
2024-12-19 18:20:04,116 [WARN] PackLoader:240 - Cannot read IP mode file for STMicroelectronics.X-CUBE-AZRTOS-L4.2.0.0
2024-12-19 18:20:04,118 [WARN] ConditionMgr:1039 - genDependencies : Invalid condition id : LAN8742 Phy interface Condition cause : null
2024-12-19 18:20:04,118 [WARN] ConditionMgr:1039 - genDependencies : Invalid condition id : LAN8742 Phy interface Condition cause : null
2024-12-19 18:20:04,119 [WARN] ConditionMgr:1039 - genDependencies : Invalid condition id : LAN8742 Phy interface Condition cause : null
2024-12-19 18:20:04,130 [WARN] PackLoader:240 - Cannot read IP mode file for STMicroelectronics.X-CUBE-SFXS2LP1.4.0.0
2024-12-19 18:20:04,155 [WARN] PackLoader:240 - Cannot read IP mode file for STMicroelectronics.X-CUBE-AZRTOS-H7.3.3.0
2024-12-19 18:20:04,169 [WARN] PackLoader:240 - Cannot read IP mode file for STMicroelectronics.X-CUBE-IPS.3.0.0
2024-12-19 18:20:04,182 [WARN] ConditionMgr:438 - getConditionDescription Invalid condition id : UX DEVICE CLASS RTOS Condition cause : null
2024-12-19 18:20:04,182 [WARN] ConditionMgr:438 - getConditionDescription Invalid condition id : UX DEVICE CLASS RTOS Condition cause : null
2024-12-19 18:20:04,185 [WARN] PackLoader:240 - Cannot read IP mode file for STMicroelectronics.X-CUBE-AZRTOS-WB.2.0.0
2024-12-19 18:20:04,186 [WARN] ConditionMgr:1039 - genDependencies : Invalid condition id : UX DEVICE CLASS RTOS Condition cause : null
2024-12-19 18:20:04,186 [WARN] ConditionMgr:1039 - genDependencies : Invalid condition id : UX DEVICE CLASS RTOS Condition cause : null
2024-12-19 18:20:04,187 [WARN] ConditionMgr:1039 - genDependencies : Invalid condition id : UX DEVICE CLASS RTOS Condition cause : null
2024-12-19 18:20:04,187 [WARN] ConditionMgr:1039 - genDependencies : Invalid condition id : UX DEVICE CLASS RTOS Condition cause : null
2024-12-19 18:20:04,187 [WARN] ConditionMgr:1039 - genDependencies : Invalid condition id : UX DEVICE CLASS RTOS Condition cause : null
2024-12-19 18:20:04,202 [WARN] PackLoader:240 - Cannot read IP mode file for STMicroelectronics.X-CUBE-GNSS1.7.0.0
2024-12-19 18:20:04,207 [WARN] PackLoader:240 - Cannot read IP mode file for STMicroelectronics.X-CUBE-GNSS1.7.0.1
2024-12-19 18:20:04,213 [WARN] PackLoader:240 - Cannot read IP mode file for STMicroelectronics.FP-SNS-STBOX1.2.0.0
2024-12-19 18:20:04,227 [WARN] PackLoader:240 - Cannot read IP mode file for STMicroelectronics.X-CUBE-SUBG2.5.0.0
2024-12-19 18:20:04,236 [WARN] PackLoader:240 - Cannot read IP mode file for Cesanta.I-CUBE-Mongoose.7.13.0
2024-12-19 18:20:04,252 [WARN] PackLoader:240 - Cannot read IP mode file for STMicroelectronics.X-CUBE-AZRTOS-G4.2.0.0
2024-12-19 18:20:04,257 [WARN] PackLoader:240 - Cannot read IP mode file for STMicroelectronics.X-CUBE-ALS.1.0.2
2024-12-19 18:20:04,263 [WARN] PackLoader:240 - Cannot read IP mode file for STMicroelectronics.X-CUBE-TOUCHGFX.4.24.1
2024-12-19 18:20:04,266 [WARN] PackLoader:240 - Cannot read IP mode file for wolfSSL.I-CUBE-wolfTPM.3.4.0
2024-12-19 18:20:04,270 [WARN] PackLoader:240 - Cannot read IP mode file for portGmbH.I-Cube-SoM-uGOAL.1.1.0
2024-12-19 18:20:04,289 [WARN] PackLoader:240 - Cannot read IP mode file for STMicroelectronics.X-CUBE-AZRTOS-H7RS.1.0.0
2024-12-19 18:20:04,302 [WARN] PackLoader:240 - Cannot read IP mode file for STMicroelectronics.X-CUBE-TOF1.3.4.2
2024-12-19 18:20:04,335 [WARN] PackLoader:240 - Cannot read IP mode file for Infineon.AIROC-Wi-Fi-Bluetooth-STM32.1.6.1
2024-12-19 18:20:04,354 [WARN] PackLoader:240 - Cannot read IP mode file for wolfSSL.I-CUBE-wolfSSH.1.4.17
2024-12-19 18:20:04,355 [INFO] ThirdParty:978 - Integrity check success = true
2024-12-19 18:20:04,355 [INFO] IntegrityCheckThread:100 - exiting critical section [integrity check]
2024-12-19 18:20:04,355 [INFO] IntegrityCheckThread:103 - End integrity checks thread
2024-12-19 18:20:08,158 [INFO] McuFinderGlobals:63 - Set McuFinder mode to 2 (CubeIDE integrated)
2024-12-19 18:20:08,163 [INFO] MainUpdater:2873 - connection check result : 10
2024-12-19 18:20:08,166 [INFO] McuFinderGlobals:76 - Set McuFinderConnectedMode to true
2024-12-19 18:20:09,425 [INFO] ServerAccessManage:473 - Download File mcusAds.json._tmp_
2024-12-19 18:20:09,544 [INFO] LoadUrlFilesThread:156 - End of LoadUrlFiles Thread
2024-12-19 18:20:09,886 [INFO] WebApp:167 - Instantiating new browser for Auth
2024-12-19 18:20:10,168 [INFO] ServerAccessManage:473 - Download File cube-finder-db.zip
2024-12-19 18:20:11,321 [INFO] WebApp:448 - Apply proxy settings
2024-12-19 18:20:11,325 [INFO] WebApp:493 - Chromium authenticates against Manually configured proxy
2024-12-19 18:20:11,346 [INFO] WebApp:501 - Username used for proxy authentication: 
2024-12-19 18:20:11,407 [INFO] WebApp:869 - Register for checkConnection events
2024-12-19 18:20:11,407 [INFO] WebApp:448 - Apply proxy settings
2024-12-19 18:20:11,412 [INFO] WebApp:493 - Chromium authenticates against Manually configured proxy
2024-12-19 18:20:11,412 [INFO] WebApp:501 - Username used for proxy authentication: 
2024-12-19 18:20:11,548 [INFO] WebApp:220 - Starting web application
2024-12-19 18:20:11,549 [INFO] WebApp:578 - Web application path used /Applications/STM32CubeIDE.app/Contents/Eclipse/plugins/com.st.stm32cube.common.mx_6.12.1.202409122256/db/plugins/mcufinder/reactClient1/index.html
2024-12-19 18:20:12,025 [INFO] UserAuth:417 - Internet connection configuration mode: 1
2024-12-19 18:20:12,517 [INFO] WebApp:186 - Connection restablished
2024-12-19 18:20:13,080 [INFO] FileExtend:240 - Unzip File : cube-finder-db.zip
2024-12-19 18:20:13,085 [INFO] FileExtend:255 - Standard Zip Deflate
2024-12-19 18:20:13,831 [INFO] LoadUrlFilesThread:156 - End of LoadUrlFiles Thread
2024-12-19 18:20:16,926 [INFO] ServerAccessManage:473 - Download File crdb.zip
2024-12-19 18:20:22,987 [INFO] FileExtend:240 - Unzip File : crdb.zip
2024-12-19 18:20:22,987 [INFO] FileExtend:255 - Standard Zip Deflate
2024-12-19 18:20:23,114 [INFO] LoadUrlFilesThread:156 - End of LoadUrlFiles Thread
2024-12-19 18:20:23,764 [INFO] ServerAccessManage:473 - Download File tutoVideoDB.zip
2024-12-19 18:20:24,037 [INFO] FileExtend:240 - Unzip File : tutoVideoDB.zip
2024-12-19 18:20:24,039 [INFO] FileExtend:255 - Standard Zip Deflate
2024-12-19 18:20:24,155 [INFO] LoadUrlFilesThread:156 - End of LoadUrlFiles Thread
2024-12-19 18:20:24,164 [WARN] DbFile:41 - Overriding database path with different value: /Users/alessandro.nardinelli/.stmcufinder/plugins/mcufinder/ => /Users/alessandro.nardinelli/.stmcufinder/plugins/mcufinder
2024-12-19 18:20:24,477 [INFO] ServerAccessManage:473 - Download File api_config.json
2024-12-19 18:20:24,589 [INFO] LoadUrlFilesThread:156 - End of LoadUrlFiles Thread
2024-12-19 18:20:24,598 [INFO] DbMcusAds:53 - JSON generation date=Tue Dec 17 13:01:15 BRT 2024 (1734451275222)
2024-12-19 18:20:25,221 [INFO] ServerAccessManage:473 - Download File 
2024-12-19 18:20:25,434 [INFO] LoadUrlFilesThread:185 - End of LoadServerUrlFiles without Thread
2024-12-19 18:20:25,435 [INFO] TargetSelectorAdapter:259 - Refresh data is successful
2024-12-19 18:20:27,112 [INFO] ApiDb:581 - Connected to CubeFinder SQLite database (/Users/alessandro.nardinelli/.stmcufinder/plugins/mcufinder/mcu/cube-finder-db.db)
2024-12-19 18:20:27,165 [INFO] ApiDb:668 - CubeFinder database Data Model version=2.1
2024-12-19 18:20:27,165 [INFO] ApiDb:669 - CubeFinder database Configuration version=3.0.39
2024-12-19 18:20:27,166 [INFO] ApiDb:670 - CubeFinder database generation date=2024-11-21 (1732182206)
2024-12-19 18:20:27,167 [INFO] ApiDb:671 - CubeFinder database FW Pack versions=[FP-ATR-ASTRA1_V2.0.0, FP-SNS-FLIGHT1_V5.0.2, FP-SNS-MOTENV1_V5.0.0, FP-SNS-MOTENVWB1_V1.4.0, FP-SNS-SMARTAG2_V1.2.0, FP-SNS-STBOX1_V2.0.0, STM32Cube_FW_C0_V1.3.0, STM32Cube_FW_F4_V1.28.1, STM32Cube_FW_F7_V1.17.2, STM32Cube_FW_G0_V1.6.2, STM32Cube_FW_G4_V1.6.1, STM32Cube_FW_H5_V1.4.0, STM32Cube_FW_H7RS_V1.1.0, STM32Cube_FW_H7_V1.12.0, STM32Cube_FW_L0_V1.12.2, STM32Cube_FW_L4_V1.18.1, STM32Cube_FW_L5_V1.5.1, STM32Cube_FW_N6_V1.0.0, STM32Cube_FW_U0_V1.2.0, STM32Cube_FW_U3_V1.0.0, STM32Cube_FW_U5_V1.7.0, STM32Cube_FW_WB0_V1.1.0, STM32Cube_FW_WBA_V1.5.0, STM32Cube_FW_WB_V1.21.0, STM32Cube_FW_WL3_V1.0.0, STM32Cube_FW_WL_V1.3.0, X-CUBE-ALGOBUILD_V1.4.0, X-CUBE-ALS_V1.0.2, X-CUBE-AZRTOS-F4_V1.1.0, X-CUBE-AZRTOS-F7_V1.1.0, X-CUBE-AZRTOS-G0_V1.1.0, X-CUBE-AZRTOS-G4_V2.0.0, X-CUBE-AZRTOS-H7RS_V1.0.0, X-CUBE-AZRTOS-H7_V3.3.0, X-CUBE-AZRTOS-L4_V2.0.0, X-CUBE-AZRTOS-L5_V2.0.0, X-CUBE-AZRTOS-WB_V2.0.0, X-CUBE-AZRTOS-WL_V2.0.0, X-CUBE-BLE1_V7.0.0, X-CUBE-BLE2_V3.3.0, X-CUBE-BLEMGR_V3.1.0, X-CUBE-EEPRMA1_V5.1.0, X-CUBE-FREERTOS_V1.2.0, X-CUBE-GNSS1_V6.0.0, X-CUBE-MEMS1_V11.0.0, X-CUBE-NFC4_V3.0.0, X-CUBE-NFC7_V1.0.1, X-CUBE-SFXS2LP1_V4.0.0, X-CUBE-SUBG2_V5.0.0, X-CUBE-TOF1_V3.4.2]
2024-12-19 18:20:28,385 [INFO] ApiDb:240 - Found 646 in-development CPN: [B-G473E-ZEST1S, B-WB1M-WPAN1, B-WL5M-SUBG1, NUCLEO-C031C6, NUCLEO-C071RB, NUCLEO-H503RB, NUCLEO-H533RE, NUCLEO-H563ZI, NUCLEO-H7S3L8, NUCLEO-U031R8, NUCLEO-U083RC, NUCLEO-U545RE-Q, NUCLEO-U5A5ZJ-Q, NUCLEO-WB05KZ, NUCLEO-WB07CC, NUCLEO-WB09KE, NUCLEO-WBA52CG, NUCLEO-WBA55CG, STEVAL-PROTEUS1, STEVAL-SMARTAG2, STEVAL-STWINBX1, STM320518-EVAL, STM32C0116-DK, STM32C011D6Y3TR, STM32C011D6Y6TR, STM32C011F4P3, STM32C011F4P6, STM32C011F4U3, STM32C011F4U6TR, STM32C011F6P3, STM32C011F6P6, STM32C011F6U3, STM32C011F6U6TR, STM32C011J4M3, STM32C011J4M6, STM32C011J6M3, STM32C011J6M6, STM32C0316-DK, STM32C031C4T3, STM32C031C4T6, STM32C031C4U3, STM32C031C4U6, STM32C031C6T3, STM32C031C6T6, STM32C031C6U3, STM32C031C6U6, STM32C031F4P3, STM32C031F4P6, STM32C031F6P3, STM32C031F6P6, STM32C031G4U3, STM32C031G4U6, STM32C031G6U3, STM32C031G6U6, STM32C031K4T3, STM32C031K4T6, STM32C031K4U3, STM32C031K4U6, STM32C031K6T3, STM32C031K6T6, STM32C031K6U3, STM32C031K6U6, STM32C071C8T6, STM32C071C8T6N, STM32C071C8U6, STM32C071C8U6N, STM32C071CBT6, STM32C071CBT6N, STM32C071CBU6, STM32C071CBU6N, STM32C071F8P6, STM32C071F8P6N, STM32C071FBP6, STM32C071FBP6N, STM32C071FBY6TR, STM32C071G8U6, STM32C071G8U6N, STM32C071GBU6, STM32C071GBU6N, STM32C071K8T6, STM32C071K8T6N, STM32C071K8U6, STM32C071K8U6N, STM32C071KBT6, STM32C071KBT6N, STM32C071KBU6, STM32C071KBU6N, STM32C071R8T6, STM32C071R8T6N, STM32C071RBI6N, STM32C071RBT6, STM32C071RBT6N, STM32G071K8TXN, STM32G071K8UXN, STM32G081GBU6N, STM32G081KBT6N, STM32G081KBUXN, STM32G0B1CCT6N, STM32G0B1KCT6, STM32G0B1NEY6TR, STM32G0B1RCT6N, STM32G0C1CCT6, STM32G0C1CCT6N, STM32G0C1CCU6N, STM32G0C1CET6N, STM32G0C1CEU6N, STM32G0C1KCT6, STM32G0C1NEY6TR, STM32G0C1RCI6N, STM32G0C1RCT6N, STM32G0C1REI6N, STM32G0C1RET6N, STM32G0C1VCI6, STM32G0C1VEI6, STM32G411C6T3, STM32G411C6T6, STM32G411C6U3, STM32G411C6U6, STM32G411C8T3, STM32G411C8T6, STM32G411C8U3, STM32G411C8U6, STM32G411CBT3, STM32G411CBT6, STM32G411CBU3, STM32G411CBU6, STM32G411K6T3, STM32G411K6T6, STM32G411K6U3, STM32G411K6U6, STM32G411K8T3, STM32G411K8T6, STM32G411K8U3, STM32G411K8U6, STM32G411KBT3, STM32G411KBT6, STM32G411KBU3, STM32G411KBU6, STM32G411M6T3, STM32G411M6T6, STM32G411M8T3, STM32G411M8T6, STM32G411MBT3, STM32G411MBT6, STM32G411R6T3, STM32G411R6T6, STM32G411R8T3, STM32G411R8T6, STM32G411RBT3, STM32G411RBT6, STM32G414CBT3, STM32G414CBT6, STM32G414CBU3, STM32G414CBU6, STM32G414CCT3, STM32G414CCT6, STM32G414CCU3, STM32G414CCU6, STM32G414MBT3, STM32G414MBT6, STM32G414MCT3, STM32G414MCT6, STM32G414RBT3, STM32G414RBT6, STM32G414RCT3, STM32G414RCT6, STM32G414VBT3, STM32G414VBT6, STM32G414VCT3, STM32G414VCT6, STM32G431CBT3Z, STM32G431RBT3Z, STM32G471CCT6, STM32G471CCU6, STM32G471CET3, STM32G471CET6, STM32G471CEU3, STM32G471CEU6, STM32G471MCT6, STM32G471MET3, STM32G471MET6, STM32G471MEY6TR, STM32G471QCT6, STM32G471QET3, STM32G471RCT6, STM32G471RET3, STM32G471RET6, STM32G471VCH6, STM32G471VCI6, STM32G471VCT6, STM32G471VEH3, STM32G471VEH6, STM32G471VEI3, STM32G471VEI6, STM32G471VET3, STM32G471VET6, STM32G473QET3Z, STM32G473RET3Z, STM32G474CCT6, STM32G491RET3Z, STM32H503CBT6, STM32H503CBU6, STM32H503EBY6TR, STM32H503KBU6, STM32H503RBT6, STM32H523CCT6, STM32H523CCU6, STM32H523CET6, STM32H523CEU6, STM32H523HEY6TR, STM32H523RCT6, STM32H523RET6, STM32H523VCI6, STM32H523VCT6, STM32H523VEI6, STM32H523VET6, STM32H523ZCJ6, STM32H523ZCT6, STM32H523ZEJ6, STM32H523ZET6, STM32H533CET6, STM32H533CEU6, STM32H533HEY6TR, STM32H533RET6, STM32H533VEI6, STM32H533VET6, STM32H533ZEJ6, STM32H533ZET6, STM32H562AGI6, STM32H562AII6, STM32H562IGK6, STM32H562IGT6, STM32H562IIK6, STM32H562IIT6, STM32H562RGT6, STM32H562RGV6, STM32H562RIT6, STM32H562RIV6, STM32H562VGT6, STM32H562VIT6, STM32H562ZGT6, STM32H562ZIT6, STM32H563AGI6, STM32H563AII3Q, STM32H563AII6, STM32H563IGK6, STM32H563IGT6, STM32H563IIK3Q, STM32H563IIK6, STM32H563IIT3Q, STM32H563IIT6, STM32H563MIY3QTR, STM32H563RGT6, STM32H563RGV6, STM32H563RIT6, STM32H563RIV6, STM32H563VGT6, STM32H563VIT3Q, STM32H563VIT6, STM32H563ZGT6, STM32H563ZIT3Q, STM32H563ZIT6, STM32H573AII3Q, STM32H573AII6, STM32H573I-DK, STM32H573IIK3Q, STM32H573IIK6, STM32H573IIT3Q, STM32H573IIT6, STM32H573MIY3QTR, STM32H573RIT6, STM32H573RIV6, STM32H573VIT3Q, STM32H573VIT6, STM32H573ZIT3Q, STM32H573ZIT6, STM32H7R3A8I6, STM32H7R3I8K6, STM32H7R3I8T6, STM32H7R3L8H6, STM32H7R3L8H6H, STM32H7R3R8V6, STM32H7R3V8H6, STM32H7R3V8T6, STM32H7R3V8Y6TR, STM32H7R3Z8J6, STM32H7R3Z8T6, STM32H7R7A8I6, STM32H7R7I8K6, STM32H7R7I8T6, STM32H7R7L8H6, STM32H7R7L8H6H, STM32H7R7Z8J6, STM32H7S3A8I6, STM32H7S3I8K6, STM32H7S3I8T6, STM32H7S3L8H6, STM32H7S3L8H6H, STM32H7S3R8V6, STM32H7S3V8H6, STM32H7S3V8T6, STM32H7S3V8Y6TR, STM32H7S3Z8J6, STM32H7S3Z8T6, STM32H7S78-DK, STM32H7S7A8I6, STM32H7S7I8K6, STM32H7S7I8T6, STM32H7S7L8H6, STM32H7S7L8H6H, STM32H7S7Z8J6, STM32L4R5QGI6STR, STM32MP131AAE3, STM32MP131AAF3, STM32MP131AAG3, STM32MP131CAE3, STM32MP131CAF3, STM32MP131CAG3, STM32MP131DAE7, STM32MP131DAF7, STM32MP131DAG7, STM32MP131FAE7, STM32MP131FAF7, STM32MP131FAG7, STM32MP133AAE3, STM32MP133AAF3, STM32MP133AAG3, STM32MP133CAE3, STM32MP133CAF3, STM32MP133CAG3, STM32MP133DAE7, STM32MP133DAF7, STM32MP133DAG7, STM32MP133FAE7, STM32MP133FAF7, STM32MP133FAG7, STM32MP135AAE3, STM32MP135AAF3, STM32MP135AAG3, STM32MP135CAE3, STM32MP135CAF3, STM32MP135CAG3, STM32MP135DAE7, STM32MP135DAF7, STM32MP135DAG7, STM32MP135F-DK, STM32MP135FAE7, STM32MP135FAF7, STM32MP135FAF7T, STM32MP135FAF7U, STM32MP135FAG7, STM32MP251AAI3, STM32MP251AAK3, STM32MP251AAL3, STM32MP251CAI3, STM32MP251CAK3, STM32MP251CAL3, STM32MP251DAI3, STM32MP251DAK3, STM32MP251DAL3, STM32MP251FAI3, STM32MP251FAK3, STM32MP251FAL3, STM32MP253AAI3, STM32MP253AAK3, STM32MP253AAL3, STM32MP253CAI3, STM32MP253CAK3, STM32MP253CAL3, STM32MP253DAI3, STM32MP253DAK3, STM32MP253DAL3, STM32MP253FAI3, STM32MP253FAK3, STM32MP253FAL3, STM32MP255AAI3, STM32MP255AAK3, STM32MP255AAL3, STM32MP255CAI3, STM32MP255CAK3, STM32MP255CAL3, STM32MP255DAI3, STM32MP255DAK3, STM32MP255DAL3, STM32MP255FAI3, STM32MP255FAK3, STM32MP255FAL3, STM32MP257AAI3, STM32MP257AAK3, STM32MP257AAL3, STM32MP257CAI3, STM32MP257CAK3, STM32MP257CAL3, STM32MP257DAI3, STM32MP257DAK3, STM32MP257DAL3, STM32MP257F-DK, STM32MP257F-EV1, STM32MP257FAI3, STM32MP257FAK3, STM32MP257FAL3, STM32U031C6T6, STM32U031C6U6, STM32U031C8T6, STM32U031C8U6, STM32U031F4P6, STM32U031F6P6, STM32U031F8P6, STM32U031G6Y6TR, STM32U031G8Y6TR, STM32U031K4U6, STM32U031K6U6, STM32U031K8U6, STM32U031R6I6, STM32U031R6T6, STM32U031R8I6, STM32U031R8T6, STM32U073C8T6, STM32U073C8U6, STM32U073CBT6, STM32U073CBU6, STM32U073CCT6, STM32U073CCU6, STM32U073H8Y6TR, STM32U073HBY6TR, STM32U073HCY6TR, STM32U073K8U6, STM32U073KBU6, STM32U073KCU6, STM32U073M8I6, STM32U073M8T6, STM32U073MBI6, STM32U073MBT6, STM32U073MCI6, STM32U073MCT6, STM32U073R8I6, STM32U073R8T6, STM32U073RBI6, STM32U073RBT6, STM32U073RCI6, STM32U073RCT6, STM32U083C-DK, STM32U083CCT6, STM32U083CCU6, STM32U083HCY6TR, STM32U083KCU6, STM32U083MCI6, STM32U083MCT6, STM32U083RCI6, STM32U083RCT6, STM32U535CBT6, STM32U535CBT6Q, STM32U535CBU6, STM32U535CBU6Q, STM32U535CCT6, STM32U535CCT6Q, STM32U535CCU6, STM32U535CCU6Q, STM32U535CET6, STM32U535CET6Q, STM32U535CEU6, STM32U535CEU6Q, STM32U535JEY6QTR, STM32U535NCY6QTR, STM32U535NEY6QTR, STM32U535RBI6, STM32U535RBI6Q, STM32U535RBT6, STM32U535RBT6Q, STM32U535RCI6, STM32U535RCI6Q, STM32U535RCT6, STM32U535RCT6Q, STM32U535REI6, STM32U535REI6Q, STM32U535RET6, STM32U535RET6Q, STM32U535VCI6, STM32U535VCI6Q, STM32U535VCT6, STM32U535VCT6Q, STM32U535VEI6, STM32U535VEI6Q, STM32U535VET6, STM32U535VET6Q, STM32U545CET6, STM32U545CET6Q, STM32U545CEU6, STM32U545CEU6Q, STM32U545JEY6QTR, STM32U545NEY6QTR, STM32U545REI6, STM32U545REI6Q, STM32U545RET6, STM32U545RET6Q, STM32U545VEI6, STM32U545VEI6Q, STM32U545VET6, STM32U545VET6Q, STM32U595AIH6, STM32U595AIH6Q, STM32U595AJH6, STM32U595AJH6Q, STM32U595QII6, STM32U595QII6Q, STM32U595QJI6, STM32U595QJI6Q, STM32U595RIT6, STM32U595RIT6Q, STM32U595RJT6, STM32U595RJT6Q, STM32U595VIT6, STM32U595VIT6Q, STM32U595VJT6, STM32U595VJT6Q, STM32U595ZIT6, STM32U595ZIT6Q, STM32U595ZIY6QTR, STM32U595ZJT6, STM32U595ZJT6Q, STM32U595ZJY6QTR, STM32U599BJY6QTR, STM32U599NIH6Q, STM32U599NJH6Q, STM32U599VIT6Q, STM32U599VJT6, STM32U599VJT6Q, STM32U599ZIT6Q, STM32U599ZIY6QTR, STM32U599ZJT6Q, STM32U599ZJY6QTR, STM32U5A5AJH6, STM32U5A5AJH6Q, STM32U5A5QII3Q , STM32U5A5QJI6, STM32U5A5QJI6Q, STM32U5A5RJT6, STM32U5A5RJT6Q, STM32U5A5VJT6, STM32U5A5VJT6Q, STM32U5A5ZJT6, STM32U5A5ZJT6Q, STM32U5A5ZJY6QTR, STM32U5A9BJY6QTR, STM32U5A9J-DK, STM32U5A9NJH6Q, STM32U5A9VJT6Q, STM32U5A9ZJT6Q, STM32U5A9ZJY6QTR, STM32U5F7VIT6, STM32U5F7VIT6Q, STM32U5F7VJT6, STM32U5F7VJT6Q, STM32U5F9BJY6QTR, STM32U5F9NJH6Q, STM32U5F9VIT6Q, STM32U5F9VJT6Q, STM32U5F9ZIJ6QTR, STM32U5F9ZIT6Q, STM32U5F9ZJJ6QTR, STM32U5F9ZJT6Q, STM32U5G7VJT6, STM32U5G7VJT6Q, STM32U5G9BJY6QTR, STM32U5G9J-DK1, STM32U5G9J-DK2, STM32U5G9NJH6Q, STM32U5G9VJT6Q, STM32U5G9ZJJ6QTR, STM32U5G9ZJT6Q, STM32WB05KZV6TR, STM32WB05KZV7TR, STM32WB05TZF6TR, STM32WB05TZF7TR, STM32WB06CCF6TR, STM32WB06CCF7TR, STM32WB06CCV6TR, STM32WB06CCV7TR, STM32WB06KCV6TR, STM32WB06KCV7TR, STM32WB07CCF6TR, STM32WB07CCF7TR, STM32WB07CCV6TR, STM32WB07CCV7TR, STM32WB07KCV6TR, STM32WB07KCV7TR, STM32WB09KEV6TR, STM32WB09KEV7TR, STM32WB09TEF6TR, STM32WB09TEF7TR, STM32WB1MMCH6, STM32WBA50KGU6, STM32WBA50KGU6TR, STM32WBA52CEU6, STM32WBA52CEU6TR, STM32WBA52CEU7, STM32WBA52CEU7TR, STM32WBA52CGU6, STM32WBA52CGU6TR, STM32WBA52CGU6U, STM32WBA52CGU7, STM32WBA52CGU7TR, STM32WBA52KEU6, STM32WBA52KEU6TR, STM32WBA52KGU6, STM32WBA52KGU6TR, STM32WBA54CEU6, STM32WBA54CEU6TR, STM32WBA54CEU7, STM32WBA54CEU7TR, STM32WBA54CGU6, STM32WBA54CGU6TR, STM32WBA54CGU7, STM32WBA54CGU7TR, STM32WBA54KEU6, STM32WBA54KEU6TR, STM32WBA54KEU7, STM32WBA54KEU7TR, STM32WBA54KGU6, STM32WBA54KGU6TR, STM32WBA54KGU7, STM32WBA54KGU7TR, STM32WBA55CEU6, STM32WBA55CEU6TR, STM32WBA55CEU7, STM32WBA55CEU7TR, STM32WBA55CGU6, STM32WBA55CGU6TR, STM32WBA55CGU6U, STM32WBA55CGU7, STM32WBA55CGU7TR, STM32WBA55G-DK1, STM32WBA55HEF6, STM32WBA55HEF7, STM32WBA55HGF6, STM32WBA55HGF7, STM32WBA55UEI6, STM32WBA55UEI6TR, STM32WBA55UEI7, STM32WBA55UEI7TR, STM32WBA55UGI6, STM32WBA55UGI6TR, STM32WBA55UGI7, STM32WBA55UGI7TR, STM32WL5MOCH6, STM32WL5MOCH6TR]
2024-12-19 18:20:28,394 [INFO] DbMcus:218 - Found 4389 MCUs, 4389 are supported
2024-12-19 18:20:28,395 [INFO] ApiDb:423 - Load user favorites file /Users/alessandro.nardinelli/.stm32cubeide/favorites.mcus.txt: 0 item(s)
2024-12-19 18:20:28,395 [INFO] ApiDb:427 - User favorites MCUs=[]
2024-12-19 18:20:28,395 [INFO] DbMcus:224 - Set 0 / 0 favorites MCUs
2024-12-19 18:20:28,660 [INFO] ApiDb:668 - CubeFinder database Data Model version=2.1
2024-12-19 18:20:28,662 [INFO] ApiDb:669 - CubeFinder database Configuration version=3.0.39
2024-12-19 18:20:28,663 [INFO] ApiDb:670 - CubeFinder database generation date=2024-11-21 (1732182206)
2024-12-19 18:20:28,663 [INFO] ApiDb:671 - CubeFinder database FW Pack versions=[FP-ATR-ASTRA1_V2.0.0, FP-SNS-FLIGHT1_V5.0.2, FP-SNS-MOTENV1_V5.0.0, FP-SNS-MOTENVWB1_V1.4.0, FP-SNS-SMARTAG2_V1.2.0, FP-SNS-STBOX1_V2.0.0, STM32Cube_FW_C0_V1.3.0, STM32Cube_FW_F4_V1.28.1, STM32Cube_FW_F7_V1.17.2, STM32Cube_FW_G0_V1.6.2, STM32Cube_FW_G4_V1.6.1, STM32Cube_FW_H5_V1.4.0, STM32Cube_FW_H7RS_V1.1.0, STM32Cube_FW_H7_V1.12.0, STM32Cube_FW_L0_V1.12.2, STM32Cube_FW_L4_V1.18.1, STM32Cube_FW_L5_V1.5.1, STM32Cube_FW_N6_V1.0.0, STM32Cube_FW_U0_V1.2.0, STM32Cube_FW_U3_V1.0.0, STM32Cube_FW_U5_V1.7.0, STM32Cube_FW_WB0_V1.1.0, STM32Cube_FW_WBA_V1.5.0, STM32Cube_FW_WB_V1.21.0, STM32Cube_FW_WL3_V1.0.0, STM32Cube_FW_WL_V1.3.0, X-CUBE-ALGOBUILD_V1.4.0, X-CUBE-ALS_V1.0.2, X-CUBE-AZRTOS-F4_V1.1.0, X-CUBE-AZRTOS-F7_V1.1.0, X-CUBE-AZRTOS-G0_V1.1.0, X-CUBE-AZRTOS-G4_V2.0.0, X-CUBE-AZRTOS-H7RS_V1.0.0, X-CUBE-AZRTOS-H7_V3.3.0, X-CUBE-AZRTOS-L4_V2.0.0, X-CUBE-AZRTOS-L5_V2.0.0, X-CUBE-AZRTOS-WB_V2.0.0, X-CUBE-AZRTOS-WL_V2.0.0, X-CUBE-BLE1_V7.0.0, X-CUBE-BLE2_V3.3.0, X-CUBE-BLEMGR_V3.1.0, X-CUBE-EEPRMA1_V5.1.0, X-CUBE-FREERTOS_V1.2.0, X-CUBE-GNSS1_V6.0.0, X-CUBE-MEMS1_V11.0.0, X-CUBE-NFC4_V3.0.0, X-CUBE-NFC7_V1.0.1, X-CUBE-SFXS2LP1_V4.0.0, X-CUBE-SUBG2_V5.0.0, X-CUBE-TOF1_V3.4.2]
2024-12-19 18:20:28,707 [INFO] DbBoardsSqlite:226 - include board P-NUCLEO-WB55-NUCLEO as a kit item of type 'Nucleo-64'
2024-12-19 18:20:28,707 [INFO] DbBoardsSqlite:226 - include board P-NUCLEO-WB55-USBDONGLE as a kit item of type 'Nucleo USB Dongle'
2024-12-19 18:20:28,707 [INFO] DbBoardsSqlite:226 - include board STEVAL-IDP005V1 as a kit item of type 'Evaluation Board'
2024-12-19 18:20:28,707 [INFO] DbBoardsSqlite:226 - include board STEVAL-IDP005V2 as a kit item of type 'Evaluation Board'
2024-12-19 18:20:28,734 [INFO] ApiDb:240 - Found 646 in-development CPN: [B-G473E-ZEST1S, B-WB1M-WPAN1, B-WL5M-SUBG1, NUCLEO-C031C6, NUCLEO-C071RB, NUCLEO-H503RB, NUCLEO-H533RE, NUCLEO-H563ZI, NUCLEO-H7S3L8, NUCLEO-U031R8, NUCLEO-U083RC, NUCLEO-U545RE-Q, NUCLEO-U5A5ZJ-Q, NUCLEO-WB05KZ, NUCLEO-WB07CC, NUCLEO-WB09KE, NUCLEO-WBA52CG, NUCLEO-WBA55CG, STEVAL-PROTEUS1, STEVAL-SMARTAG2, STEVAL-STWINBX1, STM320518-EVAL, STM32C0116-DK, STM32C011D6Y3TR, STM32C011D6Y6TR, STM32C011F4P3, STM32C011F4P6, STM32C011F4U3, STM32C011F4U6TR, STM32C011F6P3, STM32C011F6P6, STM32C011F6U3, STM32C011F6U6TR, STM32C011J4M3, STM32C011J4M6, STM32C011J6M3, STM32C011J6M6, STM32C0316-DK, STM32C031C4T3, STM32C031C4T6, STM32C031C4U3, STM32C031C4U6, STM32C031C6T3, STM32C031C6T6, STM32C031C6U3, STM32C031C6U6, STM32C031F4P3, STM32C031F4P6, STM32C031F6P3, STM32C031F6P6, STM32C031G4U3, STM32C031G4U6, STM32C031G6U3, STM32C031G6U6, STM32C031K4T3, STM32C031K4T6, STM32C031K4U3, STM32C031K4U6, STM32C031K6T3, STM32C031K6T6, STM32C031K6U3, STM32C031K6U6, STM32C071C8T6, STM32C071C8T6N, STM32C071C8U6, STM32C071C8U6N, STM32C071CBT6, STM32C071CBT6N, STM32C071CBU6, STM32C071CBU6N, STM32C071F8P6, STM32C071F8P6N, STM32C071FBP6, STM32C071FBP6N, STM32C071FBY6TR, STM32C071G8U6, STM32C071G8U6N, STM32C071GBU6, STM32C071GBU6N, STM32C071K8T6, STM32C071K8T6N, STM32C071K8U6, STM32C071K8U6N, STM32C071KBT6, STM32C071KBT6N, STM32C071KBU6, STM32C071KBU6N, STM32C071R8T6, STM32C071R8T6N, STM32C071RBI6N, STM32C071RBT6, STM32C071RBT6N, STM32G071K8TXN, STM32G071K8UXN, STM32G081GBU6N, STM32G081KBT6N, STM32G081KBUXN, STM32G0B1CCT6N, STM32G0B1KCT6, STM32G0B1NEY6TR, STM32G0B1RCT6N, STM32G0C1CCT6, STM32G0C1CCT6N, STM32G0C1CCU6N, STM32G0C1CET6N, STM32G0C1CEU6N, STM32G0C1KCT6, STM32G0C1NEY6TR, STM32G0C1RCI6N, STM32G0C1RCT6N, STM32G0C1REI6N, STM32G0C1RET6N, STM32G0C1VCI6, STM32G0C1VEI6, STM32G411C6T3, STM32G411C6T6, STM32G411C6U3, STM32G411C6U6, STM32G411C8T3, STM32G411C8T6, STM32G411C8U3, STM32G411C8U6, STM32G411CBT3, STM32G411CBT6, STM32G411CBU3, STM32G411CBU6, STM32G411K6T3, STM32G411K6T6, STM32G411K6U3, STM32G411K6U6, STM32G411K8T3, STM32G411K8T6, STM32G411K8U3, STM32G411K8U6, STM32G411KBT3, STM32G411KBT6, STM32G411KBU3, STM32G411KBU6, STM32G411M6T3, STM32G411M6T6, STM32G411M8T3, STM32G411M8T6, STM32G411MBT3, STM32G411MBT6, STM32G411R6T3, STM32G411R6T6, STM32G411R8T3, STM32G411R8T6, STM32G411RBT3, STM32G411RBT6, STM32G414CBT3, STM32G414CBT6, STM32G414CBU3, STM32G414CBU6, STM32G414CCT3, STM32G414CCT6, STM32G414CCU3, STM32G414CCU6, STM32G414MBT3, STM32G414MBT6, STM32G414MCT3, STM32G414MCT6, STM32G414RBT3, STM32G414RBT6, STM32G414RCT3, STM32G414RCT6, STM32G414VBT3, STM32G414VBT6, STM32G414VCT3, STM32G414VCT6, STM32G431CBT3Z, STM32G431RBT3Z, STM32G471CCT6, STM32G471CCU6, STM32G471CET3, STM32G471CET6, STM32G471CEU3, STM32G471CEU6, STM32G471MCT6, STM32G471MET3, STM32G471MET6, STM32G471MEY6TR, STM32G471QCT6, STM32G471QET3, STM32G471RCT6, STM32G471RET3, STM32G471RET6, STM32G471VCH6, STM32G471VCI6, STM32G471VCT6, STM32G471VEH3, STM32G471VEH6, STM32G471VEI3, STM32G471VEI6, STM32G471VET3, STM32G471VET6, STM32G473QET3Z, STM32G473RET3Z, STM32G474CCT6, STM32G491RET3Z, STM32H503CBT6, STM32H503CBU6, STM32H503EBY6TR, STM32H503KBU6, STM32H503RBT6, STM32H523CCT6, STM32H523CCU6, STM32H523CET6, STM32H523CEU6, STM32H523HEY6TR, STM32H523RCT6, STM32H523RET6, STM32H523VCI6, STM32H523VCT6, STM32H523VEI6, STM32H523VET6, STM32H523ZCJ6, STM32H523ZCT6, STM32H523ZEJ6, STM32H523ZET6, STM32H533CET6, STM32H533CEU6, STM32H533HEY6TR, STM32H533RET6, STM32H533VEI6, STM32H533VET6, STM32H533ZEJ6, STM32H533ZET6, STM32H562AGI6, STM32H562AII6, STM32H562IGK6, STM32H562IGT6, STM32H562IIK6, STM32H562IIT6, STM32H562RGT6, STM32H562RGV6, STM32H562RIT6, STM32H562RIV6, STM32H562VGT6, STM32H562VIT6, STM32H562ZGT6, STM32H562ZIT6, STM32H563AGI6, STM32H563AII3Q, STM32H563AII6, STM32H563IGK6, STM32H563IGT6, STM32H563IIK3Q, STM32H563IIK6, STM32H563IIT3Q, STM32H563IIT6, STM32H563MIY3QTR, STM32H563RGT6, STM32H563RGV6, STM32H563RIT6, STM32H563RIV6, STM32H563VGT6, STM32H563VIT3Q, STM32H563VIT6, STM32H563ZGT6, STM32H563ZIT3Q, STM32H563ZIT6, STM32H573AII3Q, STM32H573AII6, STM32H573I-DK, STM32H573IIK3Q, STM32H573IIK6, STM32H573IIT3Q, STM32H573IIT6, STM32H573MIY3QTR, STM32H573RIT6, STM32H573RIV6, STM32H573VIT3Q, STM32H573VIT6, STM32H573ZIT3Q, STM32H573ZIT6, STM32H7R3A8I6, STM32H7R3I8K6, STM32H7R3I8T6, STM32H7R3L8H6, STM32H7R3L8H6H, STM32H7R3R8V6, STM32H7R3V8H6, STM32H7R3V8T6, STM32H7R3V8Y6TR, STM32H7R3Z8J6, STM32H7R3Z8T6, STM32H7R7A8I6, STM32H7R7I8K6, STM32H7R7I8T6, STM32H7R7L8H6, STM32H7R7L8H6H, STM32H7R7Z8J6, STM32H7S3A8I6, STM32H7S3I8K6, STM32H7S3I8T6, STM32H7S3L8H6, STM32H7S3L8H6H, STM32H7S3R8V6, STM32H7S3V8H6, STM32H7S3V8T6, STM32H7S3V8Y6TR, STM32H7S3Z8J6, STM32H7S3Z8T6, STM32H7S78-DK, STM32H7S7A8I6, STM32H7S7I8K6, STM32H7S7I8T6, STM32H7S7L8H6, STM32H7S7L8H6H, STM32H7S7Z8J6, STM32L4R5QGI6STR, STM32MP131AAE3, STM32MP131AAF3, STM32MP131AAG3, STM32MP131CAE3, STM32MP131CAF3, STM32MP131CAG3, STM32MP131DAE7, STM32MP131DAF7, STM32MP131DAG7, STM32MP131FAE7, STM32MP131FAF7, STM32MP131FAG7, STM32MP133AAE3, STM32MP133AAF3, STM32MP133AAG3, STM32MP133CAE3, STM32MP133CAF3, STM32MP133CAG3, STM32MP133DAE7, STM32MP133DAF7, STM32MP133DAG7, STM32MP133FAE7, STM32MP133FAF7, STM32MP133FAG7, STM32MP135AAE3, STM32MP135AAF3, STM32MP135AAG3, STM32MP135CAE3, STM32MP135CAF3, STM32MP135CAG3, STM32MP135DAE7, STM32MP135DAF7, STM32MP135DAG7, STM32MP135F-DK, STM32MP135FAE7, STM32MP135FAF7, STM32MP135FAF7T, STM32MP135FAF7U, STM32MP135FAG7, STM32MP251AAI3, STM32MP251AAK3, STM32MP251AAL3, STM32MP251CAI3, STM32MP251CAK3, STM32MP251CAL3, STM32MP251DAI3, STM32MP251DAK3, STM32MP251DAL3, STM32MP251FAI3, STM32MP251FAK3, STM32MP251FAL3, STM32MP253AAI3, STM32MP253AAK3, STM32MP253AAL3, STM32MP253CAI3, STM32MP253CAK3, STM32MP253CAL3, STM32MP253DAI3, STM32MP253DAK3, STM32MP253DAL3, STM32MP253FAI3, STM32MP253FAK3, STM32MP253FAL3, STM32MP255AAI3, STM32MP255AAK3, STM32MP255AAL3, STM32MP255CAI3, STM32MP255CAK3, STM32MP255CAL3, STM32MP255DAI3, STM32MP255DAK3, STM32MP255DAL3, STM32MP255FAI3, STM32MP255FAK3, STM32MP255FAL3, STM32MP257AAI3, STM32MP257AAK3, STM32MP257AAL3, STM32MP257CAI3, STM32MP257CAK3, STM32MP257CAL3, STM32MP257DAI3, STM32MP257DAK3, STM32MP257DAL3, STM32MP257F-DK, STM32MP257F-EV1, STM32MP257FAI3, STM32MP257FAK3, STM32MP257FAL3, STM32U031C6T6, STM32U031C6U6, STM32U031C8T6, STM32U031C8U6, STM32U031F4P6, STM32U031F6P6, STM32U031F8P6, STM32U031G6Y6TR, STM32U031G8Y6TR, STM32U031K4U6, STM32U031K6U6, STM32U031K8U6, STM32U031R6I6, STM32U031R6T6, STM32U031R8I6, STM32U031R8T6, STM32U073C8T6, STM32U073C8U6, STM32U073CBT6, STM32U073CBU6, STM32U073CCT6, STM32U073CCU6, STM32U073H8Y6TR, STM32U073HBY6TR, STM32U073HCY6TR, STM32U073K8U6, STM32U073KBU6, STM32U073KCU6, STM32U073M8I6, STM32U073M8T6, STM32U073MBI6, STM32U073MBT6, STM32U073MCI6, STM32U073MCT6, STM32U073R8I6, STM32U073R8T6, STM32U073RBI6, STM32U073RBT6, STM32U073RCI6, STM32U073RCT6, STM32U083C-DK, STM32U083CCT6, STM32U083CCU6, STM32U083HCY6TR, STM32U083KCU6, STM32U083MCI6, STM32U083MCT6, STM32U083RCI6, STM32U083RCT6, STM32U535CBT6, STM32U535CBT6Q, STM32U535CBU6, STM32U535CBU6Q, STM32U535CCT6, STM32U535CCT6Q, STM32U535CCU6, STM32U535CCU6Q, STM32U535CET6, STM32U535CET6Q, STM32U535CEU6, STM32U535CEU6Q, STM32U535JEY6QTR, STM32U535NCY6QTR, STM32U535NEY6QTR, STM32U535RBI6, STM32U535RBI6Q, STM32U535RBT6, STM32U535RBT6Q, STM32U535RCI6, STM32U535RCI6Q, STM32U535RCT6, STM32U535RCT6Q, STM32U535REI6, STM32U535REI6Q, STM32U535RET6, STM32U535RET6Q, STM32U535VCI6, STM32U535VCI6Q, STM32U535VCT6, STM32U535VCT6Q, STM32U535VEI6, STM32U535VEI6Q, STM32U535VET6, STM32U535VET6Q, STM32U545CET6, STM32U545CET6Q, STM32U545CEU6, STM32U545CEU6Q, STM32U545JEY6QTR, STM32U545NEY6QTR, STM32U545REI6, STM32U545REI6Q, STM32U545RET6, STM32U545RET6Q, STM32U545VEI6, STM32U545VEI6Q, STM32U545VET6, STM32U545VET6Q, STM32U595AIH6, STM32U595AIH6Q, STM32U595AJH6, STM32U595AJH6Q, STM32U595QII6, STM32U595QII6Q, STM32U595QJI6, STM32U595QJI6Q, STM32U595RIT6, STM32U595RIT6Q, STM32U595RJT6, STM32U595RJT6Q, STM32U595VIT6, STM32U595VIT6Q, STM32U595VJT6, STM32U595VJT6Q, STM32U595ZIT6, STM32U595ZIT6Q, STM32U595ZIY6QTR, STM32U595ZJT6, STM32U595ZJT6Q, STM32U595ZJY6QTR, STM32U599BJY6QTR, STM32U599NIH6Q, STM32U599NJH6Q, STM32U599VIT6Q, STM32U599VJT6, STM32U599VJT6Q, STM32U599ZIT6Q, STM32U599ZIY6QTR, STM32U599ZJT6Q, STM32U599ZJY6QTR, STM32U5A5AJH6, STM32U5A5AJH6Q, STM32U5A5QII3Q , STM32U5A5QJI6, STM32U5A5QJI6Q, STM32U5A5RJT6, STM32U5A5RJT6Q, STM32U5A5VJT6, STM32U5A5VJT6Q, STM32U5A5ZJT6, STM32U5A5ZJT6Q, STM32U5A5ZJY6QTR, STM32U5A9BJY6QTR, STM32U5A9J-DK, STM32U5A9NJH6Q, STM32U5A9VJT6Q, STM32U5A9ZJT6Q, STM32U5A9ZJY6QTR, STM32U5F7VIT6, STM32U5F7VIT6Q, STM32U5F7VJT6, STM32U5F7VJT6Q, STM32U5F9BJY6QTR, STM32U5F9NJH6Q, STM32U5F9VIT6Q, STM32U5F9VJT6Q, STM32U5F9ZIJ6QTR, STM32U5F9ZIT6Q, STM32U5F9ZJJ6QTR, STM32U5F9ZJT6Q, STM32U5G7VJT6, STM32U5G7VJT6Q, STM32U5G9BJY6QTR, STM32U5G9J-DK1, STM32U5G9J-DK2, STM32U5G9NJH6Q, STM32U5G9VJT6Q, STM32U5G9ZJJ6QTR, STM32U5G9ZJT6Q, STM32WB05KZV6TR, STM32WB05KZV7TR, STM32WB05TZF6TR, STM32WB05TZF7TR, STM32WB06CCF6TR, STM32WB06CCF7TR, STM32WB06CCV6TR, STM32WB06CCV7TR, STM32WB06KCV6TR, STM32WB06KCV7TR, STM32WB07CCF6TR, STM32WB07CCF7TR, STM32WB07CCV6TR, STM32WB07CCV7TR, STM32WB07KCV6TR, STM32WB07KCV7TR, STM32WB09KEV6TR, STM32WB09KEV7TR, STM32WB09TEF6TR, STM32WB09TEF7TR, STM32WB1MMCH6, STM32WBA50KGU6, STM32WBA50KGU6TR, STM32WBA52CEU6, STM32WBA52CEU6TR, STM32WBA52CEU7, STM32WBA52CEU7TR, STM32WBA52CGU6, STM32WBA52CGU6TR, STM32WBA52CGU6U, STM32WBA52CGU7, STM32WBA52CGU7TR, STM32WBA52KEU6, STM32WBA52KEU6TR, STM32WBA52KGU6, STM32WBA52KGU6TR, STM32WBA54CEU6, STM32WBA54CEU6TR, STM32WBA54CEU7, STM32WBA54CEU7TR, STM32WBA54CGU6, STM32WBA54CGU6TR, STM32WBA54CGU7, STM32WBA54CGU7TR, STM32WBA54KEU6, STM32WBA54KEU6TR, STM32WBA54KEU7, STM32WBA54KEU7TR, STM32WBA54KGU6, STM32WBA54KGU6TR, STM32WBA54KGU7, STM32WBA54KGU7TR, STM32WBA55CEU6, STM32WBA55CEU6TR, STM32WBA55CEU7, STM32WBA55CEU7TR, STM32WBA55CGU6, STM32WBA55CGU6TR, STM32WBA55CGU6U, STM32WBA55CGU7, STM32WBA55CGU7TR, STM32WBA55G-DK1, STM32WBA55HEF6, STM32WBA55HEF7, STM32WBA55HGF6, STM32WBA55HGF7, STM32WBA55UEI6, STM32WBA55UEI6TR, STM32WBA55UEI7, STM32WBA55UEI7TR, STM32WBA55UGI6, STM32WBA55UGI6TR, STM32WBA55UGI7, STM32WBA55UGI7TR, STM32WL5MOCH6, STM32WL5MOCH6TR]
2024-12-19 18:20:28,885 [INFO] BoardInfo:889 - No configuration file found for board P-NUCLEO-WB55
2024-12-19 18:20:28,889 [INFO] DbBoards:161 - Kit is not supported: P-NUCLEO-WB55
2024-12-19 18:20:28,894 [INFO] BoardInfo:889 - No configuration file found for board STEVAL-BFA001V1B
2024-12-19 18:20:28,895 [INFO] DbBoards:161 - Kit is not supported: STEVAL-BFA001V1B
2024-12-19 18:20:28,896 [INFO] BoardInfo:889 - No configuration file found for board STEVAL-BFA001V2B
2024-12-19 18:20:28,896 [INFO] DbBoards:161 - Kit is not supported: STEVAL-BFA001V2B
2024-12-19 18:20:29,028 [INFO] DbBoards:168 - Found 201 boards, 198 are supported
2024-12-19 18:20:29,029 [INFO] DbBoards:169 - Found 201 boards, 25 of them is supported for  Bsp
2024-12-19 18:20:29,033 [INFO] ApiDb:423 - Load user favorites file /Users/alessandro.nardinelli/.stm32cubeide/favorites.boards.txt: 0 item(s)
2024-12-19 18:20:29,033 [INFO] ApiDb:427 - User favorites Boards=[]
2024-12-19 18:20:29,033 [INFO] DbBoards:198 - Set 0 / 0 favorites Boards
2024-12-19 18:20:29,038 [INFO] ApiDb:668 - CubeFinder database Data Model version=2.1
2024-12-19 18:20:29,038 [INFO] ApiDb:669 - CubeFinder database Configuration version=3.0.39
2024-12-19 18:20:29,039 [INFO] ApiDb:670 - CubeFinder database generation date=2024-11-21 (1732182206)
2024-12-19 18:20:29,039 [INFO] ApiDb:671 - CubeFinder database FW Pack versions=[FP-ATR-ASTRA1_V2.0.0, FP-SNS-FLIGHT1_V5.0.2, FP-SNS-MOTENV1_V5.0.0, FP-SNS-MOTENVWB1_V1.4.0, FP-SNS-SMARTAG2_V1.2.0, FP-SNS-STBOX1_V2.0.0, STM32Cube_FW_C0_V1.3.0, STM32Cube_FW_F4_V1.28.1, STM32Cube_FW_F7_V1.17.2, STM32Cube_FW_G0_V1.6.2, STM32Cube_FW_G4_V1.6.1, STM32Cube_FW_H5_V1.4.0, STM32Cube_FW_H7RS_V1.1.0, STM32Cube_FW_H7_V1.12.0, STM32Cube_FW_L0_V1.12.2, STM32Cube_FW_L4_V1.18.1, STM32Cube_FW_L5_V1.5.1, STM32Cube_FW_N6_V1.0.0, STM32Cube_FW_U0_V1.2.0, STM32Cube_FW_U3_V1.0.0, STM32Cube_FW_U5_V1.7.0, STM32Cube_FW_WB0_V1.1.0, STM32Cube_FW_WBA_V1.5.0, STM32Cube_FW_WB_V1.21.0, STM32Cube_FW_WL3_V1.0.0, STM32Cube_FW_WL_V1.3.0, X-CUBE-ALGOBUILD_V1.4.0, X-CUBE-ALS_V1.0.2, X-CUBE-AZRTOS-F4_V1.1.0, X-CUBE-AZRTOS-F7_V1.1.0, X-CUBE-AZRTOS-G0_V1.1.0, X-CUBE-AZRTOS-G4_V2.0.0, X-CUBE-AZRTOS-H7RS_V1.0.0, X-CUBE-AZRTOS-H7_V3.3.0, X-CUBE-AZRTOS-L4_V2.0.0, X-CUBE-AZRTOS-L5_V2.0.0, X-CUBE-AZRTOS-WB_V2.0.0, X-CUBE-AZRTOS-WL_V2.0.0, X-CUBE-BLE1_V7.0.0, X-CUBE-BLE2_V3.3.0, X-CUBE-BLEMGR_V3.1.0, X-CUBE-EEPRMA1_V5.1.0, X-CUBE-FREERTOS_V1.2.0, X-CUBE-GNSS1_V6.0.0, X-CUBE-MEMS1_V11.0.0, X-CUBE-NFC4_V3.0.0, X-CUBE-NFC7_V1.0.1, X-CUBE-SFXS2LP1_V4.0.0, X-CUBE-SUBG2_V5.0.0, X-CUBE-TOF1_V3.4.2]
2024-12-19 18:20:29,614 [ERROR] DbExamplesSqlite:437 - Missing JSON key: board_cpn
2024-12-19 18:20:29,615 [ERROR] DbExamplesSqlite:437 - Missing JSON key: board_cpn
2024-12-19 18:20:29,615 [ERROR] DbExamplesSqlite:437 - Missing JSON key: board_cpn
2024-12-19 18:20:29,615 [ERROR] DbExamplesSqlite:437 - Missing JSON key: board_cpn
2024-12-19 18:20:29,717 [ERROR] DbExamplesSqlite:437 - Missing JSON key: board_cpn
2024-12-19 18:20:29,718 [ERROR] DbExamplesSqlite:437 - Missing JSON key: board_cpn
2024-12-19 18:20:29,718 [ERROR] DbExamplesSqlite:437 - Missing JSON key: board_cpn
2024-12-19 18:20:29,718 [ERROR] DbExamplesSqlite:437 - Missing JSON key: board_cpn
2024-12-19 18:20:29,718 [ERROR] DbExamplesSqlite:437 - Missing JSON key: board_cpn
2024-12-19 18:20:29,718 [ERROR] DbExamplesSqlite:437 - Missing JSON key: board_cpn
2024-12-19 18:20:29,718 [ERROR] DbExamplesSqlite:437 - Missing JSON key: board_cpn
2024-12-19 18:20:29,719 [ERROR] DbExamplesSqlite:437 - Missing JSON key: board_cpn
2024-12-19 18:20:29,719 [ERROR] DbExamplesSqlite:437 - Missing JSON key: board_cpn
2024-12-19 18:20:29,841 [INFO] DbExamplesSqlite:395 - Ignored 77 examples not supported by CubeIDE
2024-12-19 18:20:29,841 [INFO] DbExamplesSqlite:396 - Found 10474 examples active
2024-12-19 18:20:29,841 [INFO] DbExamplesSqlite:397 - Found 0 examples obsolete
2024-12-19 18:20:29,841 [INFO] DbExamplesSqlite:398 - Found 0 examples under development
2024-12-19 18:20:29,842 [INFO] DbExamplesSqlite:399 - Found 43 examples not building
2024-12-19 18:20:29,844 [INFO] DbExamples:125 - Found 10440 examples
2024-12-19 18:20:29,910 [ERROR] DbExamples:208 - Found 682 examples with invalid data (board or MCU)
2024-12-19 18:20:29,911 [INFO] DbExamples:222 - Found 124 boards with related examples
2024-12-19 18:20:29,911 [INFO] DbExamples:235 - Found 105 MCUs with related examples
2024-12-19 18:20:29,930 [INFO] ApiDb:414 - User favorites file not found: /Users/alessandro.nardinelli/.stm32cubeide/favorites.examples.txt
2024-12-19 18:20:29,931 [INFO] DbExamples:250 - Set 0 / 0 favorites Examples
2024-12-19 18:20:30,274 [INFO] McuFinderGlobals:76 - Set McuFinderConnectedMode to true
2024-12-19 18:20:30,283 [INFO] MultiScanPanel:200 - Auto-refresh data requested => check proxy status ongoing
2024-12-19 18:20:30,284 [INFO] FinderPluginLoader:95 - Searching for filters in installed packs
2024-12-19 18:20:31,648 [INFO] LoadUrlFilesThread:185 - End of LoadServerUrlFiles without Thread
2024-12-19 18:20:31,663 [INFO] DetailPanel:341 - Set advertising image to /Users/alessandro.nardinelli/STM32Cube/Repository//en.prom-stm32n6-mcu-finder.png
2024-12-19 18:21:12,547 [INFO] MultiScanPanel:200 - Auto-refresh data requested => check proxy status ongoing
2024-12-19 18:21:12,800 [INFO] LoadUrlFilesThread:185 - End of LoadServerUrlFiles without Thread
2024-12-19 18:21:12,800 [INFO] DetailPanel:341 - Set advertising image to /Users/alessandro.nardinelli/STM32Cube/Repository//en.prom-stm32n6-mcu-finder.png
2024-12-19 18:21:12,826 [INFO] DbBoards:642 - Loading board mini-images...
2024-12-19 18:21:13,597 [ERROR] DbBoards:659 - Image file not found for board NUCLEO-WB05KZ: /Users/alessandro.nardinelli/.stmcufinder/plugins/mcufinder//mcu//boards_images/NUCLEO-WB05KZ.jpg
2024-12-19 18:21:14,485 [INFO] DbBoards:665 - Loaded 200 board mini-images
2024-12-19 18:23:43,969 [INFO] McuFinderGlobals:76 - Set McuFinderConnectedMode to true
2024-12-19 18:23:43,985 [INFO] ApiDb:448 - Save user favorites file /Users/alessandro.nardinelli/.stm32cubeide/favorites.mcus.txt: 0 item(s)
2024-12-19 18:23:43,985 [INFO] ApiDb:452 - User favorites MCUs=[]
2024-12-19 18:23:43,993 [INFO] ApiDb:448 - Save user favorites file /Users/alessandro.nardinelli/.stm32cubeide/favorites.boards.txt: 0 item(s)
2024-12-19 18:23:43,993 [INFO] ApiDb:452 - User favorites Boards=[]
2024-12-19 19:20:15,552 [INFO] WebApp:189 - Connection lost
2024-12-19 19:20:17,342 [INFO] WebApp:186 - Connection restablished
