2025-02-17 08:54:16,947 [INFO] WebApp:190 - Connection lost
2025-02-17 08:54:22,055 [INFO] WebApp:187 - Connection restablished
2025-02-17 10:04:09,714 [INFO] WebApp:190 - Connection lost
2025-02-17 10:40:04,006 [INFO] WebApp:187 - Connection restablished
2025-02-17 10:40:23,799 [INFO] WebApp:190 - Connection lost
2025-02-17 10:40:24,023 [INFO] WebApp:187 - Connection restablished
2025-02-17 14:26:40,675 [INFO] WebApp:190 - Connection lost
2025-02-17 14:26:47,321 [INFO] WebApp:187 - Connection restablished
2025-02-17 14:26:48,483 [INFO] WebApp:190 - Connection lost
2025-02-17 14:26:49,416 [INFO] WebApp:187 - Connection restablished
2025-02-17 16:14:12,779 [INFO] WebApp:190 - Connection lost
2025-02-17 16:14:19,397 [INFO] WebApp:187 - Connection restablished
2025-02-17 16:30:12,091 [INFO] WebApp:190 - Connection lost
2025-02-17 17:06:06,313 [INFO] WebApp:187 - Connection restablished
2025-02-17 17:06:10,030 [INFO] WebApp:190 - Connection lost
2025-02-17 17:06:11,167 [INFO] WebApp:187 - Connection restablished
2025-02-17 19:11:30,683 [INFO] WebApp:190 - Connection lost
2025-02-17 19:11:32,128 [INFO] WebApp:187 - Connection restablished
2025-02-17 19:17:07,078 [INFO] WebApp:190 - Connection lost
2025-02-17 19:17:25,195 [INFO] WebApp:187 - Connection restablished
2025-02-17 19:17:30,516 [INFO] WebApp:190 - Connection lost
2025-02-17 19:17:32,618 [INFO] WebApp:187 - Connection restablished
2025-02-17 19:17:36,933 [INFO] WebApp:190 - Connection lost
2025-02-17 19:17:38,041 [INFO] WebApp:187 - Connection restablished
2025-02-17 19:18:23,861 [INFO] WebApp:190 - Connection lost
2025-02-17 19:18:31,275 [INFO] WebApp:187 - Connection restablished
2025-02-17 19:18:49,128 [INFO] WebApp:190 - Connection lost
2025-02-17 19:18:49,383 [INFO] WebApp:187 - Connection restablished
2025-02-17 19:45:08,769 [INFO] WebApp:190 - Connection lost
2025-02-17 19:45:18,032 [INFO] WebApp:187 - Connection restablished
2025-02-17 19:45:21,918 [INFO] WebApp:190 - Connection lost
2025-02-17 19:45:22,546 [INFO] WebApp:187 - Connection restablished
2025-02-17 19:45:28,940 [INFO] WebApp:190 - Connection lost
2025-02-17 19:45:29,280 [INFO] WebApp:187 - Connection restablished
2025-02-17 20:11:00,357 [INFO] WebApp:190 - Connection lost
2025-02-17 20:11:02,035 [INFO] WebApp:187 - Connection restablished
2025-02-17 20:11:02,307 [INFO] WebApp:190 - Connection lost
2025-02-17 20:11:03,023 [INFO] WebApp:187 - Connection restablished
2025-02-17 20:11:19,143 [INFO] WebApp:190 - Connection lost
2025-02-17 20:11:19,316 [INFO] WebApp:187 - Connection restablished
2025-02-17 21:15:28,377 [INFO] WebApp:190 - Connection lost
2025-02-17 21:15:29,966 [INFO] WebApp:187 - Connection restablished
2025-02-17 21:18:01,361 [INFO] WebApp:190 - Connection lost
2025-02-17 21:18:06,463 [INFO] WebApp:187 - Connection restablished
2025-02-17 21:32:47,754 [INFO] Activator:176 - 


2025-02-17 21:32:47,757 [INFO] Activator:177 - !SESSION log4j initialized
2025-02-17 21:32:56,435 [INFO] LogOutputStream:77 - [STDOUT_REDIRECT] 
2025-02-17 21:32:57,487 [ERROR] LogOutputStream:75 - [STDERR_REDIRECT] 
2025-02-17 21:33:01,125 [INFO] LogOutputStream:77 - [STDOUT_REDIRECT] 
2025-02-17 21:33:02,515 [INFO] ApplicationProperties:184 - Using Application install path: /Applications/STM32CubeIDE.app/Contents/Eclipse/plugins/com.st.stm32cube.common.mx_6.13.0.202411220809
2025-02-17 21:33:02,534 [INFO] DbMcusXml:78 - Set database path to: /Applications/STM32CubeIDE.app/Contents/Eclipse/plugins/com.st.stm32cube.common.mx_6.13.0.202411220809//db//mcu/
2025-02-17 21:33:02,534 [INFO] ApiDb:274 - Set plugin database path to: /Applications/STM32CubeIDE.app/Contents/Eclipse/plugins/com.st.stm32cube.common.mx_6.13.0.202411220809//db//plugins/boardmanager/
2025-02-17 21:33:02,535 [WARN] ApiDb:259 - Overriding images path with different value:  => /Applications/STM32CubeIDE.app/Contents/Eclipse/plugins/com.st.stm32cube.common.mx_6.13.0.202411220809//db//plugins/mcufinder/images/
2025-02-17 21:33:02,544 [INFO] ApiDb:250 - Set database path to: /Users/alessandro.nardinelli/.stmcufinder/plugins/mcufinder//mcu/
2025-02-17 21:33:02,546 [INFO] DbMcusAds:125 - Set database path to: /Users/alessandro.nardinelli/.stmcufinder/plugins/mcufinder//mcu/
2025-02-17 21:33:02,548 [INFO] CrossReferenceDbSqlite:203 - Set database path to: /Users/alessandro.nardinelli/.stmcufinder/plugins/mcufinder//mcu/cs/
2025-02-17 21:33:02,791 [INFO] RulesReader:64 - Compatibility file has been processed (297 Rules)
2025-02-17 21:33:02,918 [INFO] DbMcusXml:78 - Set database path to: /Applications/STM32CubeIDE.app/Contents/Eclipse/plugins/com.st.stm32cube.common.mx_6.13.0.202411220809//db//mcu/
2025-02-17 21:33:02,919 [INFO] ApiDb:274 - Set plugin database path to: /Applications/STM32CubeIDE.app/Contents/Eclipse/plugins/com.st.stm32cube.common.mx_6.13.0.202411220809//db//plugins/boardmanager/
2025-02-17 21:33:02,920 [INFO] ApiDb:261 - Set plugin images path to: /Applications/STM32CubeIDE.app/Contents/Eclipse/plugins/com.st.stm32cube.common.mx_6.13.0.202411220809//db//plugins/mcufinder/images/
2025-02-17 21:33:02,920 [WARN] DbFile:41 - Overriding database path with different value: /Users/alessandro.nardinelli/.stmcufinder/plugins/mcufinder/ => /Users/alessandro.nardinelli/.stmcufinder/plugins/mcufinder
2025-02-17 21:33:02,920 [INFO] ApiDb:250 - Set database path to: /Users/alessandro.nardinelli/.stmcufinder/plugins/mcufinder//mcu/
2025-02-17 21:33:02,920 [WARN] DbFile:41 - Overriding database path with different value: /Users/alessandro.nardinelli/.stmcufinder/plugins/mcufinder/ => /Users/alessandro.nardinelli/.stmcufinder/plugins/mcufinder
2025-02-17 21:33:02,920 [INFO] DbMcusAds:125 - Set database path to: /Users/alessandro.nardinelli/.stmcufinder/plugins/mcufinder//mcu/
2025-02-17 21:33:02,920 [WARN] DbFile:41 - Overriding database path with different value: /Users/alessandro.nardinelli/.stmcufinder/plugins/mcufinder/ => /Users/alessandro.nardinelli/.stmcufinder/plugins/mcufinder
2025-02-17 21:33:02,921 [WARN] DbFile:41 - Overriding database path with different value: /Users/alessandro.nardinelli/.stmcufinder/plugins/mcufinder/ => /Users/alessandro.nardinelli/.stmcufinder/plugins/mcufinder
2025-02-17 21:33:02,921 [INFO] CrossReferenceDbSqlite:203 - Set database path to: /Users/alessandro.nardinelli/.stmcufinder/plugins/mcufinder//mcu/cs/
2025-02-17 21:33:03,023 [INFO] MainPanel:272 - HeapMemory: 277872640
2025-02-17 21:33:03,461 [INFO] DbMcusXml:78 - Set database path to: /Applications/STM32CubeIDE.app/Contents/Eclipse/plugins/com.st.stm32cube.common.mx_6.13.0.202411220809//db//mcu/
2025-02-17 21:33:03,461 [INFO] ApiDb:274 - Set plugin database path to: /Applications/STM32CubeIDE.app/Contents/Eclipse/plugins/com.st.stm32cube.common.mx_6.13.0.202411220809//db//plugins/boardmanager/
2025-02-17 21:33:03,461 [INFO] ApiDb:261 - Set plugin images path to: /Applications/STM32CubeIDE.app/Contents/Eclipse/plugins/com.st.stm32cube.common.mx_6.13.0.202411220809//db//plugins/mcufinder/images/
2025-02-17 21:33:03,462 [WARN] DbFile:41 - Overriding database path with different value: /Users/alessandro.nardinelli/.stmcufinder/plugins/mcufinder/ => /Users/alessandro.nardinelli/.stmcufinder/plugins/mcufinder
2025-02-17 21:33:03,462 [INFO] ApiDb:250 - Set database path to: /Users/alessandro.nardinelli/.stmcufinder/plugins/mcufinder//mcu/
2025-02-17 21:33:03,462 [WARN] DbFile:41 - Overriding database path with different value: /Users/alessandro.nardinelli/.stmcufinder/plugins/mcufinder/ => /Users/alessandro.nardinelli/.stmcufinder/plugins/mcufinder
2025-02-17 21:33:03,462 [INFO] DbMcusAds:125 - Set database path to: /Users/alessandro.nardinelli/.stmcufinder/plugins/mcufinder//mcu/
2025-02-17 21:33:03,462 [WARN] DbFile:41 - Overriding database path with different value: /Users/alessandro.nardinelli/.stmcufinder/plugins/mcufinder/ => /Users/alessandro.nardinelli/.stmcufinder/plugins/mcufinder
2025-02-17 21:33:03,462 [WARN] DbFile:41 - Overriding database path with different value: /Users/alessandro.nardinelli/.stmcufinder/plugins/mcufinder/ => /Users/alessandro.nardinelli/.stmcufinder/plugins/mcufinder
2025-02-17 21:33:03,462 [INFO] CrossReferenceDbSqlite:203 - Set database path to: /Users/alessandro.nardinelli/.stmcufinder/plugins/mcufinder//mcu/cs/
2025-02-17 21:33:03,487 [INFO] ApplicationProperties:184 - Using Application install path: /Applications/STM32CubeIDE.app/Contents/Eclipse/plugins/com.st.stm32cube.common.mx_6.13.0.202411220809
2025-02-17 21:33:03,489 [INFO] PluginManage:196 - Search for loadable plugins [exclusion list=, ]
2025-02-17 21:33:03,491 [INFO] PluginManage:310 - Check plugin analytics
2025-02-17 21:33:03,955 [INFO] AnalyticsPlugin:253 - Accepted Software Licenses: STM32CubeMX.6.13.0
2025-02-17 21:33:03,956 [INFO] AnalyticsPlugin:255 - Accepted CMSIS Pack Licenses: 
2025-02-17 21:33:03,956 [INFO] AnalyticsPlugin:257 - Accepted Firmware Licenses: 
2025-02-17 21:33:03,972 [INFO] PluginManage:359 - Loaded plugin analytics (category:tool,tabindex:-1)
2025-02-17 21:33:03,973 [INFO] PluginManage:310 - Check plugin cadmodel
2025-02-17 21:33:03,993 [INFO] CADModel:105 - Init CAD model plugin
2025-02-17 21:33:03,993 [INFO] PluginManage:359 - Loaded plugin cadmodel (category:power,tabindex:5)
2025-02-17 21:33:03,994 [INFO] PluginManage:310 - Check plugin clock
2025-02-17 21:33:04,009 [INFO] PluginManage:359 - Loaded plugin clock (category:base,tabindex:2)
2025-02-17 21:33:04,009 [INFO] PluginManage:310 - Check plugin ddr
2025-02-17 21:33:04,013 [INFO] PluginManage:359 - Loaded plugin ddr (category:tool,tabindex:6)
2025-02-17 21:33:04,013 [INFO] PluginManage:310 - Check plugin filemanager
2025-02-17 21:33:04,214 [INFO] PluginManage:359 - Loaded plugin filemanager (category:base,tabindex:10)
2025-02-17 21:33:04,215 [INFO] PluginManage:310 - Check plugin ipmanager
2025-02-17 21:33:04,227 [INFO] PluginManage:359 - Loaded plugin ipmanager (category:base,tabindex:5)
2025-02-17 21:33:04,228 [INFO] PluginManage:310 - Check plugin lpbam
2025-02-17 21:33:04,248 [INFO] PluginManage:359 - Loaded plugin lpbam (category:base,tabindex:0)
2025-02-17 21:33:04,250 [INFO] PluginManage:310 - Check plugin memorymap
2025-02-17 21:33:04,262 [INFO] PluginManage:359 - Loaded plugin memorymap (category:base,tabindex:4)
2025-02-17 21:33:04,262 [INFO] PluginManage:310 - Check plugin pinoutandconfiguration
2025-02-17 21:33:04,279 [INFO] PluginManage:359 - Loaded plugin pinoutandconfiguration (category:base,tabindex:1)
2025-02-17 21:33:04,282 [INFO] PluginManage:310 - Check plugin pinoutconfig
2025-02-17 21:33:04,465 [WARN] SupportedApi:132 - Cannot load RTOS API schema: s4s-elt-must-match.1: The content of 'definitions' must match (annotation?, (simpleType | complexType)?, (unique | key | keyref)*)). A problem was found starting at: attribute.
2025-02-17 21:33:04,537 [ERROR] LogOutputStream:75 - [STDERR_REDIRECT] [Fatal Error] :2:10: DOCTYPE is disallowed when the feature "http://apache.org/xml/features/disallow-doctype-decl" set to true.
2025-02-17 21:33:04,541 [ERROR] LogOutputStream:75 - [STDERR_REDIRECT] 
2025-02-17 21:33:04,680 [INFO] PluginManage:359 - Loaded plugin pinoutconfig (category:base,tabindex:0)
2025-02-17 21:33:04,680 [INFO] PluginManage:310 - Check plugin power
2025-02-17 21:33:04,698 [INFO] PluginManage:359 - Loaded plugin power (category:power,tabindex:4)
2025-02-17 21:33:04,698 [INFO] PluginManage:310 - Check plugin projectmanager
2025-02-17 21:33:04,732 [INFO] PluginManage:359 - Loaded plugin projectmanager (category:projectmanager,tabindex:4)
2025-02-17 21:33:04,732 [INFO] PluginManage:310 - Check plugin rif
2025-02-17 21:33:04,740 [INFO] PluginManage:359 - Loaded plugin rif (category:base,tabindex:3)
2025-02-17 21:33:04,741 [INFO] PluginManage:310 - Check plugin thirdparty
2025-02-17 21:33:04,942 [INFO] PluginManage:359 - Loaded plugin thirdparty (category:base,tabindex:-1)
2025-02-17 21:33:04,942 [INFO] PluginManage:310 - Check plugin tools
2025-02-17 21:33:04,942 [WARN] IntegrityCheckThread:84 - waiting for thirdparty lock release [integrity check]
2025-02-17 21:33:04,944 [INFO] IntegrityCheckThread:86 - entering critical section [integrity check]
2025-02-17 21:33:04,945 [INFO] ThirdPartyUpdaterWithRetryManager:70 - Updater plugin not ready yet. [1/15]
2025-02-17 21:33:04,946 [INFO] PluginManage:359 - Loaded plugin tools (category:base,tabindex:7)
2025-02-17 21:33:04,946 [INFO] PluginManage:310 - Check plugin tutovideos
2025-02-17 21:33:05,133 [INFO] PluginManage:359 - Loaded plugin tutovideos (category:base,tabindex:-1)
2025-02-17 21:33:05,135 [INFO] PluginManage:310 - Check plugin updater
2025-02-17 21:33:05,168 [INFO] PluginManage:359 - Loaded plugin updater (category:base,tabindex:12)
2025-02-17 21:33:05,168 [INFO] PluginManage:310 - Check plugin userauth
2025-02-17 21:33:05,176 [INFO] UserAuth:118 - Init User Auth plugin
2025-02-17 21:33:05,178 [INFO] PluginManage:359 - Loaded plugin userauth (category:base,tabindex:14)
2025-02-17 21:33:05,179 [INFO] PluginManage:283 - PluginManage : Loaded plugins [18]
2025-02-17 21:33:05,453 [INFO] PinOutPanel:1589 - setPackage(No Configuration,No Configuration)
2025-02-17 21:33:05,552 [INFO] CADModel:165 - CPN selected for project level
2025-02-17 21:33:05,552 [INFO] CADModel:114 - Register for checkConnection events
2025-02-17 21:33:05,566 [INFO] IPUIPlugin:80 - create IPUIPlugin
2025-02-17 21:33:05,567 [INFO] PluginManager:220 - loadIPPluginJar : add mdma
2025-02-17 21:33:05,574 [INFO] IPUIPlugin:80 - create IPUIPlugin
2025-02-17 21:33:05,574 [INFO] PluginManager:220 - loadIPPluginJar : add freertos
2025-02-17 21:33:05,578 [INFO] IPUIPlugin:80 - create IPUIPlugin
2025-02-17 21:33:05,578 [INFO] PluginManager:220 - loadIPPluginJar : add gic
2025-02-17 21:33:05,587 [INFO] IPUIPlugin:80 - create IPUIPlugin
2025-02-17 21:33:05,588 [INFO] PluginManager:220 - loadIPPluginJar : add adc
2025-02-17 21:33:05,590 [INFO] IPUIPlugin:80 - create IPUIPlugin
2025-02-17 21:33:05,590 [INFO] PluginManager:220 - loadIPPluginJar : add gtzc
2025-02-17 21:33:05,591 [INFO] IPUIPlugin:80 - create IPUIPlugin
2025-02-17 21:33:05,591 [INFO] PluginManager:220 - loadIPPluginJar : add quadspi
2025-02-17 21:33:05,593 [INFO] IPUIPlugin:80 - create IPUIPlugin
2025-02-17 21:33:05,593 [INFO] PluginManager:220 - loadIPPluginJar : add aes
2025-02-17 21:33:05,595 [INFO] IPUIPlugin:80 - create IPUIPlugin
2025-02-17 21:33:05,595 [INFO] PluginManager:220 - loadIPPluginJar : add pdm2pcm
2025-02-17 21:33:05,596 [INFO] IPUIPlugin:80 - create IPUIPlugin
2025-02-17 21:33:05,597 [INFO] PluginManager:220 - loadIPPluginJar : add hash
2025-02-17 21:33:05,598 [INFO] IPUIPlugin:80 - create IPUIPlugin
2025-02-17 21:33:05,598 [INFO] PluginManager:220 - loadIPPluginJar : add tim
2025-02-17 21:33:05,599 [INFO] IPUIPlugin:80 - create IPUIPlugin
2025-02-17 21:33:05,599 [INFO] PluginManager:220 - loadIPPluginJar : add tsc
2025-02-17 21:33:05,602 [INFO] IPUIPlugin:80 - create IPUIPlugin
2025-02-17 21:33:05,602 [INFO] PluginManager:220 - loadIPPluginJar : add extmemmanager
2025-02-17 21:33:05,604 [INFO] IPUIPlugin:80 - create IPUIPlugin
2025-02-17 21:33:05,604 [INFO] PluginManager:220 - loadIPPluginJar : add ts
2025-02-17 21:33:05,605 [INFO] IPUIPlugin:80 - create IPUIPlugin
2025-02-17 21:33:05,605 [INFO] PluginManager:220 - loadIPPluginJar : add radio
2025-02-17 21:33:05,607 [INFO] IPUIPlugin:80 - create IPUIPlugin
2025-02-17 21:33:05,607 [INFO] PluginManager:220 - loadIPPluginJar : add can
2025-02-17 21:33:05,609 [INFO] IPUIPlugin:80 - create IPUIPlugin
2025-02-17 21:33:05,609 [INFO] PluginManager:220 - loadIPPluginJar : add dma3
2025-02-17 21:33:05,611 [INFO] IPUIPlugin:80 - create IPUIPlugin
2025-02-17 21:33:05,611 [INFO] PluginManager:220 - loadIPPluginJar : add dfsdm
2025-02-17 21:33:05,613 [INFO] IPUIPlugin:80 - create IPUIPlugin
2025-02-17 21:33:05,613 [INFO] PluginManager:220 - loadIPPluginJar : add spi
2025-02-17 21:33:05,616 [INFO] IPUIPlugin:80 - create IPUIPlugin
2025-02-17 21:33:05,616 [INFO] PluginManager:220 - loadIPPluginJar : add gfxmmu
2025-02-17 21:33:05,618 [INFO] IPUIPlugin:80 - create IPUIPlugin
2025-02-17 21:33:05,618 [INFO] PluginManager:220 - loadIPPluginJar : add genericplugin
2025-02-17 21:33:05,621 [INFO] IPUIPlugin:80 - create IPUIPlugin
2025-02-17 21:33:05,622 [INFO] PluginManager:220 - loadIPPluginJar : add cryp
2025-02-17 21:33:05,626 [INFO] IPUIPlugin:80 - create IPUIPlugin
2025-02-17 21:33:05,627 [INFO] PluginManager:220 - loadIPPluginJar : add gpio
2025-02-17 21:33:05,629 [INFO] IPUIPlugin:80 - create IPUIPlugin
2025-02-17 21:33:05,630 [INFO] PluginManager:220 - loadIPPluginJar : add ddr_ctrl_phy
2025-02-17 21:33:05,632 [INFO] IPUIPlugin:80 - create IPUIPlugin
2025-02-17 21:33:05,632 [INFO] PluginManager:220 - loadIPPluginJar : add comp
2025-02-17 21:33:05,635 [INFO] IPUIPlugin:80 - create IPUIPlugin
2025-02-17 21:33:05,636 [INFO] PluginManager:220 - loadIPPluginJar : add tracer_emb
2025-02-17 21:33:05,639 [INFO] IPUIPlugin:80 - create IPUIPlugin
2025-02-17 21:33:05,639 [INFO] PluginManager:220 - loadIPPluginJar : add openamp
2025-02-17 21:33:05,643 [INFO] IPUIPlugin:80 - create IPUIPlugin
2025-02-17 21:33:05,643 [INFO] PluginManager:220 - loadIPPluginJar : add stm32_wpan
2025-02-17 21:33:05,648 [INFO] IPUIPlugin:80 - create IPUIPlugin
2025-02-17 21:33:05,650 [INFO] PluginManager:220 - loadIPPluginJar : add plateformsettings
2025-02-17 21:33:05,655 [INFO] IPUIPlugin:80 - create IPUIPlugin
2025-02-17 21:33:05,655 [INFO] PluginManager:220 - loadIPPluginJar : add ipddr
2025-02-17 21:33:05,658 [INFO] IPUIPlugin:80 - create IPUIPlugin
2025-02-17 21:33:05,658 [INFO] PluginManager:220 - loadIPPluginJar : add usart
2025-02-17 21:33:05,659 [INFO] IPUIPlugin:80 - create IPUIPlugin
2025-02-17 21:33:05,659 [INFO] PluginManager:220 - loadIPPluginJar : add ltdc
2025-02-17 21:33:05,662 [INFO] IPUIPlugin:80 - create IPUIPlugin
2025-02-17 21:33:05,662 [INFO] PluginManager:220 - loadIPPluginJar : add nvic
2025-02-17 21:33:05,663 [INFO] IPUIPlugin:80 - create IPUIPlugin
2025-02-17 21:33:05,663 [INFO] PluginManager:220 - loadIPPluginJar : add fatfs
2025-02-17 21:33:05,669 [INFO] IPUIPlugin:80 - create IPUIPlugin
2025-02-17 21:33:05,669 [INFO] PluginManager:220 - loadIPPluginJar : add linkedlist
2025-02-17 21:33:05,673 [INFO] IPUIPlugin:80 - create IPUIPlugin
2025-02-17 21:33:05,673 [INFO] PluginManager:220 - loadIPPluginJar : add dma
2025-02-17 21:33:05,679 [INFO] IPUIPlugin:80 - create IPUIPlugin
2025-02-17 21:33:05,679 [INFO] PluginManager:220 - loadIPPluginJar : add fmc
2025-02-17 21:33:05,680 [INFO] IPUIPlugin:80 - create IPUIPlugin
2025-02-17 21:33:05,681 [INFO] PluginManager:220 - loadIPPluginJar : add i2s
2025-02-17 21:33:05,682 [INFO] IPUIPlugin:80 - create IPUIPlugin
2025-02-17 21:33:05,682 [INFO] PluginManager:220 - loadIPPluginJar : add ucpd
2025-02-17 21:33:05,683 [INFO] IPUIPlugin:80 - create IPUIPlugin
2025-02-17 21:33:05,684 [INFO] PluginManager:220 - loadIPPluginJar : add lorawan
2025-02-17 21:33:05,686 [INFO] IPUIPlugin:80 - create IPUIPlugin
2025-02-17 21:33:05,687 [INFO] PluginManager:220 - loadIPPluginJar : add opamp
2025-02-17 21:33:05,688 [INFO] IPUIPlugin:80 - create IPUIPlugin
2025-02-17 21:33:05,688 [INFO] PluginManager:220 - loadIPPluginJar : add i3c
2025-02-17 21:33:05,690 [INFO] IPUIPlugin:80 - create IPUIPlugin
2025-02-17 21:33:05,691 [INFO] PluginManager:220 - loadIPPluginJar : add touchsensing
2025-02-17 21:33:05,692 [INFO] IPUIPlugin:80 - create IPUIPlugin
2025-02-17 21:33:05,692 [INFO] PluginManager:220 - loadIPPluginJar : add i2c
2025-02-17 21:33:05,694 [INFO] IPUIPlugin:80 - create IPUIPlugin
2025-02-17 21:33:05,694 [INFO] PluginManager:220 - loadIPPluginJar : add resmgrutility
2025-02-17 21:33:05,696 [INFO] IPUIPlugin:80 - create IPUIPlugin
2025-02-17 21:33:05,696 [INFO] PluginManager:220 - loadIPPluginJar : add sai
2025-02-17 21:33:05,698 [INFO] IPUIPlugin:80 - create IPUIPlugin
2025-02-17 21:33:05,698 [INFO] PluginManager:220 - loadIPPluginJar : add usbx
2025-02-17 21:33:05,823 [FATAL] Updater:351 - Updater called before beeing initialized
2025-02-17 21:33:05,877 [INFO] RulesReader:64 - Compatibility file has been processed (297 Rules)
2025-02-17 21:33:05,941 [INFO] RulesReader:64 - Compatibility file has been processed (297 Rules)
2025-02-17 21:33:05,955 [INFO] CADModel:165 - CPN selected for project level
2025-02-17 21:33:05,955 [INFO] CADModel:114 - Register for checkConnection events
2025-02-17 21:33:05,955 [FATAL] Updater:351 - Updater called before beeing initialized
2025-02-17 21:33:05,955 [ERROR] CADModel:125 - Updater not yet initialized, retry later 
2025-02-17 21:33:06,472 [FATAL] Updater:351 - Updater called before beeing initialized
2025-02-17 21:33:06,482 [INFO] CADModel:165 - CPN selected for project level
2025-02-17 21:33:06,484 [INFO] CADModel:114 - Register for checkConnection events
2025-02-17 21:33:06,484 [FATAL] Updater:351 - Updater called before beeing initialized
2025-02-17 21:33:06,484 [ERROR] CADModel:125 - Updater not yet initialized, retry later 
2025-02-17 21:33:06,489 [FATAL] Updater:351 - Updater called before beeing initialized
2025-02-17 21:33:06,772 [FATAL] Updater:351 - Updater called before beeing initialized
2025-02-17 21:33:06,786 [INFO] DbMcusAds:53 - JSON generation date=Tue Dec 17 13:01:15 BRT 2024 (1734451275111)
2025-02-17 21:33:06,787 [FATAL] Updater:351 - Updater called before beeing initialized
2025-02-17 21:33:06,866 [WARN] DetailPanel:346 - Failed to get advertising image, set to default
2025-02-17 21:33:07,084 [FATAL] Updater:351 - Updater called before beeing initialized
2025-02-17 21:33:07,087 [FATAL] Updater:351 - Updater called before beeing initialized
2025-02-17 21:33:07,087 [FATAL] Updater:351 - Updater called before beeing initialized
2025-02-17 21:33:07,087 [WARN] DetailPanel:346 - Failed to get advertising image, set to default
2025-02-17 21:33:07,088 [FATAL] Updater:351 - Updater called before beeing initialized
2025-02-17 21:33:07,177 [ERROR] Updater:1198 - MainUpdater not yet initialized. External WinMGr cannot be set.
2025-02-17 21:33:07,191 [INFO] Updater:1134 - Updater Version found : 6.13.0
2025-02-17 21:33:07,208 [INFO] ApplicationProperties:184 - Using Application install path: /Applications/STM32CubeIDE.app/Contents/Eclipse/plugins/com.st.stm32cube.common.mx_6.13.0.202411220809
2025-02-17 21:33:07,665 [INFO] MainUpdater:2872 - connection check result : 10
2025-02-17 21:33:07,665 [INFO] MainUpdater:3566 - Updater definition file requires update
2025-02-17 21:33:07,666 [INFO] MainUpdater:289 - Updater Check For Update Now.
2025-02-17 21:33:07,666 [INFO] MicroXplorer:498 - Change Database Version : DB.6.0.130
2025-02-17 21:33:07,674 [INFO] McuFinderGlobals:63 - Set McuFinder mode to 2 (CubeIDE integrated)
2025-02-17 21:33:07,676 [INFO] UserAuth:486 - Internet connection configuration mode: 1
2025-02-17 21:33:07,689 [INFO] JxBrowserEngine:152 - Initiate JxBrowser Engine with user profile folder
2025-02-17 21:33:07,802 [INFO] ServerAccessManage:473 - Download File updaters.zip
2025-02-17 21:33:07,909 [INFO] FileExtend:240 - Unzip File : updaters.zip
2025-02-17 21:33:07,909 [INFO] FileExtend:255 - Standard Zip Deflate
2025-02-17 21:33:07,951 [WARN] MainUpdater:1193 - Updater busy. Cannot search thirdparties
2025-02-17 21:33:07,952 [INFO] ThirdPartyUpdaterWithRetryManager:96 - Updater plugin is busy. [1/15]
2025-02-17 21:33:09,021 [INFO] ServerAccessManage:473 - Download File PacksControlFlags.xml
2025-02-17 21:33:09,954 [INFO] ServerAccessManage:473 - Download File cubemx.pidx
2025-02-17 21:33:10,147 [INFO] LoadServerUpdatesThread:375 - End of LoadServerUpdate Thread
2025-02-17 21:33:10,353 [INFO] CheckServerUpdateThread:120 - End of CheckServer Thread
2025-02-17 21:33:11,175 [WARN] PackLoader:240 - Cannot read IP mode file for STMicroelectronics.FP-SNS-MOTENVWB1.1.4.0
2025-02-17 21:33:11,197 [WARN] PackLoader:240 - Cannot read IP mode file for STMicroelectronics.FP-ATR-ASTRA1.2.0.1
2025-02-17 21:33:11,213 [WARN] PackLoader:240 - Cannot read IP mode file for STMicroelectronics.X-CUBE-SMBUS.2.1.0
2025-02-17 21:33:11,226 [WARN] PackLoader:240 - Cannot read IP mode file for STMicroelectronics.X-CUBE-WB05N.1.1.0
2025-02-17 21:33:11,299 [WARN] PackLoader:240 - Cannot read IP mode file for STMicroelectronics.X-CUBE-AZRTOS-F7.1.1.0
2025-02-17 21:33:11,468 [WARN] PackLoader:240 - Cannot read IP mode file for STMicroelectronics.X-CUBE-MEMS1.11.0.0
2025-02-17 21:33:11,698 [WARN] PackLoader:240 - Cannot read IP mode file for STMicroelectronics.FP-SNS-FLIGHT1.5.0.2
2025-02-17 21:33:11,743 [WARN] PackLoader:240 - Cannot read IP mode file for STMicroelectronics.X-CUBE-DISPLAY.3.0.0
2025-02-17 21:33:11,782 [WARN] PackLoader:240 - Cannot read IP mode file for STMicroelectronics.X-CUBE-BLE1.7.0.0
2025-02-17 21:33:11,813 [WARN] PackLoader:240 - Cannot read IP mode file for STMicroelectronics.X-CUBE-NFC10.1.0.0
2025-02-17 21:33:11,850 [WARN] PackLoader:240 - Cannot read IP mode file for STMicroelectronics.X-CUBE-BLEMGR.4.0.0
2025-02-17 21:33:11,876 [WARN] PackLoader:240 - Cannot read IP mode file for emotas.I-CUBE-CANOPEN.1.3.0
2025-02-17 21:33:11,897 [WARN] PackLoader:240 - Cannot read IP mode file for STMicroelectronics.X-CUBE-BLEMGR.3.1.0
2025-02-17 21:33:11,908 [WARN] PackLoader:240 - Cannot read IP mode file for STMicroelectronics.X-CUBE-AI.10.0.0
2025-02-17 21:33:11,920 [WARN] PackLoader:240 - Cannot read IP mode file for STMicroelectronics.FP-SNS-SMARTAG2.1.2.0
2025-02-17 21:33:12,020 [WARN] PackLoader:240 - Cannot read IP mode file for STMicroelectronics.X-CUBE-MEMS1.11.1.0
2025-02-17 21:33:12,143 [INFO] LogOutputStream:77 - [STDOUT_REDIRECT] 1 : Invalid condition id : UX_CORESTACK_Condition cause : null
2025-02-17 21:33:12,146 [INFO] LogOutputStream:77 - [STDOUT_REDIRECT] 1 : Invalid condition id : UX_CORESTACK_Condition cause : null
2025-02-17 21:33:12,149 [INFO] LogOutputStream:77 - [STDOUT_REDIRECT] 1 : Invalid condition id : UX_CORESTACK_Condition cause : null
2025-02-17 21:33:12,152 [INFO] LogOutputStream:77 - [STDOUT_REDIRECT] 1 : Invalid condition id : UX_CORESTACK_Condition cause : null
2025-02-17 21:33:12,153 [INFO] LogOutputStream:77 - [STDOUT_REDIRECT] 1 : Invalid condition id : UX_CORESTACK_Condition cause : null
2025-02-17 21:33:12,163 [WARN] PackLoader:240 - Cannot read IP mode file for STMicroelectronics.X-CUBE-AZRTOS-WL.2.0.0
2025-02-17 21:33:12,174 [WARN] PackLoader:240 - Cannot read IP mode file for STMicroelectronics.FP-SNS-MOTENV1.5.0.0
2025-02-17 21:33:12,180 [WARN] PackLoader:240 - Cannot read IP mode file for wolfSSL.I-CUBE-wolfMQTT.1.19.0
2025-02-17 21:33:12,193 [WARN] PackLoader:240 - Cannot read IP mode file for WES.I-CUBE-Cesium.1.3.0
2025-02-17 21:33:12,201 [WARN] PackLoader:240 - Cannot read IP mode file for STMicroelectronics.X-CUBE-BLE2.3.3.0
2025-02-17 21:33:12,210 [WARN] PackLoader:240 - Cannot read IP mode file for STMicroelectronics.X-CUBE-NFC9.1.0.0
2025-02-17 21:33:12,219 [WARN] PackLoader:240 - Cannot read IP mode file for STMicroelectronics.X-CUBE-TCPP.4.1.0
2025-02-17 21:33:12,247 [WARN] PackLoader:240 - Cannot read IP mode file for STMicroelectronics.X-CUBE-AZRTOS-G0.1.1.0
2025-02-17 21:33:12,265 [WARN] PackLoader:240 - Cannot read IP mode file for STMicroelectronics.X-CUBE-SAFEA1.1.2.2
2025-02-17 21:33:12,275 [WARN] PackLoader:240 - Cannot read IP mode file for STMicroelectronics.X-CUBE-NFC4.3.0.0
2025-02-17 21:33:12,293 [WARN] PackLoader:240 - Cannot read IP mode file for EmbeddedOffice.I-CUBE-FS-RTOS.1.0.1
2025-02-17 21:33:12,304 [WARN] PackLoader:240 - Cannot read IP mode file for STMicroelectronics.X-CUBE-TCPP.4.2.0
2025-02-17 21:33:12,321 [WARN] PackLoader:240 - Cannot read IP mode file for RealThread.X-CUBE-RT-Thread_Nano.4.1.1
2025-02-17 21:33:12,327 [WARN] PackLoader:240 - Cannot read IP mode file for STMicroelectronics.FP-ATR-SIGFOX1.3.2.0
2025-02-17 21:33:12,332 [WARN] ConditionMgr:438 - getConditionDescription Invalid condition id : Cortex-A Device cause : null
2025-02-17 21:33:12,367 [WARN] ConditionMgr:1044 - genDependencies : Invalid condition id : Cortex-A Device cause : null
2025-02-17 21:33:12,367 [WARN] ConditionMgr:1044 - genDependencies : Invalid condition id : Cortex-A Device cause : null
2025-02-17 21:33:12,368 [WARN] ConditionMgr:1044 - genDependencies : Invalid condition id : Cortex-A Device cause : null
2025-02-17 21:33:12,377 [WARN] PackLoader:240 - Cannot read IP mode file for STMicroelectronics.X-CUBE-EEPRMA1.5.1.0
2025-02-17 21:33:12,382 [WARN] PackLoader:240 - Cannot read IP mode file for wolfSSL.I-CUBE-wolfSSL.5.7.4
2025-02-17 21:33:12,388 [WARN] PackLoader:240 - Cannot read IP mode file for ITTIA_DB.I-CUBE-ITTIADB.8.9.0
2025-02-17 21:33:12,441 [WARN] PackLoader:240 - Cannot read IP mode file for SEGGER.I-CUBE-embOS.1.3.1
2025-02-17 21:33:12,498 [WARN] PackLoader:240 - Cannot read IP mode file for STMicroelectronics.X-CUBE-ALGOBUILD.1.4.0
2025-02-17 21:33:12,505 [WARN] PackLoader:240 - Cannot read IP mode file for STMicroelectronics.X-CUBE-AI.9.1.0
2025-02-17 21:33:12,543 [WARN] PackLoader:240 - Cannot read IP mode file for STMicroelectronics.X-CUBE-AZRTOS-F4.1.1.0
2025-02-17 21:33:12,564 [WARN] PackLoader:240 - Cannot read IP mode file for STMicroelectronics.X-CUBE-ISPU.2.1.0
2025-02-17 21:33:13,112 [WARN] PackLoader:240 - Cannot read IP mode file for STMicroelectronics.X-CUBE-FREERTOS.1.2.0
2025-02-17 21:33:13,244 [WARN] PackLoader:240 - Cannot read IP mode file for STMicroelectronics.X-CUBE-AZRTOS-L5.2.0.0
2025-02-17 21:33:13,299 [WARN] PackLoader:240 - Cannot read IP mode file for STMicroelectronics.X-CUBE-NFC6.3.1.0
2025-02-17 21:33:13,364 [WARN] PackLoader:240 - Cannot read IP mode file for STMicroelectronics.X-CUBE-DPower.1.2.0
2025-02-17 21:33:13,374 [WARN] PackLoader:240 - Cannot read IP mode file for STMicroelectronics.X-CUBE-FREERTOS.1.3.0
2025-02-17 21:33:13,386 [WARN] PackLoader:240 - Cannot read IP mode file for STMicroelectronics.X-CUBE-NFC7.1.0.1
2025-02-17 21:33:13,433 [WARN] ConditionMgr:438 - getConditionDescription Invalid condition id : LAN8742 Phy interface Condition cause : null
2025-02-17 21:33:13,435 [WARN] PackLoader:240 - Cannot read IP mode file for STMicroelectronics.X-CUBE-AZRTOS-L4.2.0.0
2025-02-17 21:33:13,438 [WARN] ConditionMgr:1044 - genDependencies : Invalid condition id : LAN8742 Phy interface Condition cause : null
2025-02-17 21:33:13,439 [WARN] ConditionMgr:1044 - genDependencies : Invalid condition id : LAN8742 Phy interface Condition cause : null
2025-02-17 21:33:13,442 [WARN] ConditionMgr:1044 - genDependencies : Invalid condition id : LAN8742 Phy interface Condition cause : null
2025-02-17 21:33:13,915 [WARN] PackLoader:240 - Cannot read IP mode file for STMicroelectronics.X-CUBE-SFXS2LP1.4.0.0
2025-02-17 21:33:14,107 [WARN] PackLoader:240 - Cannot read IP mode file for STMicroelectronics.X-CUBE-AZRTOS-H7.3.3.0
2025-02-17 21:33:14,211 [WARN] PackLoader:240 - Cannot read IP mode file for STMicroelectronics.X-CUBE-IPS.3.0.0
2025-02-17 21:33:14,285 [WARN] ConditionMgr:438 - getConditionDescription Invalid condition id : UX DEVICE CLASS RTOS Condition cause : null
2025-02-17 21:33:14,286 [WARN] ConditionMgr:438 - getConditionDescription Invalid condition id : UX DEVICE CLASS RTOS Condition cause : null
2025-02-17 21:33:14,302 [WARN] PackLoader:240 - Cannot read IP mode file for STMicroelectronics.X-CUBE-AZRTOS-WB.2.0.0
2025-02-17 21:33:14,305 [WARN] ConditionMgr:1044 - genDependencies : Invalid condition id : UX DEVICE CLASS RTOS Condition cause : null
2025-02-17 21:33:14,307 [WARN] ConditionMgr:1044 - genDependencies : Invalid condition id : UX DEVICE CLASS RTOS Condition cause : null
2025-02-17 21:33:14,309 [WARN] ConditionMgr:1044 - genDependencies : Invalid condition id : UX DEVICE CLASS RTOS Condition cause : null
2025-02-17 21:33:14,310 [WARN] ConditionMgr:1044 - genDependencies : Invalid condition id : UX DEVICE CLASS RTOS Condition cause : null
2025-02-17 21:33:14,311 [WARN] ConditionMgr:1044 - genDependencies : Invalid condition id : UX DEVICE CLASS RTOS Condition cause : null
2025-02-17 21:33:14,348 [WARN] PackLoader:240 - Cannot read IP mode file for STMicroelectronics.X-CUBE-GNSS1.7.0.0
2025-02-17 21:33:14,365 [WARN] PackLoader:240 - Cannot read IP mode file for STMicroelectronics.X-CUBE-GNSS1.7.0.1
2025-02-17 21:33:14,379 [WARN] PackLoader:240 - Cannot read IP mode file for STMicroelectronics.FP-SNS-STBOX1.2.0.0
2025-02-17 21:33:14,421 [WARN] PackLoader:240 - Cannot read IP mode file for STMicroelectronics.X-CUBE-SUBG2.5.0.0
2025-02-17 21:33:14,459 [WARN] PackLoader:240 - Cannot read IP mode file for Cesanta.I-CUBE-Mongoose.7.13.0
2025-02-17 21:33:14,495 [WARN] PackLoader:240 - Cannot read IP mode file for STMicroelectronics.X-CUBE-AZRTOS-G4.2.0.0
2025-02-17 21:33:14,507 [INFO] WebApp:168 - Instantiating new browser for Auth
2025-02-17 21:33:14,571 [WARN] PackLoader:240 - Cannot read IP mode file for STMicroelectronics.X-CUBE-IPS.3.1.0
2025-02-17 21:33:14,614 [WARN] PackLoader:240 - Cannot read IP mode file for STMicroelectronics.X-CUBE-ALS.1.0.2
2025-02-17 21:33:14,631 [WARN] PackLoader:240 - Cannot read IP mode file for STMicroelectronics.X-CUBE-TOUCHGFX.4.24.2
2025-02-17 21:33:14,647 [WARN] PackLoader:240 - Cannot read IP mode file for STMicroelectronics.X-CUBE-TOUCHGFX.4.24.1
2025-02-17 21:33:14,658 [WARN] PackLoader:240 - Cannot read IP mode file for wolfSSL.I-CUBE-wolfTPM.3.4.0
2025-02-17 21:33:14,669 [WARN] PackLoader:240 - Cannot read IP mode file for portGmbH.I-Cube-SoM-uGOAL.1.1.0
2025-02-17 21:33:14,732 [WARN] PackLoader:240 - Cannot read IP mode file for STMicroelectronics.X-CUBE-AZRTOS-H7RS.1.0.0
2025-02-17 21:33:14,791 [WARN] PackLoader:240 - Cannot read IP mode file for STMicroelectronics.X-CUBE-TOF1.3.4.2
2025-02-17 21:33:14,905 [WARN] PackLoader:240 - Cannot read IP mode file for Infineon.AIROC-Wi-Fi-Bluetooth-STM32.1.6.1
2025-02-17 21:33:14,923 [WARN] PackLoader:240 - Cannot read IP mode file for wolfSSL.I-CUBE-wolfSSH.1.4.17
2025-02-17 21:33:14,924 [INFO] ThirdParty:978 - Integrity check success = true
2025-02-17 21:33:14,924 [INFO] IntegrityCheckThread:100 - exiting critical section [integrity check]
2025-02-17 21:33:14,924 [INFO] IntegrityCheckThread:103 - End integrity checks thread
2025-02-17 21:33:17,077 [INFO] WebApp:449 - Apply proxy settings
2025-02-17 21:33:17,083 [INFO] WebApp:494 - Chromium authenticates against Manually configured proxy
2025-02-17 21:33:17,123 [INFO] WebApp:502 - Username used for proxy authentication: 
2025-02-17 21:33:17,211 [INFO] WebApp:880 - Register for checkConnection events
2025-02-17 21:33:17,211 [INFO] WebApp:449 - Apply proxy settings
2025-02-17 21:33:17,215 [INFO] WebApp:494 - Chromium authenticates against Manually configured proxy
2025-02-17 21:33:17,217 [INFO] WebApp:502 - Username used for proxy authentication: 
2025-02-17 21:33:17,558 [INFO] WebApp:221 - Starting web application
2025-02-17 21:33:17,559 [INFO] WebApp:579 - Web application path used /Applications/STM32CubeIDE.app/Contents/Eclipse/plugins/com.st.stm32cube.common.mx_6.13.0.202411220809/db/plugins/mcufinder/reactClient1/index.html
2025-02-17 21:33:18,565 [INFO] UserAuth:486 - Internet connection configuration mode: 1
2025-02-17 21:33:19,608 [INFO] WebApp:187 - Connection restablished
2025-02-17 21:33:24,366 [INFO] WebApp:190 - Connection lost
2025-02-17 21:33:25,667 [INFO] WebApp:187 - Connection restablished
2025-02-17 22:31:41,524 [INFO] WebApp:190 - Connection lost
2025-02-17 22:31:47,271 [INFO] WebApp:187 - Connection restablished
